创建时间：2017-03-31 09:47:05
参数：除尘系统耗电率 id:176012 工况id：364456 基准值：0 写入时间：2017-03-31 10:04:52
参数：除尘系统耗电率 id:176012 工况id：364468 基准值：0 写入时间：2017-03-31 10:05:06
参数：除尘系统耗电率 id:176012 工况id：364498 基准值：0 写入时间：2017-03-31 10:05:43
参数：除尘系统耗电率 id:176012 工况id：364508 基准值：0 写入时间：2017-03-31 10:05:56
参数：主汽减温水流量（总） id:358704 工况id：364481 基准值：0 写入时间：2017-03-31 10:21:49
参数：主汽减温水流量（总） id:358704 工况id：364491 基准值：0 写入时间：2017-03-31 10:21:58
参数：主汽减温水流量（总） id:358704 工况id：364500 基准值：0 写入时间：2017-03-31 10:22:07
参数：主汽减温水流量（总） id:358704 工况id：364501 基准值：0 写入时间：2017-03-31 10:22:08
参数：主汽减温水流量（总） id:358704 工况id：364510 基准值：0 写入时间：2017-03-31 10:22:16
参数：主汽减温水流量（总） id:358704 工况id：364511 基准值：0 写入时间：2017-03-31 10:22:18
参数：主汽减温水流量（总） id:358704 工况id：364520 基准值：0 写入时间：2017-03-31 10:22:26
参数：主汽减温水流量（总） id:358704 工况id：364521 基准值：0.00109091872791519 写入时间：2017-03-31 10:22:27
参数：主汽减温水流量（总） id:358704 工况id：364530 基准值：0 写入时间：2017-03-31 10:22:36
参数：主汽减温水流量（总） id:358704 工况id：364531 基准值：0.00154522775226511 写入时间：2017-03-31 10:22:38
参数：主汽减温水流量（总） id:358704 工况id：364540 基准值：0 写入时间：2017-03-31 10:22:46
参数：主汽减温水流量（总） id:358704 工况id：364541 基准值：0 写入时间：2017-03-31 10:22:47
参数：主汽减温水流量（总） id:358704 工况id：364550 基准值：0.0214941758241758 写入时间：2017-03-31 10:22:56
参数：主汽减温水流量（总） id:358704 工况id：364551 基准值：0 写入时间：2017-03-31 10:22:57
参数：主汽减温水流量（总） id:358704 工况id：364560 基准值：0 写入时间：2017-03-31 10:23:06
参数：主汽减温水流量（总） id:358704 工况id：364561 基准值：0 写入时间：2017-03-31 10:23:08
参数：主汽减温水流量（总） id:358704 工况id：364570 基准值：0 写入时间：2017-03-31 10:23:16
参数：主汽减温水流量（总） id:358704 工况id：364571 基准值：0 写入时间：2017-03-31 10:23:17
参数：主汽减温水流量（总） id:358704 工况id：364580 基准值：0 写入时间：2017-03-31 10:23:26
参数：主汽减温水流量（总） id:358704 工况id：364581 基准值：0.0218454680094787 写入时间：2017-03-31 10:23:27
参数：主汽减温水流量（总） id:358704 工况id：364590 基准值：0 写入时间：2017-03-31 10:23:36
参数：主汽减温水流量（总） id:358704 工况id：364591 基准值：0 写入时间：2017-03-31 10:23:37
参数：主汽减温水流量（总） id:358704 工况id：364600 基准值：0 写入时间：2017-03-31 10:23:46
参数：主汽减温水流量（总） id:358704 工况id：364601 基准值：0.0108442145862553 写入时间：2017-03-31 10:23:47
参数：主汽减温水流量（总） id:358704 工况id：364610 基准值：0 写入时间：2017-03-31 10:23:56
参数：主汽减温水流量（总） id:358704 工况id：364611 基准值：0 写入时间：2017-03-31 10:23:57
参数：主汽减温水流量（总） id:358704 工况id：364612 基准值：0 写入时间：2017-03-31 10:23:59
参数：主汽减温水流量（总） id:358704 工况id：364620 基准值：0 写入时间：2017-03-31 10:24:06
参数：主汽减温水流量（总） id:358704 工况id：364621 基准值：0.0107814913448735 写入时间：2017-03-31 10:24:08
参数：主汽减温水流量（总） id:358704 工况id：364622 基准值：0 写入时间：2017-03-31 10:24:09
参数：主汽减温水流量（总） id:358704 工况id：364630 基准值：0 写入时间：2017-03-31 10:24:17
参数：主汽减温水流量（总） id:358704 工况id：364631 基准值：0.0525731970260223 写入时间：2017-03-31 10:24:18
参数：主汽减温水流量（总） id:358704 工况id：364632 基准值：0 写入时间：2017-03-31 10:24:19
参数：主汽减温水流量（总） id:358704 工况id：364640 基准值：0 写入时间：2017-03-31 10:24:27
参数：主汽减温水流量（总） id:358704 工况id：364641 基准值：0 写入时间：2017-03-31 10:24:28
参数：主汽减温水流量（总） id:358704 工况id：364642 基准值：0 写入时间：2017-03-31 10:24:30
参数：主汽减温水流量（总） id:358704 工况id：364650 基准值：0 写入时间：2017-03-31 10:24:37
参数：主汽减温水流量（总） id:358704 工况id：364651 基准值：0 写入时间：2017-03-31 10:24:39
参数：主汽减温水流量（总） id:358704 工况id：364652 基准值：0 写入时间：2017-03-31 10:24:40
参数：主汽减温水流量（总） id:358704 工况id：364660 基准值：0 写入时间：2017-03-31 10:24:47
参数：主汽减温水流量（总） id:358704 工况id：364661 基准值：0.0984831818181818 写入时间：2017-03-31 10:24:49
参数：主汽减温水流量（总） id:358704 工况id：364662 基准值：0 写入时间：2017-03-31 10:24:50
参数：主汽减温水流量（总） id:358704 工况id：364670 基准值：0 写入时间：2017-03-31 10:24:58
参数：主汽减温水流量（总） id:358704 工况id：364671 基准值：0 写入时间：2017-03-31 10:24:59
参数：主汽减温水流量（总） id:358704 工况id：364672 基准值：0 写入时间：2017-03-31 10:25:00
参数：主汽减温水流量（总） id:358704 工况id：364680 基准值：0 写入时间：2017-03-31 10:25:08
参数：主汽减温水流量（总） id:358704 工况id：364681 基准值：0 写入时间：2017-03-31 10:25:09
参数：主汽减温水流量（总） id:358704 工况id：364682 基准值：0 写入时间：2017-03-31 10:25:11
参数：右侧再热减温水流量2 id:358708 工况id：364571 基准值：0 写入时间：2017-03-31 10:32:57
参数：右侧再热减温水流量2 id:358708 工况id：364581 基准值：0 写入时间：2017-03-31 10:33:06
参数：右侧再热减温水流量2 id:358708 工况id：364601 基准值：0 写入时间：2017-03-31 10:33:25
参数：右侧再热减温水流量2 id:358708 工况id：364611 基准值：0 写入时间：2017-03-31 10:33:34
参数：右侧再热减温水流量2 id:358708 工况id：364621 基准值：0 写入时间：2017-03-31 10:33:44
参数：右侧再热减温水流量2 id:358708 工况id：364631 基准值：0 写入时间：2017-03-31 10:33:53
参数：右侧再热减温水流量2 id:358708 工况id：364641 基准值：0 写入时间：2017-03-31 10:34:03
参数：右侧再热减温水流量2 id:358708 工况id：364651 基准值：0 写入时间：2017-03-31 10:34:12
参数：右侧再热减温水流量2 id:358708 工况id：364661 基准值：0 写入时间：2017-03-31 10:34:21
参数：右侧再热减温水流量2 id:358708 工况id：364671 基准值：0 写入时间：2017-03-31 10:34:30
参数：右侧再热减温水流量2 id:358708 工况id：364672 基准值：0 写入时间：2017-03-31 10:34:31
参数：右侧再热减温水流量2 id:358708 工况id：364681 基准值：0 写入时间：2017-03-31 10:34:40
参数：右侧再热减温水流量2 id:358708 工况id：364682 基准值：0 写入时间：2017-03-31 10:34:41
参数：高压缸效率 id:176018 工况id：364438 基准值：88.688 写入时间：2017-03-31 10:57:00
参数：高压缸效率 id:176018 工况id：364439 基准值：85.7928358208955 写入时间：2017-03-31 10:57:02
参数：高压缸效率 id:176018 工况id：364436 基准值：89.0733333333333 写入时间：2017-03-31 10:57:04
参数：高压缸效率 id:176018 工况id：364440 基准值：84.8631609195402 写入时间：2017-03-31 10:57:05
参数：高压缸效率 id:176018 工况id：364441 基准值：85.2596759259258 写入时间：2017-03-31 10:57:07
参数：高压缸效率 id:176018 工况id：364442 基准值：87.4563440860215 写入时间：2017-03-31 10:57:08
参数：高压缸效率 id:176018 工况id：364443 基准值：85.138 写入时间：2017-03-31 10:57:09
参数：高压缸效率 id:176018 工况id：364446 基准值：89.5945454545455 写入时间：2017-03-31 10:57:12
参数：高压缸效率 id:176018 工况id：364448 基准值：86.3622222222222 写入时间：2017-03-31 10:57:14
参数：高压缸效率 id:176018 工况id：364449 基准值：89.3593023255814 写入时间：2017-03-31 10:57:16
参数：高压缸效率 id:176018 工况id：364450 基准值：85.1546511627907 写入时间：2017-03-31 10:57:17
参数：高压缸效率 id:176018 工况id：364451 基准值：85.055303030303 写入时间：2017-03-31 10:57:18
参数：高压缸效率 id:176018 工况id：364452 基准值：86.8507792207792 写入时间：2017-03-31 10:57:20
参数：高压缸效率 id:176018 工况id：364453 基准值：84.5967346938776 写入时间：2017-03-31 10:57:21
参数：高压缸效率 id:176018 工况id：364456 基准值：0 写入时间：2017-03-31 10:57:24
参数：高压缸效率 id:176018 工况id：364458 基准值：87.2266666666667 写入时间：2017-03-31 10:57:26
参数：高压缸效率 id:176018 工况id：364459 基准值：89.8503703703704 写入时间：2017-03-31 10:57:27
参数：高压缸效率 id:176018 工况id：364460 基准值：86.8646085997795 写入时间：2017-03-31 10:57:29
参数：高压缸效率 id:176018 工况id：364461 基准值：85.1859110350727 写入时间：2017-03-31 10:57:30
参数：高压缸效率 id:176018 工况id：364462 基准值：87.9418045112782 写入时间：2017-03-31 10:57:31
参数：高压缸效率 id:176018 工况id：364463 基准值：83.1533766233766 写入时间：2017-03-31 10:57:33
参数：高压缸效率 id:176018 工况id：364466 基准值：89.4735384615384 写入时间：2017-03-31 10:57:36
参数：高压缸效率 id:176018 工况id：364468 基准值：0 写入时间：2017-03-31 10:57:38
参数：高压缸效率 id:176018 工况id：364469 基准值：89.7744004796163 写入时间：2017-03-31 10:57:39
参数：高压缸效率 id:176018 工况id：364470 基准值：88.8617745709827 写入时间：2017-03-31 10:57:41
参数：高压缸效率 id:176018 工况id：364471 基准值：85.5514955577492 写入时间：2017-03-31 10:57:42
参数：高压缸效率 id:176018 工况id：364472 基准值：87.4106860902255 写入时间：2017-03-31 10:57:43
参数：高压缸效率 id:176018 工况id：364473 基准值：87.6110204081633 写入时间：2017-03-31 10:57:45
参数：高压缸效率 id:176018 工况id：364476 基准值：87.8166011787819 写入时间：2017-03-31 10:57:48
参数：高压缸效率 id:176018 工况id：364477 基准值：85.6134895833336 写入时间：2017-03-31 10:57:49
参数：高压缸效率 id:176018 工况id：364478 基准值：85.1284730538923 写入时间：2017-03-31 10:57:50
参数：高压缸效率 id:176018 工况id：364479 基准值：87.9782034632035 写入时间：2017-03-31 10:57:52
参数：高压缸效率 id:176018 工况id：364480 基准值：81.564244117149 写入时间：2017-03-31 10:57:53
参数：高压缸效率 id:176018 工况id：364481 基准值：84.2804911415115 写入时间：2017-03-31 10:57:54
参数：高压缸效率 id:176018 工况id：364482 基准值：87.6793205642553 写入时间：2017-03-31 10:57:56
参数：高压缸效率 id:176018 工况id：364483 基准值：87.6460095011877 写入时间：2017-03-31 10:57:57
参数：高压缸效率 id:176018 工况id：364484 基准值：88.4966666666667 写入时间：2017-03-31 10:57:58
参数：高压缸效率 id:176018 工况id：364486 基准值：87.3334034416826 写入时间：2017-03-31 10:58:00
参数：高压缸效率 id:176018 工况id：364487 基准值：86.3743620689656 写入时间：2017-03-31 10:58:02
参数：高压缸效率 id:176018 工况id：364488 基准值：87.1265680473373 写入时间：2017-03-31 10:58:03
参数：高压缸效率 id:176018 工况id：364489 基准值：86.2611366006257 写入时间：2017-03-31 10:58:04
参数：高压缸效率 id:176018 工况id：364490 基准值：71.9001314158195 写入时间：2017-03-31 10:58:06
参数：高压缸效率 id:176018 工况id：364491 基准值：83.9366595945308 写入时间：2017-03-31 10:58:07
参数：高压缸效率 id:176018 工况id：364492 基准值：86.884433530678 写入时间：2017-03-31 10:58:08
参数：高压缸效率 id:176018 工况id：364493 基准值：87.6322089552238 写入时间：2017-03-31 10:58:10
参数：高压缸效率 id:176018 工况id：364494 基准值：87.621875 写入时间：2017-03-31 10:58:11
参数：高压缸效率 id:176018 工况id：364496 基准值：87.3461845386534 写入时间：2017-03-31 10:58:13
参数：高压缸效率 id:176018 工况id：364497 基准值：88.384483627204 写入时间：2017-03-31 10:58:14
参数：高压缸效率 id:176018 工况id：364498 基准值：86.4611838790932 写入时间：2017-03-31 10:58:16
参数：高压缸效率 id:176018 工况id：364499 基准值：86.9527827897292 写入时间：2017-03-31 10:58:17
参数：高压缸效率 id:176018 工况id：364500 基准值：58.3890052958784 写入时间：2017-03-31 10:58:18
参数：高压缸效率 id:176018 工况id：364501 基准值：84.2643238394259 写入时间：2017-03-31 10:58:20
参数：高压缸效率 id:176018 工况id：364502 基准值：87.2263473227205 写入时间：2017-03-31 10:58:21
参数：高压缸效率 id:176018 工况id：364503 基准值：87.7843697478992 写入时间：2017-03-31 10:58:22
参数：高压缸效率 id:176018 工况id：364504 基准值：85.5833333333333 写入时间：2017-03-31 10:58:23
参数：高压缸效率 id:176018 工况id：364506 基准值：87.4736328125 写入时间：2017-03-31 10:58:26
参数：高压缸效率 id:176018 工况id：364507 基准值：87.5727513227512 写入时间：2017-03-31 10:58:27
参数：高压缸效率 id:176018 工况id：364508 基准值：87.4241025641026 写入时间：2017-03-31 10:58:28
参数：高压缸效率 id:176018 工况id：364509 基准值：85.6069488428748 写入时间：2017-03-31 10:58:30
参数：高压缸效率 id:176018 工况id：364510 基准值：86.608938826467 写入时间：2017-03-31 10:58:31
参数：高压缸效率 id:176018 工况id：364511 基准值：86.4549318869828 写入时间：2017-03-31 10:58:32
参数：高压缸效率 id:176018 工况id：364512 基准值：86.1680534233959 写入时间：2017-03-31 10:58:33
参数：高压缸效率 id:176018 工况id：364513 基准值：88.2171646341464 写入时间：2017-03-31 10:58:35
参数：高压缸效率 id:176018 工况id：364514 基准值：88.0565217391304 写入时间：2017-03-31 10:58:36
参数：高压缸效率 id:176018 工况id：364516 基准值：87.7025215889465 写入时间：2017-03-31 10:58:38
参数：高压缸效率 id:176018 工况id：364517 基准值：86.6774480712165 写入时间：2017-03-31 10:58:40
参数：高压缸效率 id:176018 工况id：364518 基准值：87.0845119305856 写入时间：2017-03-31 10:58:41
参数：高压缸效率 id:176018 工况id：364519 基准值：86.9759609518 写入时间：2017-03-31 10:58:42
参数：高压缸效率 id:176018 工况id：364520 基准值：86.412379182156 写入时间：2017-03-31 10:58:43
参数：高压缸效率 id:176018 工况id：364521 基准值：79.1475587358377 写入时间：2017-03-31 10:58:45
参数：高压缸效率 id:176018 工况id：364522 基准值：85.583937265153 写入时间：2017-03-31 10:58:46
参数：高压缸效率 id:176018 工况id：364523 基准值：87.9029501084599 写入时间：2017-03-31 10:58:47
参数：高压缸效率 id:176018 工况id：364524 基准值：86.5641666666667 写入时间：2017-03-31 10:58:49
参数：高压缸效率 id:176018 工况id：364526 基准值：87.6030485762144 写入时间：2017-03-31 10:58:51
参数：高压缸效率 id:176018 工况id：364527 基准值：85.7447795823666 写入时间：2017-03-31 10:58:52
参数：高压缸效率 id:176018 工况id：364528 基准值：87.609311023622 写入时间：2017-03-31 10:58:53
参数：高压缸效率 id:176018 工况id：364529 基准值：87.1135665076841 写入时间：2017-03-31 10:58:55
参数：高压缸效率 id:176018 工况id：364530 基准值：86.5804215246637 写入时间：2017-03-31 10:58:56
参数：高压缸效率 id:176018 工况id：364531 基准值：80.0913075761388 写入时间：2017-03-31 10:58:57
参数：高压缸效率 id:176018 工况id：364532 基准值：86.6931782500481 写入时间：2017-03-31 10:58:59
参数：高压缸效率 id:176018 工况id：364533 基准值：88.2231106471816 写入时间：2017-03-31 10:59:00
参数：高压缸效率 id:176018 工况id：364534 基准值：91.045 写入时间：2017-03-31 10:59:01
参数：高压缸效率 id:176018 工况id：364536 基准值：87.9202737940025 写入时间：2017-03-31 10:59:04
参数：高压缸效率 id:176018 工况id：364537 基准值：87.3392265193371 写入时间：2017-03-31 10:59:05
参数：高压缸效率 id:176018 工况id：364538 基准值：87.7610583941607 写入时间：2017-03-31 10:59:06
参数：高压缸效率 id:176018 工况id：364539 基准值：87.7404249999998 写入时间：2017-03-31 10:59:07
参数：高压缸效率 id:176018 工况id：364540 基准值：86.796960293627 写入时间：2017-03-31 10:59:09
参数：高压缸效率 id:176018 工况id：364541 基准值：77.3083307633001 写入时间：2017-03-31 10:59:10
参数：高压缸效率 id:176018 工况id：364542 基准值：85.953717948718 写入时间：2017-03-31 10:59:11
参数：高压缸效率 id:176018 工况id：364543 基准值：87.923216374269 写入时间：2017-03-31 10:59:13
参数：高压缸效率 id:176018 工况id：364544 基准值：89.9553333333333 写入时间：2017-03-31 10:59:14
参数：高压缸效率 id:176018 工况id：364546 基准值：87.4822080000001 写入时间：2017-03-31 10:59:16
参数：高压缸效率 id:176018 工况id：364547 基准值：88.2931707317073 写入时间：2017-03-31 10:59:17
参数：高压缸效率 id:176018 工况id：364548 基准值：87.4342204724409 写入时间：2017-03-31 10:59:19
参数：高压缸效率 id:176018 工况id：364549 基准值：85.1909208819714 写入时间：2017-03-31 10:59:20
参数：高压缸效率 id:176018 工况id：364550 基准值：87.8207582089551 写入时间：2017-03-31 10:59:21
参数：高压缸效率 id:176018 工况id：364551 基准值：77.2583924780102 写入时间：2017-03-31 10:59:23
参数：高压缸效率 id:176018 工况id：364552 基准值：86.0911319148937 写入时间：2017-03-31 10:59:24
参数：高压缸效率 id:176018 工况id：364553 基准值：88.9805014749263 写入时间：2017-03-31 10:59:25
参数：高压缸效率 id:176018 工况id：364554 基准值：88.8544230769231 写入时间：2017-03-31 10:59:27
参数：高压缸效率 id:176018 工况id：364556 基准值：87.5126253687316 写入时间：2017-03-31 10:59:29
参数：高压缸效率 id:176018 工况id：364557 基准值：86.5669421487603 写入时间：2017-03-31 10:59:30
参数：高压缸效率 id:176018 工况id：364558 基准值：87.6596783216785 写入时间：2017-03-31 10:59:31
参数：高压缸效率 id:176018 工况id：364559 基准值：85.7104307116105 写入时间：2017-03-31 10:59:33
参数：高压缸效率 id:176018 工况id：364560 基准值：86.5370658372214 写入时间：2017-03-31 10:59:34
参数：高压缸效率 id:176018 工况id：364561 基准值：76.3462091028066 写入时间：2017-03-31 10:59:35
参数：高压缸效率 id:176018 工况id：364562 基准值：84.5015821447436 写入时间：2017-03-31 10:59:37
参数：高压缸效率 id:176018 工况id：364563 基准值：88.589376498801 写入时间：2017-03-31 10:59:38
参数：高压缸效率 id:176018 工况id：364564 基准值：88.9948 写入时间：2017-03-31 10:59:39
参数：高压缸效率 id:176018 工况id：364566 基准值：87.7488122605364 写入时间：2017-03-31 10:59:42
参数：高压缸效率 id:176018 工况id：364567 基准值：86.9143452380953 写入时间：2017-03-31 10:59:43
参数：高压缸效率 id:176018 工况id：364568 基准值：87.6462223247234 写入时间：2017-03-31 10:59:44
参数：高压缸效率 id:176018 工况id：364569 基准值：87.3703097893432 写入时间：2017-03-31 10:59:45
参数：高压缸效率 id:176018 工况id：364570 基准值：86.698551282051 写入时间：2017-03-31 10:59:47
参数：高压缸效率 id:176018 工况id：364571 基准值：80.1966028924374 写入时间：2017-03-31 10:59:48
参数：高压缸效率 id:176018 工况id：364572 基准值：82.358349514563 写入时间：2017-03-31 10:59:49
参数：高压缸效率 id:176018 工况id：364573 基准值：88.1803536977492 写入时间：2017-03-31 10:59:51
参数：高压缸效率 id:176018 工况id：364574 基准值：88.3747619047619 写入时间：2017-03-31 10:59:52
参数：高压缸效率 id:176018 工况id：364576 基准值：88.0041130298272 写入时间：2017-03-31 10:59:54
参数：高压缸效率 id:176018 工况id：364577 基准值：88.1765079365078 写入时间：2017-03-31 10:59:56
参数：高压缸效率 id:176018 工况id：364578 基准值：87.9955847043131 写入时间：2017-03-31 10:59:57
参数：高压缸效率 id:176018 工况id：364579 基准值：87.4757260273971 写入时间：2017-03-31 10:59:58
参数：高压缸效率 id:176018 工况id：364580 基准值：86.8663296024702 写入时间：2017-03-31 11:00:00
参数：高压缸效率 id:176018 工况id：364581 基准值：77.267384751773 写入时间：2017-03-31 11:00:01
参数：高压缸效率 id:176018 工况id：364582 基准值：81.2398264815803 写入时间：2017-03-31 11:00:02
参数：高压缸效率 id:176018 工况id：364583 基准值：86.9088770053475 写入时间：2017-03-31 11:00:03
参数：高压缸效率 id:176018 工况id：364584 基准值：88.0044 写入时间：2017-03-31 11:00:05
参数：高压缸效率 id:176018 工况id：364586 基准值：88.2982450331127 写入时间：2017-03-31 11:00:07
参数：高压缸效率 id:176018 工况id：364587 基准值：87.7850230414747 写入时间：2017-03-31 11:00:08
参数：高压缸效率 id:176018 工况id：364588 基准值：87.9001187824795 写入时间：2017-03-31 11:00:10
参数：高压缸效率 id:176018 工况id：364589 基准值：87.9373901464716 写入时间：2017-03-31 11:00:11
参数：高压缸效率 id:176018 工况id：364590 基准值：67.9186708229427 写入时间：2017-03-31 11:00:12
参数：高压缸效率 id:176018 工况id：364591 基准值：75.2390582161294 写入时间：2017-03-31 11:00:14
参数：高压缸效率 id:176018 工况id：364592 基准值：87.2189905787349 写入时间：2017-03-31 11:00:15
参数：高压缸效率 id:176018 工况id：364593 基准值：88.6948322147651 写入时间：2017-03-31 11:00:16
参数：高压缸效率 id:176018 工况id：364594 基准值：86.95 写入时间：2017-03-31 11:00:18
参数：高压缸效率 id:176018 工况id：364596 基准值：88.3508237232291 写入时间：2017-03-31 11:00:20
参数：高压缸效率 id:176018 工况id：364597 基准值：88.6919195046439 写入时间：2017-03-31 11:00:21
参数：高压缸效率 id:176018 工况id：364598 基准值：88.1783437717465 写入时间：2017-03-31 11:00:22
参数：高压缸效率 id:176018 工况id：364599 基准值：88.4400298380222 写入时间：2017-03-31 11:00:24
参数：高压缸效率 id:176018 工况id：364600 基准值：88.0812482758621 写入时间：2017-03-31 11:00:25
参数：高压缸效率 id:176018 工况id：364601 基准值：87.1191228763334 写入时间：2017-03-31 11:00:26
参数：高压缸效率 id:176018 工况id：364602 基准值：87.3345588652485 写入时间：2017-03-31 11:00:28
参数：高压缸效率 id:176018 工况id：364603 基准值：88.7984444444444 写入时间：2017-03-31 11:00:29
参数：高压缸效率 id:176018 工况id：364604 基准值：87.9869565217391 写入时间：2017-03-31 11:00:30
参数：高压缸效率 id:176018 工况id：364606 基准值：88.4994169416943 写入时间：2017-03-31 11:00:33
参数：高压缸效率 id:176018 工况id：364607 基准值：87.43609375 写入时间：2017-03-31 11:00:34
参数：高压缸效率 id:176018 工况id：364608 基准值：88.4758185966911 写入时间：2017-03-31 11:00:35
参数：高压缸效率 id:176018 工况id：364609 基准值：88.5869147659065 写入时间：2017-03-31 11:00:37
参数：高压缸效率 id:176018 工况id：364610 基准值：87.2611013443643 写入时间：2017-03-31 11:00:38
参数：高压缸效率 id:176018 工况id：364611 基准值：79.2873260572989 写入时间：2017-03-31 11:00:39
参数：高压缸效率 id:176018 工况id：364612 基准值：87.5237122736418 写入时间：2017-03-31 11:00:41
参数：高压缸效率 id:176018 工况id：364613 基准值：88.6312615384615 写入时间：2017-03-31 11:00:42
参数：高压缸效率 id:176018 工况id：364614 基准值：87.7354 写入时间：2017-03-31 11:00:43
参数：高压缸效率 id:176018 工况id：364616 基准值：88.3329704797048 写入时间：2017-03-31 11:00:45
参数：高压缸效率 id:176018 工况id：364617 基准值：87.2504285714285 写入时间：2017-03-31 11:00:47
参数：高压缸效率 id:176018 工况id：364618 基准值：88.4311645746164 写入时间：2017-03-31 11:00:48
参数：高压缸效率 id:176018 工况id：364619 基准值：86.3453064516127 写入时间：2017-03-31 11:00:49
参数：高压缸效率 id:176018 工况id：364620 基准值：87.2882018348623 写入时间：2017-03-31 11:00:51
参数：高压缸效率 id:176018 工况id：364621 基准值：83.3572564789988 写入时间：2017-03-31 11:00:52
参数：高压缸效率 id:176018 工况id：364622 基准值：88.4490277777779 写入时间：2017-03-31 11:00:53
参数：高压缸效率 id:176018 工况id：364623 基准值：87.0346973365618 写入时间：2017-03-31 11:00:55
参数：高压缸效率 id:176018 工况id：364624 基准值：87.7820952380953 写入时间：2017-03-31 11:00:56
参数：高压缸效率 id:176018 工况id：364626 基准值：88.7492128801431 写入时间：2017-03-31 11:00:58
参数：高压缸效率 id:176018 工况id：364627 基准值：87.8193392070485 写入时间：2017-03-31 11:00:59
参数：高压缸效率 id:176018 工况id：364628 基准值：88.9483246073302 写入时间：2017-03-31 11:01:01
参数：高压缸效率 id:176018 工况id：364629 基准值：86.5613498920085 写入时间：2017-03-31 11:01:02
参数：高压缸效率 id:176018 工况id：364630 基准值：87.1815216230646 写入时间：2017-03-31 11:01:03
参数：高压缸效率 id:176018 工况id：364631 基准值：78.6614015572857 写入时间：2017-03-31 11:01:05
参数：高压缸效率 id:176018 工况id：364632 基准值：88.483905429072 写入时间：2017-03-31 11:01:06
参数：高压缸效率 id:176018 工况id：364633 基准值：88.9370786516854 写入时间：2017-03-31 11:01:07
参数：高压缸效率 id:176018 工况id：364634 基准值：88.0576086956522 写入时间：2017-03-31 11:01:08
参数：高压缸效率 id:176018 工况id：364636 基准值：88.5602006172837 写入时间：2017-03-31 11:01:11
参数：高压缸效率 id:176018 工况id：364637 基准值：87.6129467258605 写入时间：2017-03-31 11:01:12
参数：高压缸效率 id:176018 工况id：364638 基准值：89.3653498871331 写入时间：2017-03-31 11:01:13
参数：高压缸效率 id:176018 工况id：364639 基准值：88.7173449131514 写入时间：2017-03-31 11:01:15
参数：高压缸效率 id:176018 工况id：364640 基准值：86.4710548086865 写入时间：2017-03-31 11:01:16
参数：高压缸效率 id:176018 工况id：364641 基准值：72.0455490268087 写入时间：2017-03-31 11:01:17
参数：高压缸效率 id:176018 工况id：364642 基准值：88.6458798999165 写入时间：2017-03-31 11:01:18
参数：高压缸效率 id:176018 工况id：364643 基准值：88.7312462908012 写入时间：2017-03-31 11:01:20
参数：高压缸效率 id:176018 工况id：364644 基准值：87.64 写入时间：2017-03-31 11:01:21
参数：高压缸效率 id:176018 工况id：364646 基准值：88.086090425532 写入时间：2017-03-31 11:01:23
参数：高压缸效率 id:176018 工况id：364647 基准值：88.0318248175181 写入时间：2017-03-31 11:01:24
参数：高压缸效率 id:176018 工况id：364648 基准值：87.2091769911507 写入时间：2017-03-31 11:01:26
参数：高压缸效率 id:176018 工况id：364649 基准值：87.1078546224419 写入时间：2017-03-31 11:01:27
参数：高压缸效率 id:176018 工况id：364650 基准值：86.9173557692308 写入时间：2017-03-31 11:01:28
参数：高压缸效率 id:176018 工况id：364651 基准值：77.0273582943317 写入时间：2017-03-31 11:01:30
参数：高压缸效率 id:176018 工况id：364652 基准值：88.5147392815758 写入时间：2017-03-31 11:01:31
参数：高压缸效率 id:176018 工况id：364653 基准值：89.0105859375001 写入时间：2017-03-31 11:01:32
参数：高压缸效率 id:176018 工况id：364654 基准值：87.045625 写入时间：2017-03-31 11:01:34
参数：高压缸效率 id:176018 工况id：364656 基准值：88.264090909091 写入时间：2017-03-31 11:01:36
参数：高压缸效率 id:176018 工况id：364657 基准值：88.2341008771931 写入时间：2017-03-31 11:01:37
参数：高压缸效率 id:176018 工况id：364658 基准值：90.3833614627285 写入时间：2017-03-31 11:01:38
参数：高压缸效率 id:176018 工况id：364659 基准值：89.1486907020872 写入时间：2017-03-31 11:01:40
参数：高压缸效率 id:176018 工况id：364660 基准值：89.2675238095238 写入时间：2017-03-31 11:01:41
参数：高压缸效率 id:176018 工况id：364661 基准值：88.0194591194967 写入时间：2017-03-31 11:01:42
参数：高压缸效率 id:176018 工况id：364662 基准值：89.4961814744801 写入时间：2017-03-31 11:01:43
参数：高压缸效率 id:176018 工况id：364663 基准值：90.218502994012 写入时间：2017-03-31 11:01:45
参数：高压缸效率 id:176018 工况id：364664 基准值：88.3215151515151 写入时间：2017-03-31 11:01:46
参数：高压缸效率 id:176018 工况id：364666 基准值：89.4193403298352 写入时间：2017-03-31 11:01:48
参数：高压缸效率 id:176018 工况id：364667 基准值：88.6643795620439 写入时间：2017-03-31 11:01:50
参数：高压缸效率 id:176018 工况id：364668 基准值：90.0745534041226 写入时间：2017-03-31 11:01:51
参数：高压缸效率 id:176018 工况id：364669 基准值：89.8664581264484 写入时间：2017-03-31 11:01:52
参数：高压缸效率 id:176018 工况id：364670 基准值：0 写入时间：2017-03-31 11:01:53
参数：高压缸效率 id:176018 工况id：364671 基准值：89.0977600979192 写入时间：2017-03-31 11:01:55
参数：高压缸效率 id:176018 工况id：364672 基准值：90.4140936374549 写入时间：2017-03-31 11:01:56
参数：高压缸效率 id:176018 工况id：364673 基准值：90.2164649681529 写入时间：2017-03-31 11:01:57
参数：高压缸效率 id:176018 工况id：364674 基准值：89.1175342465753 写入时间：2017-03-31 11:01:59
参数：高压缸效率 id:176018 工况id：364676 基准值：88.9863800277393 写入时间：2017-03-31 11:02:01
参数：高压缸效率 id:176018 工况id：364677 基准值：89.436347826087 写入时间：2017-03-31 11:02:02
参数：高压缸效率 id:176018 工况id：364678 基准值：89.3052465331281 写入时间：2017-03-31 11:02:03
参数：高压缸效率 id:176018 工况id：364679 基准值：90.1440915593705 写入时间：2017-03-31 11:02:05
参数：高压缸效率 id:176018 工况id：364680 基准值：88.2926562500001 写入时间：2017-03-31 11:02:06
参数：高压缸效率 id:176018 工况id：364681 基准值：89.2653333333334 写入时间：2017-03-31 11:02:07
参数：高压缸效率 id:176018 工况id：364682 基准值：90.2158904109589 写入时间：2017-03-31 11:02:09
参数：高压缸效率 id:176018 工况id：364683 基准值：89.0894117647059 写入时间：2017-03-31 11:02:10
参数：高压缸效率 id:176018 工况id：364684 基准值：89.3135714285715 写入时间：2017-03-31 11:02:11
参数：中压缸效率 id:176019 工况id：364456 基准值：0 写入时间：2017-03-31 11:02:56
参数：中压缸效率 id:176019 工况id：364468 基准值：0 写入时间：2017-03-31 11:03:10
参数：中压缸效率 id:176019 工况id：364478 基准值：88.554513761468 写入时间：2017-03-31 11:03:22
参数：中压缸效率 id:176019 工况id：364479 基准值：87.0497583892618 写入时间：2017-03-31 11:03:23
参数：中压缸效率 id:176019 工况id：364489 基准值：88.3032896652109 写入时间：2017-03-31 11:03:36
参数：中压缸效率 id:176019 工况id：364498 基准值：88.5591732283462 写入时间：2017-03-31 11:03:47
参数：中压缸效率 id:176019 工况id：364499 基准值：88.2361363636363 写入时间：2017-03-31 11:03:49
参数：中压缸效率 id:176019 工况id：364508 基准值：88.5775285714294 写入时间：2017-03-31 11:04:00
参数：中压缸效率 id:176019 工况id：364509 基准值：88.6170107526883 写入时间：2017-03-31 11:04:02
参数：中压缸效率 id:176019 工况id：364510 基准值：52.2505705853418 写入时间：2017-03-31 11:04:03
参数：中压缸效率 id:176019 工况id：364518 基准值：88.5791746411483 写入时间：2017-03-31 11:04:13
参数：中压缸效率 id:176019 工况id：364519 基准值：88.7886360093533 写入时间：2017-03-31 11:04:15
参数：中压缸效率 id:176019 工况id：364520 基准值：58.1266197183096 写入时间：2017-03-31 11:04:16
参数：中压缸效率 id:176019 工况id：364528 基准值：88.5972676991133 写入时间：2017-03-31 11:04:26
参数：中压缸效率 id:176019 工况id：364529 基准值：89.2089563862928 写入时间：2017-03-31 11:04:28
参数：中压缸效率 id:176019 工况id：364539 基准值：88.6559977324267 写入时间：2017-03-31 11:04:41
参数：中压缸效率