创建时间：2016-11-14 11:05:29
参数：脱硫系统耗电率 id:176063 工况id：364441 设计值：1.46 写入时间：2016-11-14 11:05:29
参数：脱硫系统耗电率 id:176063 工况id：364440 设计值：1.46 写入时间：2016-11-14 11:05:29
参数：脱硫系统耗电率 id:176063 工况id：364442 设计值：1.46 写入时间：2016-11-14 11:05:29
参数：脱硫系统耗电率 id:176063 工况id：364444 设计值：1.46 写入时间：2016-11-14 11:05:29
参数：脱硫系统耗电率 id:176063 工况id：364443 设计值：1.46 写入时间：2016-11-14 11:05:29
参数：脱硫系统耗电率 id:176063 工况id：364438 设计值：1.46 写入时间：2016-11-14 11:05:29
参数：脱硫系统耗电率 id:176063 工况id：364437 设计值：1.46 写入时间：2016-11-14 11:05:29
参数：脱硫系统耗电率 id:176063 工况id：364439 设计值：1.46 写入时间：2016-11-14 11:05:29
参数：脱硫系统耗电率 id:176063 工况id：364436 设计值：1.46 写入时间：2016-11-14 11:05:29
参数：脱硫系统耗电率 id:176063 工况id：364435 设计值：1.46 写入时间：2016-11-14 11:05:29
参数：脱硫系统耗电率 id:176063 工况id：364451 设计值：1.46 写入时间：2016-11-14 11:05:30
参数：脱硫系统耗电率 id:176063 工况id：364450 设计值：1.46 写入时间：2016-11-14 11:05:30
参数：脱硫系统耗电率 id:176063 工况id：364452 设计值：1.46 写入时间：2016-11-14 11:05:30
参数：脱硫系统耗电率 id:176063 工况id：364454 设计值：1.46 写入时间：2016-11-14 11:05:30
参数：脱硫系统耗电率 id:176063 工况id：364453 设计值：1.46 写入时间：2016-11-14 11:05:30
参数：脱硫系统耗电率 id:176063 工况id：364446 设计值：1.46 写入时间：2016-11-14 11:05:30
参数：脱硫系统耗电率 id:176063 工况id：364445 设计值：1.46 写入时间：2016-11-14 11:05:30
参数：脱硫系统耗电率 id:176063 工况id：364447 设计值：1.46 写入时间：2016-11-14 11:05:30
参数：脱硫系统耗电率 id:176063 工况id：364449 设计值：1.46 写入时间：2016-11-14 11:05:30
参数：脱硫系统耗电率 id:176063 工况id：364448 设计值：1.46 写入时间：2016-11-14 11:05:30
参数：脱硫系统耗电率 id:176063 工况id：364461 设计值：1.46 写入时间：2016-11-14 11:05:30
参数：脱硫系统耗电率 id:176063 工况id：364460 设计值：1.46 写入时间：2016-11-14 11:05:30
参数：脱硫系统耗电率 id:176063 工况id：364462 设计值：1.46 写入时间：2016-11-14 11:05:30
参数：脱硫系统耗电率 id:176063 工况id：364464 设计值：1.46 写入时间：2016-11-14 11:05:30
参数：脱硫系统耗电率 id:176063 工况id：364463 设计值：1.46 写入时间：2016-11-14 11:05:30
参数：脱硫系统耗电率 id:176063 工况id：364456 设计值：1.46 写入时间：2016-11-14 11:05:30
参数：脱硫系统耗电率 id:176063 工况id：364455 设计值：1.46 写入时间：2016-11-14 11:05:30
参数：脱硫系统耗电率 id:176063 工况id：364457 设计值：1.46 写入时间：2016-11-14 11:05:30
参数：脱硫系统耗电率 id:176063 工况id：364459 设计值：1.46 写入时间：2016-11-14 11:05:30
参数：脱硫系统耗电率 id:176063 工况id：364458 设计值：1.46 写入时间：2016-11-14 11:05:30
参数：脱硫系统耗电率 id:176063 工况id：364471 设计值：1.46 写入时间：2016-11-14 11:05:30
参数：脱硫系统耗电率 id:176063 工况id：364470 设计值：1.46 写入时间：2016-11-14 11:05:30
参数：脱硫系统耗电率 id:176063 工况id：364472 设计值：1.46 写入时间：2016-11-14 11:05:30
参数：脱硫系统耗电率 id:176063 工况id：364474 设计值：1.46 写入时间：2016-11-14 11:05:30
参数：脱硫系统耗电率 id:176063 工况id：364473 设计值：1.46 写入时间：2016-11-14 11:05:30
参数：脱硫系统耗电率 id:176063 工况id：364466 设计值：1.46 写入时间：2016-11-14 11:05:30
参数：脱硫系统耗电率 id:176063 工况id：364465 设计值：1.46 写入时间：2016-11-14 11:05:30
参数：脱硫系统耗电率 id:176063 工况id：364467 设计值：1.46 写入时间：2016-11-14 11:05:30
参数：脱硫系统耗电率 id:176063 工况id：364469 设计值：1.46 写入时间：2016-11-14 11:05:30
参数：脱硫系统耗电率 id:176063 工况id：364468 设计值：1.46 写入时间：2016-11-14 11:05:30
参数：脱硫系统耗电率 id:176063 工况id：364481 设计值：1.46 写入时间：2016-11-14 11:05:30
参数：脱硫系统耗电率 id:176063 工况id：364480 设计值：1.46 写入时间：2016-11-14 11:05:30
参数：脱硫系统耗电率 id:176063 工况id：364482 设计值：1.46 写入时间：2016-11-14 11:05:30
参数：脱硫系统耗电率 id:176063 工况id：364484 设计值：1.46 写入时间：2016-11-14 11:05:30
参数：脱硫系统耗电率 id:176063 工况id：364483 设计值：1.46 写入时间：2016-11-14 11:05:30
参数：脱硫系统耗电率 id:176063 工况id：364476 设计值：1.46 写入时间：2016-11-14 11:05:30
参数：脱硫系统耗电率 id:176063 工况id：364475 设计值：1.46 写入时间：2016-11-14 11:05:30
参数：脱硫系统耗电率 id:176063 工况id：364477 设计值：1.46 写入时间：2016-11-14 11:05:30
参数：脱硫系统耗电率 id:176063 工况id：364479 设计值：1.46 写入时间：2016-11-14 11:05:30
参数：脱硫系统耗电率 id:176063 工况id：364478 设计值：1.46 写入时间：2016-11-14 11:05:30
参数：脱硫系统耗电率 id:176063 工况id：364491 设计值：1.46 写入时间：2016-11-14 11:05:30
参数：脱硫系统耗电率 id:176063 工况id：364490 设计值：1.46 写入时间：2016-11-14 11:05:30
参数：脱硫系统耗电率 id:176063 工况id：364492 设计值：1.46 写入时间：2016-11-14 11:05:30
参数：脱硫系统耗电率 id:176063 工况id：364494 设计值：1.46 写入时间：2016-11-14 11:05:30
参数：脱硫系统耗电率 id:176063 工况id：364493 设计值：1.46 写入时间：2016-11-14 11:05:31
参数：脱硫系统耗电率 id:176063 工况id：364486 设计值：1.46 写入时间：2016-11-14 11:05:31
参数：脱硫系统耗电率 id:176063 工况id：364485 设计值：1.46 写入时间：2016-11-14 11:05:31
参数：脱硫系统耗电率 id:176063 工况id：364487 设计值：1.46 写入时间：2016-11-14 11:05:31
参数：脱硫系统耗电率 id:176063 工况id：364489 设计值：1.46 写入时间：2016-11-14 11:05:31
参数：脱硫系统耗电率 id:176063 工况id：364488 设计值：1.46 写入时间：2016-11-14 11:05:31
参数：脱硫系统耗电率 id:176063 工况id：364501 设计值：1.46 写入时间：2016-11-14 11:05:31
参数：脱硫系统耗电率 id:176063 工况id：364500 设计值：1.46 写入时间：2016-11-14 11:05:31
参数：脱硫系统耗电率 id:176063 工况id：364502 设计值：1.46 写入时间：2016-11-14 11:05:31
参数：脱硫系统耗电率 id:176063 工况id：364504 设计值：1.46 写入时间：2016-11-14 11:05:31
参数：脱硫系统耗电率 id:176063 工况id：364503 设计值：1.46 写入时间：2016-11-14 11:05:31
参数：脱硫系统耗电率 id:176063 工况id：364496 设计值：1.46 写入时间：2016-11-14 11:05:31
参数：脱硫系统耗电率 id:176063 工况id：364495 设计值：1.46 写入时间：2016-11-14 11:05:31
参数：脱硫系统耗电率 id:176063 工况id：364497 设计值：1.46 写入时间：2016-11-14 11:05:31
参数：脱硫系统耗电率 id:176063 工况id：364499 设计值：1.46 写入时间：2016-11-14 11:05:31
参数：脱硫系统耗电率 id:176063 工况id：364498 设计值：1.46 写入时间：2016-11-14 11:05:31
参数：脱硫系统耗电率 id:176063 工况id：364511 设计值：1.46 写入时间：2016-11-14 11:05:31
参数：脱硫系统耗电率 id:176063 工况id：364510 设计值：1.46 写入时间：2016-11-14 11:05:31
参数：脱硫系统耗电率 id:176063 工况id：364512 设计值：1.46 写入时间：2016-11-14 11:05:31
参数：脱硫系统耗电率 id:176063 工况id：364514 设计值：1.46 写入时间：2016-11-14 11:05:31
参数：脱硫系统耗电率 id:176063 工况id：364513 设计值：1.46 写入时间：2016-11-14 11:05:31
参数：脱硫系统耗电率 id:176063 工况id：364506 设计值：1.46 写入时间：2016-11-14 11:05:31
参数：脱硫系统耗电率 id:176063 工况id：364505 设计值：1.46 写入时间：2016-11-14 11:05:31
参数：脱硫系统耗电率 id:176063 工况id：364507 设计值：1.46 写入时间：2016-11-14 11:05:31
参数：脱硫系统耗电率 id:176063 工况id：364509 设计值：1.46 写入时间：2016-11-14 11:05:31
参数：脱硫系统耗电率 id:176063 工况id：364508 设计值：1.46 写入时间：2016-11-14 11:05:31
参数：脱硫系统耗电率 id:176063 工况id：364521 设计值：1.46 写入时间：2016-11-14 11:05:31
参数：脱硫系统耗电率 id:176063 工况id：364520 设计值：1.46 写入时间：2016-11-14 11:05:31
参数：脱硫系统耗电率 id:176063 工况id：364522 设计值：1.46 写入时间：2016-11-14 11:05:31
参数：脱硫系统耗电率 id:176063 工况id：364524 设计值：1.46 写入时间：2016-11-14 11:05:31
参数：脱硫系统耗电率 id:176063 工况id：364523 设计值：1.46 写入时间：2016-11-14 11:05:31
参数：脱硫系统耗电率 id:176063 工况id：364516 设计值：1.46 写入时间：2016-11-14 11:05:31
参数：脱硫系统耗电率 id:176063 工况id：364515 设计值：1.46 写入时间：2016-11-14 11:05:31
参数：脱硫系统耗电率 id:176063 工况id：364517 设计值：1.46 写入时间：2016-11-14 11:05:31
参数：脱硫系统耗电率 id:176063 工况id：364519 设计值：1.46 写入时间：2016-11-14 11:05:31
参数：脱硫系统耗电率 id:176063 工况id：364518 设计值：1.46 写入时间：2016-11-14 11:05:31
参数：脱硫系统耗电率 id:176063 工况id：364531 设计值：1.46 写入时间：2016-11-14 11:05:31
参数：脱硫系统耗电率 id:176063 工况id：364530 设计值：1.46 写入时间：2016-11-14 11:05:31
参数：脱硫系统耗电率 id:176063 工况id：364532 设计值：1.46 写入时间：2016-11-14 11:05:31
参数：脱硫系统耗电率 id:176063 工况id：364534 设计值：1.46 写入时间：2016-11-14 11:05:31
参数：脱硫系统耗电率 id:176063 工况id：364533 设计值：1.46 写入时间：2016-11-14 11:05:31
参数：脱硫系统耗电率 id:176063 工况id：364526 设计值：1.46 写入时间：2016-11-14 11:05:31
参数：脱硫系统耗电率 id:176063 工况id：364525 设计值：1.46 写入时间：2016-11-14 11:05:31
参数：脱硫系统耗电率 id:176063 工况id：364527 设计值：1.46 写入时间：2016-11-14 11:05:31
参数：脱硫系统耗电率 id:176063 工况id：364529 设计值：1.46 写入时间：2016-11-14 11:05:31
参数：脱硫系统耗电率 id:176063 工况id：364528 设计值：1.46 写入时间：2016-11-14 11:05:31
参数：脱硫系统耗电率 id:176063 工况id：364541 设计值：1.46 写入时间：2016-11-14 11:05:31
参数：脱硫系统耗电率 id:176063 工况id：364540 设计值：1.46 写入时间：2016-11-14 11:05:32
参数：脱硫系统耗电率 id:176063 工况id：364542 设计值：1.46 写入时间：2016-11-14 11:05:32
参数：脱硫系统耗电率 id:176063 工况id：364544 设计值：1.46 写入时间：2016-11-14 11:05:32
参数：脱硫系统耗电率 id:176063 工况id：364543 设计值：1.46 写入时间：2016-11-14 11:05:32
参数：脱硫系统耗电率 id:176063 工况id：364536 设计值：1.46 写入时间：2016-11-14 11:05:32
参数：脱硫系统耗电率 id:176063 工况id：364535 设计值：1.46 写入时间：2016-11-14 11:05:32
参数：脱硫系统耗电率 id:176063 工况id：364537 设计值：1.46 写入时间：2016-11-14 11:05:32
参数：脱硫系统耗电率 id:176063 工况id：364539 设计值：1.46 写入时间：2016-11-14 11:05:32
参数：脱硫系统耗电率 id:176063 工况id：364538 设计值：1.46 写入时间：2016-11-14 11:05:32
参数：脱硫系统耗电率 id:176063 工况id：364551 设计值：1.46 写入时间：2016-11-14 11:05:32
参数：脱硫系统耗电率 id:176063 工况id：364550 设计值：1.46 写入时间：2016-11-14 11:05:32
参数：脱硫系统耗电率 id:176063 工况id：364552 设计值：1.46 写入时间：2016-11-14 11:05:32
参数：脱硫系统耗电率 id:176063 工况id：364554 设计值：1.46 写入时间：2016-11-14 11:05:32
参数：脱硫系统耗电率 id:176063 工况id：364553 设计值：1.46 写入时间：2016-11-14 11:05:32
参数：脱硫系统耗电率 id:176063 工况id：364546 设计值：1.46 写入时间：2016-11-14 11:05:32
参数：脱硫系统耗电率 id:176063 工况id：364545 设计值：1.46 写入时间：2016-11-14 11:05:32
参数：脱硫系统耗电率 id:176063 工况id：364547 设计值：1.46 写入时间：2016-11-14 11:05:32
参数：脱硫系统耗电率 id:176063 工况id：364549 设计值：1.46 写入时间：2016-11-14 11:05:32
参数：脱硫系统耗电率 id:176063 工况id：364548 设计值：1.46 写入时间：2016-11-14 11:05:32
参数：脱硫系统耗电率 id:176063 工况id：364561 设计值：1.46 写入时间：2016-11-14 11:05:32
参数：脱硫系统耗电率 id:176063 工况id：364560 设计值：1.46 写入时间：2016-11-14 11:05:32
参数：脱硫系统耗电率 id:176063 工况id：364562 设计值：1.46 写入时间：2016-11-14 11:05:32
参数：脱硫系统耗电率 id:176063 工况id：364564 设计值：1.46 写入时间：2016-11-14 11:05:32
参数：脱硫系统耗电率 id:176063 工况id：364563 设计值：1.46 写入时间：2016-11-14 11:05:32
参数：脱硫系统耗电率 id:176063 工况id：364556 设计值：1.46 写入时间：2016-11-14 11:05:32
参数：脱硫系统耗电率 id:176063 工况id：364555 设计值：1.46 写入时间：2016-11-14 11:05:32
参数：脱硫系统耗电率 id:176063 工况id：364557 设计值：1.46 写入时间：2016-11-14 11:05:32
参数：脱硫系统耗电率 id:176063 工况id：364559 设计值：1.46 写入时间：2016-11-14 11:05:32
参数：脱硫系统耗电率 id:176063 工况id：364558 设计值：1.46 写入时间：2016-11-14 11:05:32
参数：脱硫系统耗电率 id:176063 工况id：364571 设计值：1.46 写入时间：2016-11-14 11:05:32
参数：脱硫系统耗电率 id:176063 工况id：364570 设计值：1.46 写入时间：2016-11-14 11:05:32
参数：脱硫系统耗电率 id:176063 工况id：364572 设计值：1.46 写入时间：2016-11-14 11:05:32
参数：脱硫系统耗电率 id:176063 工况id：364574 设计值：1.46 写入时间：2016-11-14 11:05:32
参数：脱硫系统耗电率 id:176063 工况id：364573 设计值：1.46 写入时间：2016-11-14 11:05:33
参数：脱硫系统耗电率 id:176063 工况id：364566 设计值：1.46 写入时间：2016-11-14 11:05:33
参数：脱硫系统耗电率 id:176063 工况id：364565 设计值：1.46 写入时间：2016-11-14 11:05:33
参数：脱硫系统耗电率 id:176063 工况id：364567 设计值：1.46 写入时间：2016-11-14 11:05:33
参数：脱硫系统耗电率 id:176063 工况id：364569 设计值：1.46 写入时间：2016-11-14 11:05:33
参数：脱硫系统耗电率 id:176063 工况id：364568 设计值：1.46 写入时间：2016-11-14 11:05:33
参数：脱硫系统耗电率 id:176063 工况id：364581 设计值：0.98 写入时间：2016-11-14 11:05:33
参数：脱硫系统耗电率 id:176063 工况id：364580 设计值：0.98 写入时间：2016-11-14 11:05:33
参数：脱硫系统耗电率 id:176063 工况id：364582 设计值：0.98 写入时间：2016-11-14 11:05:33
参数：脱硫系统耗电率 id:176063 工况id：364584 设计值：0.98 写入时间：2016-11-14 11:05:33
参数：脱硫系统耗电率 id:176063 工况id：364583 设计值：0.98 写入时间：2016-11-14 11:05:33
参数：脱硫系统耗电率 id:176063 工况id：364576 设计值：0.98 写入时间：2016-11-14 11:05:33
参数：脱硫系统耗电率 id:176063 工况id：364575 设计值：0.98 写入时间：2016-11-14 11:05:33
参数：脱硫系统耗电率 id:176063 工况id：364577 设计值：0.98 写入时间：2016-11-14 11:05:33
参数：脱硫系统耗电率 id:176063 工况id：364579 设计值：0.98 写入时间：2016-11-14 11:05:33
参数：脱硫系统耗电率 id:176063 工况id：364578 设计值：0.98 写入时间：2016-11-14 11:05:33
参数：脱硫系统耗电率 id:176063 工况id：364591 设计值：0.98 写入时间：2016-11-14 11:05:33
参数：脱硫系统耗电率 id:176063 工况id：364590 设计值：0.98 写入时间：2016-11-14 11:05:33
参数：脱硫系统耗电率 id:176063 工况id：364592 设计值：0.98 写入时间：2016-11-14 11:05:33
参数：脱硫系统耗电率 id:176063 工况id：364594 设计值：0.98 写入时间：2016-11-14 11:05:33
参数：脱硫系统耗电率 id:176063 工况id：364593 设计值：0.98 写入时间：2016-11-14 11:05:33
参数：脱硫系统耗电率 id:176063 工况id：364586 设计值：0.98 写入时间：2016-11-14 11:05:33
参数：脱硫系统耗电率 id:176063 工况id：364585 设计值：0.98 写入时间：2016-11-14 11:05:33
参数：脱硫系统耗电率 id:176063 工况id：364587 设计值：0.98 写入时间：2016-11-14 11:05:33
参数：脱硫系统耗电率 id:176063 工况id：364589 设计值：0.98 写入时间：2016-11-14 11:05:33
参数：脱硫系统耗电率 id:176063 工况id：364588 设计值：0.98 写入时间：2016-11-14 11:05:33
参数：脱硫系统耗电率 id:176063 工况id：364601 设计值：0.98 写入时间：2016-11-14 11:05:33
参数：脱硫系统耗电率 id:176063 工况id：364600 设计值：0.98 写入时间：2016-11-14 11:05:33
参数：脱硫系统耗电率 id:176063 工况id：364602 设计值：0.98 写入时间：2016-11-14 11:05:33
参数：脱硫系统耗电率 id:176063 工况id：364604 设计值：0.98 写入时间：2016-11-14 11:05:33
参数：脱硫系统耗电率 id:176063 工况id：364603 设计值：0.98 写入时间：2016-11-14 11:05:33
参数：脱硫系统耗电率 id:176063 工况id：364596 设计值：0.98 写入时间：2016-11-14 11:05:33
参数：脱硫系统耗电率 id:176063 工况id：364595 设计值：0.98 写入时间：2016-11-14 11:05:33
参数：脱硫系统耗电率 id:176063 工况id：364597 设计值：0.98 写入时间：2016-11-14 11:05:33
参数：脱硫系统耗电率 id:176063 工况id：364599 设计值：0.98 写入时间：2016-11-14 11:05:33
参数：脱硫系统耗电率 id:176063 工况id：364598 设计值：0.98 写入时间：2016-11-14 11:05:33
参数：脱硫系统耗电率 id:176063 工况id：364611 设计值：0.98 写入时间：2016-11-14 11:05:33
参数：脱硫系统耗电率 id:176063 工况id：364610 设计值：0.98 写入时间：2016-11-14 11:05:33
参数：脱硫系统耗电率 id:176063 工况id：364612 设计值：0.98 写入时间：2016-11-14 11:05:33
参数：脱硫系统耗电率 id:176063 工况id：364614 设计值：0.98 写入时间：2016-11-14 11:05:33
参数：脱硫系统耗电率 id:176063 工况id：364613 设计值：0.98 写入时间：2016-11-14 11:05:33
参数：脱硫系统耗电率 id:176063 工况id：364606 设计值：0.98 写入时间：2016-11-14 11:05:33
参数：脱硫系统耗电率 id:176063 工况id：364605 设计值：0.98 写入时间：2016-11-14 11:05:33
参数：脱硫系统耗电率 id:176063 工况id：364607 设计值：0.98 写入时间：2016-11-14 11:05:33
参数：脱硫系统耗电率 id:176063 工况id：364609 设计值：0.98 写入时间：2016-11-14 11:05:33
参数：脱硫系统耗电率 id:176063 工况id：364608 设计值：0.98 写入时间：2016-11-14 11:05:33
参数：脱硫系统耗电率 id:176063 工况id：364621 设计值：0.98 写入时间：2016-11-14 11:05:33
参数：脱硫系统耗电率 id:176063 工况id：364620 设计值：0.98 写入时间：2016-11-14 11:05:33
参数：脱硫系统耗电率 id:176063 工况id：364622 设计值：0.98 写入时间：2016-11-14 11:05:33
参数：脱硫系统耗电率 id:176063 工况id：364624 设计值：0.98 写入时间：2016-11-14 11:05:33
参数：脱硫系统耗电率 id:176063 工况id：364623 设计值：0.98 写入时间：2016-11-14 11:05:34
参数：脱硫系统耗电率 id:176063 工况id：364616 设计值：0.98 写入时间：2016-11-14 11:05:34
参数：脱硫系统耗电率 id:176063 工况id：364615 设计值：0.98 写入时间：2016-11-14 11:05:34
参数：脱硫系统耗电率 id:176063 工况id：364617 设计值：0.98 写入时间：2016-11-14 11:05:34
参数：脱硫系统耗电率 id:176063 工况id：364619 设计值：0.98 写入时间：2016-11-14 11:05:34
参数：脱硫系统耗电率 id:176063 工况id：364618 设计值：0.98 写入时间：2016-11-14 11:05:34
参数：脱硫系统耗电率 id:176063 工况id：364631 设计值：0.98 写入时间：2016-11-14 11:05:34
参数：脱硫系统耗电率 id:176063 工况id：364630 设计值：0.98 写入时间：2016-11-14 11:05:34
参数：脱硫系统耗电率 id:176063 工况id：364632 设计值：0.98 写入时间：2016-11-14 11:05:34
参数：脱硫系统耗电率 id:176063 工况id：364634 设计值：0.98 写入时间：2016-11-14 11:05:34
参数：脱硫系统耗电率 id:176063 工况id：364633 设计值：0.98 写入时间：2016-11-14 11:05:34
参数：脱硫系统耗电率 id:176063 工况id：364626 设计值：0.98 写入时间：2016-11-14 11:05:34
参数：脱硫系统耗电率 id:176063 工况id：364625 设计值：0.98 写入时间：2016-11-14 11:05:34
参数：脱硫系统耗电率 id:176063 工况id：364627 设计值：0.98 写入时间：2016-11-14 11:05:34
参数：脱硫系统耗电率 id:176063 工况id：364629 设计值：0.98 写入时间：2016-11-14 11:05:34
参数：脱硫系统耗电率 id:176063 工况id：364628 设计值：0.98 写入时间：2016-11-14 11:05:34
参数：脱硫系统耗电率 id:176063 工况id：364641 设计值：0.98 写入时间：2016-11-14 11:05:34
参数：脱硫系统耗电率 id:176063 工况id：364640 设计值：0.98 写入时间：2016-11-14 11:05:34
参数：脱硫系统耗电率 id:176063 工况id：364642 设计值：0.98 写入时间：2016-11-14 11:05:34
参数：脱硫系统耗电率 id:176063 工况id：364644 设计值：0.98 写入时间：2016-11-14 11:05:34
参数：脱硫系统耗电率 id:176063 工况id：364643 设计值：0.98 写入时间：2016-11-14 11:05:34
参数：脱硫系统耗电率 id:176063 工况id：364636 设计值：0.98 写入时间：2016-11-14 11:05:34
参数：脱硫系统耗电率 id:176063 工况id：364635 设计值：0.98 写入时间：2016-11-14 11:05:34
参数：脱硫系统耗电率 id:176063 工况id：364637 设计值：0.98 写入时间：2016-11-14 11:05:34
参数：脱硫系统耗电率 id:176063 工况id：364639 设计值：0.98 写入时间：2016-11-14 11:05:34
参数：脱硫系统耗电率 id:176063 工况id：364638 设计值：0.98 写入时间：2016-11-14 11:05:34
参数：脱硫系统耗电率 id:176063 工况id：364651 设计值：0.98 写入时间：2016-11-14 11:05:34
参数：脱硫系统耗电率 id:176063 工况id：364650 设计值：0.98 写入时间：2016-11-14 11:05:34
参数：脱硫系统耗电率 id:176063 工况id：364652 设计值：0.98 写入时间：2016-11-14 11:05:34
参数：脱硫系统耗电率 id:176063 工况id：364654 设计值：0.98 写入时间：2016-11-14 11:05:34
参数：脱硫系统耗电率 id:176063 工况id：364653 设计值：0.98 写入时间：2016-11-14 11:05:34
参数：脱硫系统耗电率 id:176063 工况id：364646 设计值：0.98 写入时间：2016-11-14 11:05:34
参数：脱硫系统耗电率 id:176063 工况id：364645 设计值：0.98 写入时间：2016-11-14 11:05:34
参数：脱硫系统耗电率 id:176063 工况id：364647 设计值：0.98 写入时间：2016-11-14 11:05:34
参数：脱硫系统耗电率 id:176063 工况id：364649 设计值：0.98 写入时间：2016-11-14 11:05:34
参数：脱硫系统耗电率 id:176063 工况id：364648 设计值：0.98 写入时间：2016-11-14 11:05:34
参数：脱硫系统耗电率 id:176063 工况id：364661 设计值：0.98 写入时间：2016-11-14 11:05:34
参数：脱硫系统耗电率 id:176063 工况id：364660 设计值：0.98 写入时间：2016-11-14 11:05:34
参数：脱硫系统耗电率 id:176063 工况id：364662 设计值：0.98 写入时间：2016-11-14 11:05:34
参数：脱硫系统耗电率 id:176063 工况id：364664 设计值：0.98 写入时间：2016-11-14 11:05:34
参数：脱硫系统耗电率 id:176063 工况id：364663 设计值：0.98 写入时间：2016-11-14 11:05:34
参数：脱硫系统耗电率 id:176063 工况id：364656 设计值：0.98 写入时间：2016-11-14 11:05:35
参数：脱硫系统耗电率 id:176063 工况id：364655 设计值：0.98 写入时间：2016-11-14 11:05:35
参数：脱硫系统耗电率 id:176063 工况id：364657 设计值：0.98 写入时间：2016-11-14 11:05:35
参数：脱硫系统耗电率 id:176063 工况id：364659 设计值：0.98 写入时间：2016-11-14 11:05:35
参数：脱硫系统耗电率 id:176063 工况id：364658 设计值：0.98 写入时间：2016-11-14 11:05:35
参数：脱硫系统耗电率 id:176063 工况id：364671 设计值：0.98 写入时间：2016-11-14 11:05:35
参数：脱硫系统耗电率 id:176063 工况id：364670 设计值：0.98 写入时间：2016-11-14 11:05:35
参数：脱硫系统耗电率 id:176063 工况id：364672 设计值：0.98 写入时间：2016-11-14 11:05:35
参数：脱硫系统耗电率 id:176063 工况id：364674 设计值：0.98 写入时间：2016-11-14 11:05:35
参数：脱硫系统耗电率 id:176063 工况id：364673 设计值：0.98 写入时间：2016-11-14 11:05:35
参数：脱硫系统耗电率 id:176063 工况id：364666 设计值：0.98 写入时间：2016-11-14 11:05:35
参数：脱硫系统耗电率 id:176063 工况id：364665 设计值：0.98 写入时间：2016-11-14 11:05:35
参数：脱硫系统耗电率 id:176063 工况id：364667 设计值：0.98 写入时间：2016-11-14 11:05:35
参数：脱硫系统耗电率 id:176063 工况id：364669 设计值：0.98 写入时间：2016-11-14 11:05:35
参数：脱硫系统耗电率 id:176063 工况id：364668 设计值：0.98 写入时间：2016-11-14 11:05:35
参数：脱硫系统耗电率 id:176063 工况id：364681 设计值：0.78 写入时间：2016-11-14 11:05:35
参数：脱硫系统耗电率 id:176063 工况id：364680 设计值：0.78 写入时间：2016-11-14 11:05:35
参数：脱硫系统耗电率 id:176063 工况id：364682 设计值：0.78 写入时间：2016-11-14 11:05:35
参数：脱硫系统耗电率 id:176063 工况id：364684 设计值：0.78 写入时间：2016-11-14 11:05:35
参数：脱硫系统耗电率 id:176063 工况id：364683 设计值：0.78 写入时间：2016-11-14 11:05:35
参数：脱硫系统耗电率 id:176063 工况id：364676 设计值：0.78 写入时间：2016-11-14 11:05:35
参数：脱硫系统耗电率 id:176063 工况id：364675 设计值：0.78 写入时间：2016-11-14 11:05:35
参数：脱硫系统耗电率 id:176063 工况id：364677 设计值：0.78 写入时间：2016-11-14 11:05:35
参数：脱硫系统耗电率 id:176063 工况id：364679 设计值：0.78 写入时间：2016-11-14 11:05:35
参数：脱硫系统耗电率 id:176063 工况id：364678 设计值：0.78 写入时间：2016-11-14 11:05:35
参数：给水温度 id:176044 工况id：364441 设计值：249 写入时间：2016-11-14 11:05:35
参数：给水温度 id:176044 工况id：364440 设计值：249 写入时间：2016-11-14 11:05:35
参数：给水温度 id:176044 工况id：364442 设计值：249 写入时间：2016-11-14 11:05:35
参数：给水温度 id:176044 工况id：364444 设计值：249 写入时间：2016-11-14 11:05:35
参数：给水温度 id:176044 工况id：364443 设计值：249 写入时间：2016-11-14 11:05:35
参数：给水温度 id:176044 工况id：364438 设计值：249 写入时间：2016-11-14 11:05:35
参数：给水温度 id:176044 工况id：364437 设计值：249 写入时间：2016-11-14 11:05:35
参数：给水温度 id:176044 工况id：364439 设计值：249 写入时间：2016-11-14 11:05:35
参数：给水温度 id:176044 工况id：364436 设计值：249 写入时间：2016-11-14 11:05:35
参数：给水温度 id:176044 工况id：364435 设计值：249 写入时间：2016-11-14 11:05:35
参数：给水温度 id:176044 工况id：364451 设计值：249 写入时间：2016-11-14 11:05:35
参数：给水温度 id:176044 工况id：364450 设计值：249 写入时间：2016-11-14 11:05:35
参数：给水温度 id:176044 工况id：364452 设计值：249 写入时间：2016-11-14 11:05:35
参数：给水温度 id:176044 工况id：364454 设计值：249 写入时间：2016-11-14 11:05:35
参数：给水温度 id:176044 工况id：364453 设计值：249 写入时间：2016-11-14 11:05:35
参数：给水温度 id:176044 工况id：364446 设计值：249 写入时间：2016-11-14 11:05:36
参数：给水温度 id:176044 工况id：364445 设计值：249 写入时间：2016-11-14 11:05:36
参数：给水温度 id:176044 工况id：364447 设计值：249 写入时间：2016-11-14 11:05:36
参数：给水温度 id:176044 工况id：364449 设计值：249 写入时间：2016-11-14 11:05:36
参数：给水温度 id:176044 工况id：364448 设计值：249 写入时间：2016-11-14 11:05:36
参数：给水温度 id:176044 工况id：364461 设计值：249 写入时间：2016-11-14 11:05:36
参数：给水温度 id:176044 工况id：364460 设计值：249 写入时间：2016-11-14 11:05:36
参数：给水温度 id:176044 工况id：364462 设计值：249 写入时间：2016-11-14 11:05:36
参数：给水温度 id:176044 工况id：364464 设计值：249 写入时间：2016-11-14 11:05:36
参数：给水温度 id:176044 工况id：364463 设计值：249 写入时间：2016-11-14 11:05:36
参数：给水温度 id:176044 工况id：364456 设计值：249 写入时间：2016-11-14 11:05:36
参数：给水温度 id:176044 工况id：364455 设计值：249 写入时间：2016-11-14 11:05:36
参数：给水温度 id:176044 工况id：364457 设计值：249 写入时间：2016-11-14 11:05:36
参数：给水温度 id:176044 工况id：364459 设计值：249 写入时间：2016-11-14 11:05:36
参数：给水温度 id:176044 工况id：364458 设计值：249 写入时间：2016-11-14 11:05:36
参数：给水温度 id:176044 工况id：364471 设计值：249 写入时间：2016-11-14 11:05:36
参数：给水温度 id:176044 工况id：364470 设计值：249 写入时间：2016-11-14 11:05:36
参数：给水温度 id:176044 工况id：364472 设计值：249 写入时间：2016-11-14 11:05:36
参数：给水温度 id:176044 工况id：364474 设计值：249 写入时间：2016-11-14 11:05:36
参数：给水温度 id:176044 工况id：364473 设计值：249 写入时间：2016-11-14 11:05:36
参数：给水温度 id:176044 工况id：364466 设计值：249 写入时间：2016-11-14 11:05:36
参数：给水温度 id:176044 工况id：364465 设计值：249 写入时间：2016-11-14 11:05:36
参数：给水温度 id:176044 工况id：364467 设计值：249 写入时间：2016-11-14 11:05:36
参数：给水温度 id:176044 工况id：364469 设计值：249 写入时间：2016-11-14 11:05:36
参数：给水温度 id:176044 工况id：364468 设计值：249 写入时间：2016-11-14 11:05:36
参数：给水温度 id:176044 工况id：364481 设计值：253 写入时间：2016-11-14 11:05:36
参数：给水温度 id:176044 工况id：364480 设计值：253 写入时间：2016-11-14 11:05:36
参数：给水温度 id:176044 工况id：364482 设计值：253 写入时间：2016-11-14 11:05:37
参数：给水温度 id:176044 工况id：364484 设计值：253 写入时间：2016-11-14 11:05:37
参数：给水温度 id:176044 工况id：364483 设计值：253 写入时间：2016-11-14 11:05:37
参数：给水温度 id:176044 工况id：364476 设计值：253 写入时间：2016-11-14 11:05:37
参数：给水温度 id:176044 工况id：364475 设计值：253 写入时间：2016-11-14 11:05:37
参数：给水温度 id:176044 工况id：364477 设计值：253 写入时间：2016-11-14 11:05:37
参数：给水温度 id:176044 工况id：364479 设计值：253 写入时间：2016-11-14 11:05:37
参数：给水温度 id:176044 工况id：364478 设计值：253 写入时间：2016-11-14 11:05:37
参数：给水温度 id:176044 工况id：364491 设计值：253 写入时间：2016-11-14 11:05:37
参数：给水温度 id:176044 工况id：364490 设计值：253 写入时间：2016-11-14 11:05:37
参数：给水温度 id:176044 工况id：364492 设计值：253 写入时间：2016-11-14 11:05:37
参数：给水温度 id:176044 工况id：364494 设计值：253 写入时间：2016-11-14 11:05:37
参数：给水温度 id:176044 工况id：364493 设计值：253 写入时间：2016-11-14 11:05:37
参数：给水温度 id:176044 工况id：364486 设计值：253 写入时间：2016-11-14 11:05:37
参数：给水温度 id:176044 工况id：364485 设计值：253 写入时间：2016-11-14 11:05:37
参数：给水温度 id:176044 工况id：364487 设计值：253 写入时间：2016-11-14 11:05:37
参数：给水温度 id:176044 工况id：364489 设计值：253 写入时间：2016-11-14 11:05:37
参数：给水温度 id:176044 工况id：364488 设计值：253 写入时间：2016-11-14 11:05:37
参数：给水温度 id:176044 工况id：364501 设计值：253 写入时间：2016-11-14 11:05:37
参数：给水温度 id:176044 工况id：364500 设计值：253 写入时间：2016-11-14 11:05:37
参数：给水温度 id:176044 工况id：364502 设计值：253 写入时间：2016-11-14 11:05:37
参数：给水温度 id:176044 工况id：364504 设计值：253 写入时间：2016-11-14 11:05:37
参数：给水温度 id:176044 工况id：364503 设计值：253 写入时间：2016-11-14 11:05:37
参数：给水温度 id:176044 工况id：364496 设计值：253 写入时间：2016-11-14 11:05:37
参数：给水温度 id:176044 工况id：364495 设计值：253 写入时间：2016-11-14 11:05:38
参数：给水温度 id:176044 工况id：364497 设计值：253 写入时间：2016-11-14 11:05:38
参数：给水温度 id:176044 工况id：364499 设计值：253 写入时间：2016-11-14 11:05:38
参数：给水温度 id:176044 工况id：364498 设计值：253 写入时间：2016-11-14 11:05:38
参数：给水温度 id:176044 工况id：364511 设计值：253 写入时间：2016-11-14 11:05:38
参数：给水温度 id:176044 工况id：364510 设计值：253 写入时间：2016-11-14 11:05:38
参数：给水温度 id:176044 工况id：364512 设计值：253 写入时间：2016-11-14 11:05:38
参数：给水温度 id:176044 工况id：364514 设计值：253 写入时间：2016-11-14 11:05:38
参数：给水温度 id:176044 工况id：364513 设计值：253 写入时间：2016-11-14 11:05:38
参数：给水温度 id:176044 工况id：364506 设计值：253 写入时间：2016-11-14 11:05:38
参数：给水温度 id:176044 工况id：364505 设计值：253 写入时间：2016-11-14 11:05:38
参数：给水温度 id:176044 工况id：364507 设计值：253 写入时间：2016-11-14 11:05:38
参数：给水温度 id:176044 工况id：364509 设计值：253 写入时间：2016-11-14 11:05:38
参数：给水温度 id:176044 工况id：364508 设计值：253 写入时间：2016-11-14 11:05:38
参数：给水温度 id:176044 工况id：364521 设计值：253 写入时间：2016-11-14 11:05:38
参数：给水温度 id:176044 工况id：364520 设计值：253 写入时间：2016-11-14 11:05:38
参数：给水温度 id:176044 工况id：364522 设计值：253 写入时间：2016-11-14 11:05:38
参数：给水温度 id:176044 工况id：364524 设计值：253 写入时间：2016-11-14 11:05:38
参数：给水温度 id:176044 工况id：364523 设计值：253 写入时间：2016-11-14 11:05:38
参数：给水温度 id:176044 工况id：364516 设计值：253 写入时间：2016-11-14 11:05:38
参数：给水温度 id:176044 工况id：364515 设计值：253 写入时间：2016-11-14 11:05:38
参数：给水温度 id:176044 工况id：364517 设计值：253 写入时间：2016-11-14 11:05:38
参数：给水温度 id:176044 工况id：364519 设计值：253 写入时间：2016-11-14 11:05:38
参数：给水温度 id:176044 工况id：364518 设计值：253 写入时间：2016-11-14 11:05:39
参数：给水温度 id:176044 工况id：364531 设计值：253 写入时间：2016-11-14 11:05:39
参数：给水温度 id:176044 工况id：364530 设计值：253 写入时间：2016-11-14 11:05:39
参数：给水温度 id:176044 工况id：364532 设计值：253 写入时间：2016-11-14 11:05:39
参数：给水温度 id:176044 工况id：364534 设计值：253 写入时间：2016-11-14 11:05:39
参数：给水温度 id:176044 工况id：364533 设计值：253 写入时间：2016-11-14 11:05:39
参数：给水温度 id:176044 工况id：364526 设计值：253 写入时间：2016-11-14 11:05:39
参数：给水温度 id:176044 工况id：364525 设计值：253 写入时间：2016-11-14 11:05:39
参数：给水温度 id:176044 工况id：364527 设计值：253 写入时间：2016-11-14 11:05:39
参数：给水温度 id:176044 工况id：364529 设计值：253 写入时间：2016-11-14 11:05:39
参数：给水温度 id:176044 工况id：364528 设计值：253 写入时间：2016-11-14 11:05:39
参数：给水温度 id:176044 工况id：364541 设计值：253 写入时间：2016-11-14 11:05:39
参数：给水温度 id:176044 工况id：364540 设计值：253 写入时间：2016-11-14 11:05:39
参数：给水温度 id:176044 工况id：364542 设计值：253 写入时间：2016-11-14 11:05:39
参数：给水温度 id:176044 工况id：364544 设计值：253 写入时间：2016-11-14 11:05:39
参数：给水温度 id:176044 工况id：364543 设计值：253 写入时间：2016-11-14 11:05:39
参数：给水温度 id:176044 工况id：364536 设计值：253 写入时间：2016-11-14 11:05:39
参数：给水温度 id:176044 工况id：364535 设计值：253 写入时间：2016-11-14 11:05:39
参数：给水温度 id:176044 工况id：364537 设计值：253 写入时间：2016-11-14 11:05:39
参数：给水温度 id:176044 工况id：364539 设计值：253 写入时间：2016-11-14 11:05:39
参数：给水温度 id:176044 工况id：364538 设计值：253 写入时间：2016-11-14 11:05:39
参数：给水温度 id:176044 工况id：364551 设计值：253 写入时间：2016-11-14 11:05:39
参数：给水温度 id:176044 工况id：364550 设计值：253 写入时间：2016-11-14 11:05:39
参数：给水温度 id:176044 工况id：364552 设计值：253 写入时间：2016-11-14 11:05:39
参数：给水温度 id:176044 工况id：364554 设计值：253 写入时间：2016-11-14 11:05:40
参数：给水温度 id:176044 工况id：364553 设计值：253 写入时间：2016-11-14 11:05:40
参数：给水温度 id:176044 工况id：364546 设计值：253 写入时间：2016-11-14 11:05:40
参数：给水温度 id:176044 工况id：364545 设计值：253 写入时间：2016-11-14 11:05:40
参数：给水温度 id:176044 工况id：364547 设计值：253 写入时间：2016-11-14 11:05:40
参数：给水温度 id:176044 工况id：364549 设计值：253 写入时间：2016-11-14 11:05:40
参数：给水温度 id:176044 工况id：364548 设计值：253 写入时间：2016-11-14 11:05:40
参数：给水温度 id:176044 工况id：364561 设计值：253 写入时间：2016-11-14 11:05:40
参数：给水温度 id:176044 工况id：364560 设计值：253 写入时间：2016-11-14 11:05:40
参数：给水温度 id:176044 工况id：364562 设计值：253 写入时间：2016-11-14 11:05:40
参数：给水温度 id:176044 工况id：364564 设计值：253 写入时间：2016-11-14 11:05:40
参数：给水温度 id:176044 工况id：364563 设计值：253 写入时间：2016-11-14 11:05:40
参数：给水温度 id:176044 工况id：364556 设计值：253 写入时间：2016-11-14 11:05:40
参数：给水温度 id:176044 工况id：364555 设计值：253 写入时间：2016-11-14 11:05:40
参数：给水温度 id:176044 工况id：364557 设计值：253 写入时间：2016-11-14 11:05:40
参数：给水温度 id:176044 工况id：364559 设计值：253 写入时间：2016-11-14 11:05:40
参数：给水温度 id:176044 工况id：364558 设计值：253 写入时间：2016-11-14 11:05:40
参数：给水温度 id:176044 工况id：364571 设计值：253 写入时间：2016-11-14 11:05:40
参数：给水温度 id:176044 工况id：364570 设计值：253 写入时间：2016-11-14 11:05:40
参数：给水温度 id:176044 工况id：364572 设计值：253 写入时间：2016-11-14 11:05:40
参数：给水温度 id:176044 工况id：364574 设计值：253 写入时间：2016-11-14 11:05:40
参数：给水温度 id:176044 工况id：364573 设计值：253 写入时间：2016-11-14 11:05:40
参数：给水温度 id:176044 工况id：364566 设计值：253 写入时间：2016-11-14 11:05:40
参数：给水温度 id:176044 工况id：364565 设计值：253 写入时间：2016-11-14 11:05:41
参数：给水温度 id:176044 工况id：364567 设计值：253 写入时间：2016-11-14 11:05:41
参数：给水温度 id:176044 工况id：364569 设计值：253 写入时间：2016-11-14 11:05:41
参数：给水温度 id:176044 工况id：364568 设计值：253 写入时间：2016-11-14 11:05:41
参数：给水温度 id:176044 工况id：364581 设计值：276 写入时间：2016-11-14 11:05:41
参数：给水温度 id:176044 工况id：364580 设计值：276 写入时间：2016-11-14 11:05:41
参数：给水温度 id:176044 工况id：364582 设计值：276 写入时间：2016-11-14 11:05:41
参数：给水温度 id:176044 工况id：364584 设计值：276 写入时间：2016-11-14 11:05:41
参数：给水温度 id:176044 工况id：364583 设计值：276 写入时间：2016-11-14 11:05:41
参数：给水温度 id:176044 工况id：364576 设计值：276 写入时间：2016-11-14 11:05:41
参数：给水温度 id:176044 工况id：364575 设计值：276 写入时间：2016-11-14 11:05:41
参数：给水温度 id:176044 工况id：364577 设计值：276 写入时间：2016-11-14 11:05:41
参数：给水温度 id:176044 工况id：364579 设计值：276 写入时间：2016-11-14 11:05:41
参数：给水温度 id:176044 工况id：364578 设计值：276 写入时间：2016-11-14 11:05:41
参数：给水温度 id:176044 工况id：364591 设计值：276 写入时间：2016-11-14 11:05:41
参数：给水温度 id:176044 工况id：364590 设计值：276 写入时间：2016-11-14 11:05:41
参数：给水温度 id:176044 工况id：364592 设计值：276 写入时间：2016-11-14 11:05:41
参数：给水温度 id:176044 工况id：364594 设计值：276 写入时间：2016-11-14 11:05:41
参数：给水温度 id:176044 工况id：364593 设计值：276 写入时间：2016-11-14 11:05:41
参数：给水温度 id:176044 工况id：364586 设计值：276 写入时间：2016-11-14 11:05:41
参数：给水温度 id:176044 工况id：364585 设计值：276 写入时间：2016-11-14 11:05:41
参数：给水温度 id:176044 工况id：364587 设计值：276 写入时间：2016-11-14 11:05:41
参数：给水温度 id:176044 工况id：364589 设计值：276 写入时间：2016-11-14 11:05:41
参数：给水温度 id:176044 工况id：364588 设计值：276 写入时间：2016-11-14 11:05:41
参数：给水温度 id:176044 工况id：364601 设计值：276 写入时间：2016-11-14 11:05:42
参数：给水温度 id:176044 工况id：364600 设计值：276 写入时间：2016-11-14 11:05:42
参数：给水温度 id:176044 工况id：364602 设计值：276 写入时间：2016-11-14 11:05:42
参数：给水温度 id:176044 工况id：364604 设计值：276 写入时间：2016-11-14 11:05:42
参数：给水温度 id:176044 工况id：364603 设计值：276 写入时间：2016-11-14 11:05:42
参数：给水温度 id:176044 工况id：364596 设计值：276 写入时间：2016-11-14 11:05:42
参数：给水温度 id:176044 工况id：364595 设计值：276 写入时间：2016-11-14 11:05:42
参数：给水温度 id:176044 工况id：364597 设计值：276 写入时间：2016-11-14 11:05:42
参数：给水温度 id:176044 工况id：364599 设计值：276 写入时间：2016-11-14 11:05:42
参数：给水温度 id:176044 工况id：364598 设计值：276 写入时间：2016-11-14 11:05:42
参数：给水温度 id:176044 工况id：364611 设计值：276 写入时间：2016-11-14 11:05:42
参数：给水温度 id:176044 工况id：364610 设计值：276 写入时间：2016-11-14 11:05:42
参数：给水温度 id:176044 工况id：364612 设计值：276 写入时间：2016-11-14 11:05:42
参数：给水温度 id:176044 工况id：364614 设计值：276 写入时间：2016-11-14 11:05:42
参数：给水温度 id:176044 工况id：364613 设计值：276 写入时间：2016-11-14 11:05:42
参数：给水温度 id:176044 工况id：364606 设计值：276 写入时间：2016-11-14 11:05:42
参数：给水温度 id:176044 工况id：364605 设计值：276 写入时间：2016-11-14 11:05:42
参数：给水温度 id:176044 工况id：364607 设计值：276 写入时间：2016-11-14 11:05:42
参数：给水温度 id:176044 工况id：364609 设计值：276 写入时间：2016-11-14 11:05:42
参数：给水温度 id:176044 工况id：364608 设计值：276 写入时间：2016-11-14 11:05:42
参数：给水温度 id:176044 工况id：364621 设计值：276 写入时间：2016-11-14 11:05:42
参数：给水温度 id:176044 工况id：364620 设计值：276 写入时间：2016-11-14 11:05:42
参数：给水温度 id:176044 工况id：364622 设计值：276 写入时间：2016-11-14 11:05:43
参数：给水温度 id:176044 工况id：364624 设计值：276 写入时间：2016-11-14 11:05:43
参数：给水温度 id:176044 工况id：364623 设计值：276 写入时间：2016-11-14 11:05:43
参数：给水温度 id:176044 工况id：364616 设计值：276 写入时间：2016-11-14 11:05:43
参数：给水温度 id:176044 工况id：364615 设计值：276 写入时间：2016-11-14 11:05:43
参数：给水温度 id:176044 工况id：364617 设计值：276 写入时间：2016-11-14 11:05:43
参数：给水温度 id:176044 工况id：364619 设计值：276 写入时间：2016-11-14 11:05:43
参数：给水温度 id:176044 工况id：364618 设计值：276 写入时间：2016-11-14 11:05:43
参数：给水温度 id:176044 工况id：364631 设计值：276 写入时间：2016-11-14 11:05:43
参数：给水温度 id:176044 工况id：364630 设计值：276 写入时间：2016-11-14 11:05:43
参数：给水温度 id:176044 工况id：364632 设计值：276 写入时间：2016-11-14 11:05:43
参数：给水温度 id:176044 工况id：364634 设计值：276 写入时间：2016-11-14 11:05:43
参数：给水温度 id:176044 工况id：364633 设计值：276 写入时间：2016-11-14 11:05:43
参数：给水温度 id:176044 工况id：364626 设计值：276 写入时间：2016-11-14 11:05:43
参数：给水温度 id:176044 工况id：364625 设计值：276 写入时间：2016-11-14 11:05:43
参数：给水温度 id:176044 工况id：364627 设计值：276 写入时间：2016-11-14 11:05:43
参数：给水温度 id:176044 工况id：364629 设计值：276 写入时间：2016-11-14 11:05:43
参数：给水温度 id:176044 工况id：364628 设计值：276 写入时间：2016-11-14 11:05:43
参数：给水温度 id:176044 工况id：364641 设计值：276 写入时间：2016-11-14 11:05:43
参数：给水温度 id:176044 工况id：364640 设计值：276 写入时间：2016-11-14 11:05:43
参数：给水温度 id:176044 工况id：364642 设计值：276 写入时间：2016-11-14 11:05:44
参数：给水温度 id:176044 工况id：364644 设计值：276 写入时间：2016-11-14 11:05:44
参数：给水温度 id:176044 工况id：364643 设计值：276 写入时间：2016-11-14 11:05:44
参数：给水温度 id:176044 工况id：364636 设计值：276 写入时间：2016-11-14 11:05:44
参数：给水温度 id:176044 工况id：364635 设计值：276 写入时间：2016-11-14 11:05:44
参数：给水温度 id:176044 工况id：364637 设计值：276 写入时间：2016-11-14 11:05:44
参数：给水温度 id:176044 工况id：364639 设计值：276 写入时间：2016-11-14 11:05:44
参数：给水温度 id:176044 工况id：364638 设计值：276 写入时间：2016-11-14 11:05:44
参数：给水温度 id:176044 工况id：364651 设计值：276 写入时间：2016-11-14 11:05:44
参数：给水温度 id:176044 工况id：364650 设计值：276 写入时间：2016-11-14 11:05:44
参数：给水温度 id:176044 工况id：364652 设计值：276 写入时间：2016-11-14 11:05:44
参数：给水温度 id:176044 工况id：364654 设计值：276 写入时间：2016-11-14 11:05:44
参数：给水温度 id:176044 工况id：364653 设计值：276 写入时间：2016-11-14 11:05:44
参数：给水温度 id:176044 工况id：364646 设计值：276 写入时间：2016-11-14 11:05:44
参数：给水温度 id:176044 工况id：364645 设计值：276 写入时间：2016-11-14 11:05:44
参数：给水温度 id:176044 工况id：364647 设计值：276 写入时间：2016-11-14 11:05:44
参数：给水温度 id:176044 工况id：364649 设计值：276 写入时间：2016-11-14 11:05:44
参数：给水温度 id:176044 工况id：364648 设计值：276 写入时间：2016-11-14 11:05:44
参数：给水温度 id:176044 工况id：364661 设计值：276 写入时间：2016-11-14 11:05:44
参数：给水温度 id:176044 工况id：364660 设计值：276 写入时间：2016-11-14 11:05:44
参数：给水温度 id:176044 工况id：364662 设计值：276 写入时间：2016-11-14 11:05:44
参数：给水温度 id:176044 工况id：364664 设计值：276 写入时间：2016-11-14 11:05:44
参数：给水温度 id:176044 工况id：364663 设计值：276 写入时间：2016-11-14 11:05:44
参数：给水温度 id:176044 工况id：364656 设计值：276 写入时间：2016-11-14 11:05:44
参数：给水温度 id:176044 工况id：364655 设计值：276 写入时间：2016-11-14 11:05:45
参数：给水温度 id:176044 工况id：364657 设计值：276 写入时间：2016-11-14 11:05:45
参数：给水温度 id:176044 工况id：364659 设计值：276 写入时间：2016-11-14 11:05:45
参数：给水温度 id:176044 工况id：364658 设计值：276 写入时间：2016-11-14 11:05:45
参数：给水温度 id:176044 工况id：364671 设计值：276 写入时间：2016-11-14 11:05:45
参数：给水温度 id:176044 工况id：364670 设计值：276 写入时间：2016-11-14 11:05:45
参数：给水温度 id:176044 工况id：364672 设计值：276 写入时间：2016-11-14 11:05:45
参数：给水温度 id:176044 工况id：364674 设计值：276 写入时间：2016-11-14 11:05:45
参数：给水温度 id:176044 工况id：364673 设计值：276 写入时间：2016-11-14 11:05:45
参数：给水温度 id:176044 工况id：364666 设计值：276 写入时间：2016-11-14 11:05:45
参数：给水温度 id:176044 工况id：364665 设计值：276 写入时间：2016-11-14 11:05:45
参数：给水温度 id:176044 工况id：364667 设计值：276 写入时间：2016-11-14 11:05:45
参数：给水温度 id:176044 工况id：364669 设计值：276 写入时间：2016-11-14 11:05:45
参数：给水温度 id:176044 工况id：364668 设计值：276 写入时间：2016-11-14 11:05:45
参数：给水温度 id:176044 工况id：364681 设计值：298 写入时间：2016-11-14 11:05:45
参数：给水温度 id:176044 工况id：364680 设计值：298 写入时间：2016-11-14 11:05:45
参数：给水温度 id:176044 工况id：364682 设计值：298 写入时间：2016-11-14 11:05:45
参数：给水温度 id:176044 工况id：364684 设计值：298 写入时间：2016-11-14 11:05:45
参数：给水温度 id:176044 工况id：364683 设计值：298 写入时间：2016-11-14 11:05:45
参数：给水温度 id:176044 工况id：364676 设计值：298 写入时间：2016-11-14 11:05:45
参数：给水温度 id:176044 工况id：364675 设计值：298 写入时间：2016-11-14 11:05:45
参数：给水温度 id:176044 工况id：364677 设计值：298 写入时间：2016-11-14 11:05:45
参数：给水温度 id:176044 工况id：364679 设计值：298 写入时间：2016-11-14 11:05:46
参数：给水温度 id:176044 工况id：364678 设计值：298 写入时间：2016-11-14 11:05:46
参数：除尘系统耗电率 id:176012 工况id：364441 基准值：0.236933333333333 写入时间：2016-11-14 11:09:41
参数：除尘系统耗电率 id:176012 工况id：364440 基准值：0.303503649635036 写入时间：2016-11-14 11:09:42
参数：除尘系统耗电率 id:176012 工况id：364442 基准值：0.24301282051282 写入时间：2016-11-14 11:09:43
计算错误,未写入数据库：参数：除尘系统耗电率 id:176012 工况id：364444 基准值：样本太少 写入时间：
参数：除尘系统耗电率 id:176012 工况id：364443 基准值：0.24 写入时间：2016-11-14 11:09:45
参数：除尘系统耗电率 id:176012 工况id：364438 基准值：0.583636363636364 写入时间：2016-11-14 11:09:46
计算错误,未写入数据库：参数：除尘系统耗电率 id:176012 工况id：364437 基准值：样本太少 写入时间：
参数：除尘系统耗电率 id:176012 工况id：364439 基准值：0.265683453237411 写入时间：2016-11-14 11:09:47
参数：除尘系统耗电率 id:176012 工况id：364436 基准值：0.282777777777778 写入时间：2016-11-14 11:09:48
计算错误,未写入数据库：参数：除尘系统耗电率 id:176012 工况id：364435 基准值：样本太少 写入时间：
参数：除尘系统耗电率 id:176012 工况id：364451 基准值：0.237569352708058 写入时间：2016-11-14 11:09:50
参数：除尘系统耗电率 id:176012 工况id：364450 基准值：0.241511254019293 写入时间：2016-11-14 11:09:51
参数：除尘系统耗电率 id:176012 工况id：364452 基准值：0.232867132867133 写入时间：2016-11-14 11:09:52
计算错误,未写入数据库：参数：除尘系统耗电率 id:176012 工况id：364454 基准值：样本太少 写入时间：
参数：除尘系统耗电率 id:176012 工况id：364453 基准值：0.22 写入时间：2016-11-14 11:09:54
参数：除尘系统耗电率 id:176012 工况id：364446 基准值：0.254285714285714 写入时间：2016-11-14 11:09:55
计算错误,未写入数据库：参数：除尘系统耗电率 id:176012 工况id：364445 基准值：样本太少 写入时间：
计算错误,未写入数据库：参数：除尘系统耗电率 id:176012 工况id：364447 基准值：样本太少 写入时间：
参数：除尘系统耗电率 id:176012 工况id：364449 基准值：0.297317073170732 写入时间：2016-11-14 11:09:57
参数：除尘系统耗电率 id:176012 工况id：364448 基准值：0.5575 写入时间：2016-11-14 11:09:58
参数：除尘系统耗电率 id:176012 工况id：364461 基准值：0.248165499124348 写入时间：2016-11-14 11:09:59
参数：除尘系统耗电率 id:176012 工况id：364460 基准值：0.287155457552369 写入时间：2016-11-14 11:10:00
参数：除尘系统耗电率 id:176012 工况id：364462 基准值：0.2185625 写入时间：2016-11-14 11:10:01
计算错误,未写入数据库：参数：除尘系统耗电率 id:176012 工况id：364464 基准值：样本太少 写入时间：
参数：除尘系统耗电率 id:176012 工况id：364463 基准值：0.222264150943396 写入时间：2016-11-14 11:10:03
参数：除尘系统耗电率 id:176012 工况id：364456 基准值：0 写入时间：2016-11-14 11:10:04
计算错误,未写入数据库：参数：除尘系统耗电率 id:176012 工况id：364455 基准值：样本太少 写入时间：
计算错误,未写入数据库：参数：除尘系统耗电率 id:176012 工况id：364457 基准值：样本太少 写入时间：
参数：除尘系统耗电率 id:176012 工况id：364459 基准值：0.22235294117647 写入时间：2016-11-14 11:10:06
参数：除尘系统耗电率 id:176012 工况id：364458 基准值：0.498125 写入时间：2016-11-14 11:10:07
参数：除尘系统耗电率 id:176012 工况id：364471 基准值：0.223106212424849 写入时间：2016-11-14 11:10:08
参数：除尘系统耗电率 id:176012 工况id：364470 基准值：0.223205928237134 写入时间：2016-11-14 11:10:09
参数：除尘系统耗电率 id:176012 工况id：364472 基准值：0.208721804511277 写入时间：2016-11-14 11:10:10
计算错误,未写入数据库：参数：除尘系统耗电率 id:176012 工况id：364474 基准值：样本太少 写入时间：
参数：除尘系统耗电率 id:176012 工况id：364473 基准值：0.2 写入时间：2016-11-14 11:10:12
参数：除尘系统耗电率 id:176012 工况id：364466 基准值：0.248557692307692 写入时间：2016-11-14 11:10:13
计算错误,未写入数据库：参数：除尘系统耗电率 id:176012 工况id：364465 基准值：样本太少 写入时间：
计算错误,未写入数据库：参数：除尘系统耗电率 id:176012 工况id：364467 基准值：样本太少 写入时间：
参数：除尘系统耗电率 id:176012 工况id：364469 基准值：0.23051818181818 写入时间：2016-11-14 11:10:16
参数：除尘系统耗电率 id:176012 工况id：364468 基准值：0 写入时间：2016-11-14 11:10:17
参数：除尘系统耗电率 id:176012 工况id：364481 基准值：0.218784105060589 写入时间：2016-11-14 11:10:18
参数：除尘系统耗电率 id:176012 工况id：364480 基准值：0.2263026917217 写入时间：2016-11-14 11:10:19
参数：除尘系统耗电率 id:176012 工况id：364482 基准值：0.205914326388016 写入时间：2016-11-14 11:10:20
计算错误,未写入数据库：参数：除尘系统耗电率 id:176012 工况id：364484 基准值：样本太少 写入时间：
参数：除尘系统耗电率 id:176012 工况id：364483 基准值：0.189047619047619 写入时间：2016-11-14 11:10:21
参数：除尘系统耗电率 id:176012 工况id：364476 基准值：0.217775280898875 写入时间：2016-11-14 11:10:22
计算错误,未写入数据库：参数：除尘系统耗电率 id:176012 工况id：364475 基准值：样本太少 写入时间：
参数：除尘系统耗电率 id:176012 工况id：364477 基准值：0.240480769230769 写入时间：2016-11-14 11:10:24
参数：除尘系统耗电率 id:176012 工况id：364479 基准值：0.231439336850037 写入时间：2016-11-14 11:10:25
参数：除尘系统耗电率 id:176012 工况id：364478 基准值：0.147920529801325 写入时间：2016-11-14 11:10:26
参数：除尘系统耗电率 id:176012 工况id：364491 基准值：0.214078225614141 写入时间：2016-11-14 11:10:27
参数：除尘系统耗电率 id:176012 工况id：364490 基准值：0.222000991817516 写入时间：2016-11-14 11:10:28
参数：除尘系统耗电率 id:176012 工况id：364492 基准值：0.198922228202394 写入时间：2016-11-14 11:10:29
参数：除尘系统耗电率 id:176012 工况id：364494 基准值：0.18 写入时间：2016-11-14 11:10:30
参数：除尘系统耗电率 id:176012 工况id：364493 基准值：0.186647727272727 写入时间：2016-11-14 11:10:31
参数：除尘系统耗电率 id:176012 工况id：364486 基准值：0.214621920135939 写入时间：2016-11-14 11:10:32
计算错误,未写入数据库：参数：除尘系统耗电率 id:176012 工况id：364485 基准值：样本太少 写入时间：
参数：除尘系统耗电率 id:176012 工况id：364487 基准值：0.218427947598252 写入时间：2016-11-14 11:10:34
参数：除尘系统耗电率 id:176012 工况id：364489 基准值：0.235848261327713 写入时间：2016-11-14 11:10:35
参数：除尘系统耗电率 id:176012 工况id：364488 基准值：0.236726768377253 写入时间：2016-11-14 11:10:36
参数：除尘系统耗电率 id:176012 工况id：364501 基准值：0.210976628655322 写入时间：2016-11-14 11:10:37
参数：除尘系统耗电率 id:176012 工况id：364500 基准值：0.222865839381892 写入时间：2016-11-14 11:10:38
参数：除尘系统耗电率 id:176012 工况id：364502 基准值：0.192372954349714 写入时间：2016-11-14 11:10:39
计算错误,未写入数据库：参数：除尘系统耗电率 id:176012 工况id：364504 基准值：样本太少 写入时间：
参数：除尘系统耗电率 id:176012 工况id：364503 基准值：0.182267080745341 写入时间：2016-11-14 11:10:41
参数：除尘系统耗电率 id:176012 工况id：364496 基准值：0.208718954248364 写入时间：2016-11-14 11:10:42
计算错误,未写入数据库：参数：除尘系统耗电率 id:176012 工况id：364495 基准值：样本太少 写入时间：
参数：除尘系统耗电率 id:176012 工况id：364497 基准值：0.203951310861423 写入时间：2016-11-14 11:10:44
参数：除尘系统耗电率 id:176012 工况id：364499 基准值：0.218847262247838 写入时间：2016-11-14 11:10:45
参数：除尘系统耗电率 id:176012 工况id：364498 基准值：0 写入时间：2016-11-14 11:10:46
参数：除尘系统耗电率 id:176012 工况id：364511 基准值：0.205319905213285 写入时间：2016-11-14 11:10:47
参数：除尘系统耗电率 id:176012 工况id：364510 基准值：0.222647360328043 写入时间：2016-11-14 11:10:48
参数：除尘系统耗电率 id:176012 工况id：364512 基准值：0.185545650169076 写入时间：2016-11-14 11:10:49
参数：除尘系统耗电率 id:176012 工况id：364514 基准值：0.171702127659574 写入时间：2016-11-14 11:10:50
参数：除尘系统耗电率 id:176012 工况id：364513 基准值：0.168167701863355 写入时间：2016-11-14 11:10:51
参数：除尘系统耗电率 id:176012 工况id：364506 基准值：0.207601214574897 写入时间：2016-11-14 11:10:52
计算错误,未写入数据库：参数：除尘系统耗电率 id:176012 工况id：364505 基准值：样本太少 写入时间：
参数：除尘系统耗电率 id:176012 工况id：364507 基准值：0.201245733788396 写入时间：2016-11-14 11:10:53
参数：除尘系统耗电率 id:176012 工况id：364509 基准值：0.199492671927846 写入时间：2016-11-14 11:10:55
参数：除尘系统耗电率 id:176012 工况id：364508 基准值：0 写入时间：2016-11-14 11:10:56
参数：除尘系统耗电率 id:176012 工况id：364521 基准值：0.198216791676768 写入时间：2016-11-14 11:10:57
参数：除尘系统耗电率 id:176012 工况id：364520 基准值：0.216721129880919 写入时间：2016-11-14 11:10:58
参数：除尘系统耗电率 id:176012 工况id：364522 基准值：0.178723439032359 写入时间：2016-11-14 11:10:59
参数：除尘系统耗电率 id:176012 工况id：364524 基准值：0.158888888888889 写入时间：2016-11-14 11:11:00
参数：除尘系统耗电率 id:176012 工况id：364523 基准值：0.164620355411954 写入时间：2016-11-14 11:11:01
参数：除尘系统耗电率 id:176012 工况id：364516 基准值：0.1896458527493 写入时间：2016-11-14 11:11:02
计算错误,未写入数据库：参数：除尘系统耗电率 id:176012 工况id：364515 基准值：样本太少 写入时间：
参数：除尘系统耗电率 id:176012 工况id：364517 基准值：0.19911111111111 写入时间：2016-11-14 11:11:03
参数：除尘系统耗电率 id:176012 工况id：364519 基准值：0.195030800821356 写入时间：2016-11-14 11:11:04
参数：除尘系统耗电率 id:176012 工况id：364518 基准值：0.21784126984127 写入时间：2016-11-14 11:11:05
参数：除尘系统耗电率 id:176012 工况id：364531 基准值：0.190996432212036 写入时间：2016-11-14 11:11:07
参数：除尘系统耗电率 id:176012 工况id：364530 基准值：0.218194842406867 写入时间：2016-11-14 11:11:08
参数：除尘系统耗电率 id:176012 工况id：364532 基准值：0.172009202453982 写入时间：2016-11-14 11:11:09
参数：除尘系统耗电率 id:176012 工况id：364534 基准值：0.1568 写入时间：2016-11-14 11:11:10
参数：除尘系统耗电率 id:176012 工况id：364533 基准值：0.161245551601422 写入时间：2016-11-14 11:11:11
参数：除尘系统耗电率 id:176012 工况id：364526 基准值：0.177429078014186 写入时间：2016-11-14 11:11:12
计算错误,未写入数据库：参数：除尘系统耗电率 id:176012 工况id：364525 基准值：样本太少 写入时间：
参数：除尘系统耗电率 id:176012 工况id：364527 基准值：0.186550925925926 写入时间：2016-11-14 11:11:13
参数：除尘系统耗电率 id:176012 工况id：364529 基准值：0.185261655566129 写入时间：2016-11-14 11:11:14
参数：除尘系统耗电率 id:176012 工况id：364528 基准值：0.204245472837022 写入时间：2016-11-14 11:11:15
参数：除尘系统耗电率 id:176012 工况id：364541 基准值：0.191746980127304 写入时间：2016-11-14 11:11:16
参数：除尘系统耗电率 id:176012 工况id：364540 基准值：0.216031941031937 写入时间：2016-11-14 11:11:18
参数：除尘系统耗电率 id:176012 工况id：364542 基准值：0.170430820215405 写入时间：2016-11-14 11:11:19
参数：除尘系统耗电率 id:176012 工况id：364544 基准值：0.15 写入时间：2016-11-14 11:11:20
参数：除尘系统耗电率 id:176012 工况id：364543 基准值：0.148841698841699 写入时间：2016-11-14 11:11:21
参数：除尘系统耗电率 id:176012 工况id：364536 基准值：0.168407407407408 写入时间：2016-11-14 11:11:22
计算错误,未写入数据库：参数：除尘系统耗电率 id:176012 工况id：364535 基准值：样本太少 写入时间：
参数：除尘系统耗电率 id:176012 工况id：364537 基准值：0.183551637279597 写入时间：2016-11-14 11:11:23
参数：除尘系统耗电率 id:176012 工况id：364539 基准值：0.306809440559442 写入时间：2016-11-14 11:11:24
参数：除尘系统耗电率 id:176012 工况id：364538 基准值：0.158294573643411 写入时间：2016-11-14 11:11:25
参数：除尘系统耗电率 id:176012 工况id：364551 基准值：0.1891484783277 写入时间：2016-11-14 11:11:26
参数：除尘系统耗电率 id:176012 工况id：364550 基准值：0.215769400352726 写入时间：2016-11-14 11:11:27
参数：除尘系统耗电率 id:176012 工况id：364552 基准值：0.166601321116549 写入时间：2016-11-14 11:11:28
参数：除尘系统耗电率 id:176012 工况id：364554 基准值：0.139649122807017 写入时间：2016-11-14 11:11:30
参数：除尘系统耗电率 id:176012 工况id：364553 基准值：0.151815008726004 写入时间：2016-11-14 11:11:31
参数：除尘系统耗电率 id:176012 工况id：364546 基准值：0.178933030646992 写入时间：2016-11-14 11:11:32
计算错误,未写入数据库：参数：除尘系统耗电率 id:176012 工况id：364545 基准值：样本太少 写入时间：
参数：除尘系统耗电率 id:176012 工况id：364547 基准值：0.178828125 写入时间：2016-11-14 11:11:33
参数：除尘系统耗电率 id:176012 工况id：364549 基准值：0.178677325581396 写入时间：2016-11-14 11:11:34
参数：除尘系统耗电率 id:176012 工况id：364548 基准值：0.194964639321075 写入时间：2016-11-14 11:11:35
参数：除尘系统耗电率 id:176012 工况id：364561 基准值：0.186431226765805 写入时间：2016-11-14 11:11:36
参数：除尘系统耗电率 id:176012 工况id：364560 基准值：0.211732394366194 写入时间：2016-11-14 11:11:37
参数：除尘系统耗电率 id:176012 工况id：364562 基准值：0.161070482246947 写入时间：2016-11-14 11:11:38
参数：除尘系统耗电率 id:176012 工况id：364564 基准值：0.14 写入时间：2016-11-14 11:11:39
参数：除尘系统耗电率 id:176012 工况id：364563 基准值：0.142948517940718 写入时间：2016-11-14 11:11:40
参数：除尘系统耗电率 id:176012 工况id：364556 基准值：0.15867279894875 写入时间：2016-11-14 11:11:41
计算错误,未写入数据库：参数：除尘系统耗电率 id:176012 工况id：364555 基准值：样本太少 写入时间：
参数：除尘系统耗电率 id:176012 工况id：364557 基准值：0.172475247524753 写入时间：2016-11-14 11:11:43
参数：除尘系统耗电率 id:176012 工况id：364559 基准值：0.179280423280424 写入时间：2016-11-14 11:11:44
参数：除尘系统耗电率 id:176012 工况id：364558 基准值：0.186790419161676 写入时间：2016-11-14 11:11:45
参数：除尘系统耗电率 id:176012 工况id：364571 基准值：0.181577011494258 写入时间：2016-11-14 11:11:46
参数：除尘系统耗电率 id:176012 工况id：364570 基准值：0.206999737739306 写入时间：2016-11-14 11:11:47
参数：除尘系统耗电率 id:176012 工况id：364572 基准值：0.159455549710671 写入时间：2016-11-14 11:11:48
参数：除尘系统耗电率 id:176012 工况id：364574 基准值：0.13 写入时间：2016-11-14 11:11:49
参数：除尘系统耗电率 id:176012 工况id：364573 基准值：0.137166666666667 写入时间：2016-11-14 11:11:50
参数：除尘系统耗电率 id:176012 工况id：364566 基准值：0.15924039320822 写入时间：2016-11-14 11:11:51
计算错误,未写入数据库：参数：除尘系统耗电率 id:176012 工况id：364565 基准值：样本太少 写入时间：
参数：除尘系统耗电率 id:176012 工况id：364567 基准值：0.157611940298508 写入时间：2016-11-14 11:11:53
参数：除尘系统耗电率 id:176012 工况id：364569 基准值：0.156991150442478 写入时间：2016-11-14 11:11:54
参数：除尘系统耗电率 id:176012 工况id：364568 基准值：0.173935091277889 写入时间：2016-11-14 11:11:55
参数：除尘系统耗电率 id:176012 工况id：364581 基准值：0.171469442780111 写入时间：2016-11-14 11:11:56
参数：除尘系统耗电率 id:176012 工况id：364580 基准值：0.201623750378673 写入时间：2016-11-14 11:11:57
参数：除尘系统耗电率 id:176012 工况id：364582 基准值：0.158471627408988 写入时间：2016-11-14 11:11:58
参数：除尘系统耗电率 id:176012 工况id：364584 基准值：0.129777777777778 写入时间：2016-11-14 11:11:59
参数：除尘系统耗电率 id:176012 工况id：364583 基准值：0.144386920980926 写入时间：2016-11-14 11:12:00
参数：除尘系统耗电率 id:176012 工况id：364576 基准值：0.152917139614075 写入时间：2016-11-14 11:12:01
计算错误,未写入数据库：参数：除尘系统耗电率 id:176012 工况id：364575 基准值：样本太少 写入时间：
参数：除尘系统耗电率 id:176012 工况id：364577 基准值：0.158492647058823 写入时间：2016-11-14 11:12:03
参数：除尘系统耗电率 id:176012 工况id：364579 基准值：0.1487106918239 写入时间：2016-11-14 11:12:04
参数：除尘系统耗电率 id:176012 工况id：364578 基准值：0.165327510917031 写入时间：2016-11-14 11:12:05
参数：除尘系统耗电率 id:176012 工况id：364591 基准值：0.169971056439939 写入时间：2016-11-14 11:12:06
参数：除尘系统耗电率 id:176012 工况id：364590 基准值：0.182241379310342 写入时间：2016-11-14 11:12:07
参数：除尘系统耗电率 id:176012 工况id：364592 基准值：0.158255360623779 写入时间：2016-11-14 11:12:08
参数：除尘系统耗电率 id:176012 工况id：364594 基准值：0.1276 写入时间：2016-11-14 11:12:09
参数：除尘系统耗电率 id:176012 工况id：364593 基准值：0.128988764044945 写入时间：2016-11-14 11:12:10
参数：除尘系统耗电率 id:176012 工况id：364586 基准值：0.159105960264902 写入时间：2016-11-14 11:12:11
计算错误,未写入数据库：参数：除尘系统耗电率 id:176012 工况id：364585 基准值：样本太少 写入时间：
参数：除尘系统耗电率 id:176012 工况id：364587 基准值：0.156844919786096 写入时间：2016-11-14 11:12:13
参数：除尘系统耗电率 id:176012 工况id：364589 基准值：0.145933075933076 写入时间：2016-11-14 11:12:14
参数：除尘系统耗电率 id:176012 工况id：364588 基准值：0.170528846153847 写入时间：2016-11-14 11:12:15
参数：除尘系统耗电率 id:176012 工况id：364601 基准值：0.165853397538791 写入时间：2016-11-14 11:12:16
参数：除尘系统耗电率 id:176012 工况id：364600 基准值：0.178150197628457 写入时间：2016-11-14 11:12:17
参数：除尘系统耗电率 id:176012 工况id：364602 基准值：0.151176470588232 写入时间：2016-11-14 11:12:18
参数：除尘系统耗电率 id:176012 工况id：364604 基准值：0.13 写入时间：2016-11-14 11:12:19
参数：除尘系统耗电率 id:176012 工况id：364603 基准值：0.130000000000001 写入时间：2016-11-14 11:12:20
参数：除尘系统耗电率 id:176012 工况id：364596 基准值：0.144100660066006 写入时间：2016-11-14 11:12:21
计算错误,未写入数据库：参数：除尘系统耗电率 id:176012 工况id：364595 基准值：样本太少 写入时间：
参数：除尘系统耗电率 id:176012 工况id：364597 基准值：0.1425 写入时间：2016-11-14 11:12:23
参数：除尘系统耗电率 id:176012 工况id：364599 基准值：0.146588486140725 写入时间：2016-11-14 11:12:24
参数：除尘系统耗电率 id:176012 工况id：364598 基准值：0.156031363088059 写入时间：2016-11-14 11:12:25
参数：除尘系统耗电率 id:176012 工况id：364611 基准值：0.163664510166356 写入时间：2016-11-14 11:12:26
参数：除尘系统耗电率 id:176012 工况id：364610 基准值：0.176372026979054 写入时间：2016-11-14 11:12:27
参数：除尘系统耗电率 id:176012 工况id：364612 基准值：0.154763851044503 写入时间：2016-11-14 11:12:28
参数：除尘系统耗电率 id:176012 工况id：364614 基准值：0.12 写入时间：2016-11-14 11:12:29
参数：除尘系统耗电率 id:176012 工况id：364613 基准值：0.123464285714286 写入时间：2016-11-14 11:12:30
参数：除尘系统耗电率 id:176012 工况id：364606 基准值：0.142324093816632 写入时间：2016-11-14 11:12:31
计算错误,未写入数据库：参数：除尘系统耗电率 id:176012 工况id：364605 基准值：样本太少 写入时间：
参数：除尘系统耗电率 id:176012 工况id：364607 基准值：0.145971223021583 写入时间：2016-11-14 11:12:33
参数：除尘系统耗电率 id:176012 工况id：364609 基准值：0.262503259452413 写入时间：2016-11-14 11:12:34
参数：除尘系统耗电率 id:176012 工况id：364608 基准值：0.154104609929076 写入时间：2016-11-14 11:12:35
参数：除尘系统耗电率 id:176012 工况id：364621 基准值：0.165544755877032 写入时间：2016-11-14 11:12:36
参数：除尘系统耗电率 id:176012 工况id：364620 基准值：0.162959575095896 写入时间：2016-11-14 11:12:37
参数：除尘系统耗电率 id:176012 工况id：364622 基准值：0.142512296632615 写入时间：2016-11-14 11:12:38
参数：除尘系统耗电率 id:176012 工况id：364624 基准值：0.12 写入时间：2016-11-14 11:12:39
参数：除尘系统耗电率 id:176012 工况id：364623 基准值：0.119076396807299 写入时间：2016-11-14 11:12:40
参数：除尘系统耗电率 id:176012 工况id：364616 基准值：0.144134948096885 写入时间：2016-11-14 11:12:41
计算错误,未写入数据库：参数：除尘系统耗电率 id:176012 工况id：364615 基准值：样本太少 写入时间：
参数：除尘系统耗电率 id:176012 工况id：364617 基准值：0.139169435215947 写入时间：2016-11-14 11:12:43
参数：除尘系统耗电率 id:176012 工况id：364619 基准值：0.238875171467764 写入时间：2016-11-14 11:12:44
参数：除尘系统耗电率 id:176012 工况id：364618 基准值：0.212279020234291 写入时间：2016-11-14 11:12:45
参数：除尘系统耗电率 id:176012 工况id：364631 基准值：0.168122634367903 写入时间：2016-11-14 11:12:46
参数：除尘系统耗电率 id:176012 工况id：364630 基准值：0.166961414790995 写入时间：2016-11-14 11:12:47
参数：除尘系统耗电率 id:176012 工况id：364632 基准值：0.14222366148532 写入时间：2016-11-14 11:12:48
参数：除尘系统耗电率 id:176012 工况id：364634 基准值：0.123367346938775 写入时间：2016-11-14 11:12:49
参数：除尘系统耗电率 id:176012 工况id：364633 基准值：0.120647058823529 写入时间：2016-11-14 11:12:50
参数：除尘系统耗电率 id:176012 工况id：364626 基准值：0.14048969072165 写入时间：2016-11-14 11:12:51
计算错误,未写入数据库：参数：除尘系统耗电率 id:176012 工况id：364625 基准值：样本太少 写入时间：
参数：除尘系统耗电率 id:176012 工况id：364627 基准值：0.136095890410959 写入时间：2016-11-14 11:12:52
参数：除尘系统耗电率 id:176012 工况id：364629 基准值：0.228742857142857 写入时间：2016-11-14 11:12:53
参数：除尘系统耗电率 id:176012 工况id：364628 基准值：0.222182628062361 写入时间：2016-11-14 11:12:55
参数：除尘系统耗电率 id:176012 工况id：364641 基准值：0.158595568907248 写入时间：2016-11-14 11:12:56
参数：除尘系统耗电率 id:176012 工况id：364640 基准值：0.169601242879336 写入时间：2016-11-14 11:12:57
参数：除尘系统耗电率 id:176012 工况id：364642 基准值：0.137401107594938 写入时间：2016-11-14 11:12:58
参数：除尘系统耗电率 id:176012 工况id：364644 基准值：0.113296703296703 写入时间：2016-11-14 11:12:59
参数：除尘系统耗电率 id:176012 工况id：364643 基准值：0.122640364188164 写入时间：2016-11-14 11:13:00
参数：除尘系统耗电率 id:176012 工况id：364636 基准值：0.14938239159001 写入时间：2016-11-14 11:13:01
计算错误,未写入数据库：参数：除尘系统耗电率 id:176012 工况id：364635 基准值：样本太少 写入时间：
参数：除尘系统耗电率 id:176012 工况id：364637 基准值：0.135721271393643 写入时间：2016-11-14 11:13:02
参数：除尘系统耗电率 id:176012 工况id：364639 基准值：0.139950495049505 写入时间：2016-11-14 11:13:03
参数：除尘系统耗电率 id:176012 工况id：364638 基准值：0.252766439909296 写入时间：2016-11-14 11:13:04
参数：除尘系统耗电率 id:176012 工况id：364651 基准值：0.151474630021143 写入时间：2016-11-14 11:13:05
参数：除尘系统耗电率 id:176012 工况id：364650 基准值：0.125022988505747 写入时间：2016-11-14 11:13:06
参数：除尘系统耗电率 id:176012 工况id：364652 基准值：0.139564381806535 写入时间：2016-11-14 11:13:07
参数：除尘系统耗电率 id:176012 工况id：364654 基准值：0.111047619047619 写入时间：2016-11-14 11:13:08
参数：除尘系统耗电率 id:176012 工况id：364653 基准值：0.116079812206572 写入时间：2016-11-14 11:13:09
参数：除尘系统耗电率 id:176012 工况id：364646 基准值：0.137609223300971 写入时间：2016-11-14 11:13:10
计算错误,未写入数据库：参数：除尘系统耗电率 id:176012 工况id：364645 基准值：样本太少 写入时间：
参数：除尘系统耗电率 id:176012 工况id：364647 基准值：0.126051282051282 写入时间：2016-11-14 11:13:12
参数：除尘系统耗电率 id:176012 工况id：364649 基准值：0.134237288135593 写入时间：2016-11-14 11:13:13
参数：除尘系统耗电率 id:176012 工况id：364648 基准值：0.254882352941176 写入时间：2016-11-14 11:13:14
参数：除尘系统耗电率 id:176012 工况id：364661 基准值：0.150383275261323 写入时间：2016-11-14 11:13:15
参数：除尘系统耗电率 id:176012 工况id：364660 基准值：0.126057441253264 写入时间：2016-11-14 11:13:16
参数：除尘系统耗电率 id:176012 工况id：364662 基准值：0.116520423600605 写入时间：2016-11-14 11:13:17
参数：除尘系统耗电率 id:176012 工况id：364664 基准值：0.10987012987013 写入时间：2016-11-14 11:13:18
参数：除尘系统耗电率 id:176012 工况id：364663 基准值：0.114688427299703 写入时间：2016-11-14 11:13:19
参数：除尘系统耗电率 id:176012 工况id：364656 基准值：0.123636363636364 写入时间：2016-11-14 11:13:20
计算错误,未写入数据库：参数：除尘系统耗电率 id:176012 工况id：364655 基准值：样本太少 写入时间：
参数：除尘系统耗电率 id:176012 工况id：364657 基准值：0.127422680412371 写入时间：2016-11-14 11:13:22
参数：除尘系统耗电率 id:176012 工况id：364659 基准值：0.129146341463415 写入时间：2016-11-14 11:13:23
参数：除尘系统耗电率 id:176012 工况id：364658 基准值：0.198477011494253 写入时间：2016-11-14 11:13:24
参数：除尘系统耗电率 id:176012 工况id：364671 基准值：0.166011644832608 写入时间：2016-11-14 11:13:25
参数：除尘系统耗电率 id:176012 工况id：364670 基准值：0.113794642857143 写入时间：2016-11-14 11:13:26
参数：除尘系统耗电率 id:176012 工况id：364672 基准值：0.113206703910614 写入时间：2016-11-14 11:13:27
计算错误,未写入数据库：参数：除尘系统耗电率 id:176012 工况id：364674 基准值：样本太少 写入时间：
参数：除尘系统耗电率 id:176012 工况id：364673 基准值：0.107702702702702 写入时间：2016-11-14 11:13:29
参数：除尘系统耗电率 id:176012 工况id：364666 基准值：0.118151632540125 写入时间：2016-11-14 11:13:30
计算错误,未写入数据库：参数：除尘系统耗电率 id:176012 工况id：364665 基准值：样本太少 写入时间：
参数：除尘系统耗电率 id:176012 工况id：364667 基准值：0.209685534591195 写入时间：2016-11-14 11:13:31
参数：除尘系统耗电率 id:176012 工况id：364669 基准值：0.12376024590164 写入时间：2016-11-14 11:13:32
参数：除尘系统耗电率 id:176012 工况id：364668 基准值：0.13123695976155 写入时间：2016-11-14 11:13:33
参数：除尘系统耗电率 id:176012 工况id：364681 基准值：0.144208494208494 写入时间：2016-11-14 11:13:34
参数：除尘系统耗电率 id:176012 工况id：364680 基准值：0.11009900990099 写入时间：2016-11-14 11:13:36
参数：除尘系统耗电率 id:176012 工况id：364682 基准值：0.109322033898305 写入时间：2016-11-14 11:13:37
计算错误,未写入数据库：参数：除尘系统耗电率 id:176012 工况id：364684 基准值：样本太少 写入时间：
计算错误,未写入数据库：参数：除尘系统耗电率 id:176012 工况id：364683 基准值：样本太少 写入时间：
参数：除尘系统耗电率 id:176012 工况id：364676 基准值：0.123813333333333 写入时间：2016-11-14 11:13:39
计算错误,未写入数据库：参数：除尘系统耗电率 id:176012 工况id：364675 基准值：样本太少 写入时间：
参数：除尘系统耗电率 id:176012 工况id：364677 基准值：0.12 写入时间：2016-11-14 11:13:41
参数：除尘系统耗电率 id:176012 工况id：364679 基准值：0.12343653250774 写入时间：2016-11-14 11:13:42
参数：除尘系统耗电率 id:176012 工况id：364678 基准值：0.257247706422018 写入时间：2016-11-14 11:13:43
