创建时间：2016-11-14 09:15:10
参数：中压缸排汽压力 id:176021 工况id：364441 设计值：0.2905 写入时间：2016-11-14 21:15:10
参数：中压缸排汽压力 id:176021 工况id：364440 设计值：0.2905 写入时间：2016-11-14 21:15:10
参数：中压缸排汽压力 id:176021 工况id：364442 设计值：0.2905 写入时间：2016-11-14 21:15:10
参数：中压缸排汽压力 id:176021 工况id：364444 设计值：0.2905 写入时间：2016-11-14 21:15:10
参数：中压缸排汽压力 id:176021 工况id：364443 设计值：0.2905 写入时间：2016-11-14 21:15:10
参数：中压缸排汽压力 id:176021 工况id：364438 设计值：0.2905 写入时间：2016-11-14 21:15:10
参数：中压缸排汽压力 id:176021 工况id：364437 设计值：0.2905 写入时间：2016-11-14 21:15:10
参数：中压缸排汽压力 id:176021 工况id：364439 设计值：0.2905 写入时间：2016-11-14 21:15:10
参数：中压缸排汽压力 id:176021 工况id：364436 设计值：0.2905 写入时间：2016-11-14 21:15:10
参数：中压缸排汽压力 id:176021 工况id：364435 设计值：0.2905 写入时间：2016-11-14 21:15:10
参数：中压缸排汽压力 id:176021 工况id：364451 设计值：0.2905 写入时间：2016-11-14 21:15:10
参数：中压缸排汽压力 id:176021 工况id：364450 设计值：0.2905 写入时间：2016-11-14 21:15:10
参数：中压缸排汽压力 id:176021 工况id：364452 设计值：0.2905 写入时间：2016-11-14 21:15:10
参数：中压缸排汽压力 id:176021 工况id：364454 设计值：0.2905 写入时间：2016-11-14 21:15:10
参数：中压缸排汽压力 id:176021 工况id：364453 设计值：0.2905 写入时间：2016-11-14 21:15:10
参数：中压缸排汽压力 id:176021 工况id：364446 设计值：0.2905 写入时间：2016-11-14 21:15:10
参数：中压缸排汽压力 id:176021 工况id：364445 设计值：0.2905 写入时间：2016-11-14 21:15:10
参数：中压缸排汽压力 id:176021 工况id：364447 设计值：0.2905 写入时间：2016-11-14 21:15:10
参数：中压缸排汽压力 id:176021 工况id：364449 设计值：0.2905 写入时间：2016-11-14 21:15:11
参数：中压缸排汽压力 id:176021 工况id：364448 设计值：0.2905 写入时间：2016-11-14 21:15:11
参数：中压缸排汽压力 id:176021 工况id：364461 设计值：0.2905 写入时间：2016-11-14 21:15:11
参数：中压缸排汽压力 id:176021 工况id：364460 设计值：0.2905 写入时间：2016-11-14 21:15:11
参数：中压缸排汽压力 id:176021 工况id：364462 设计值：0.2905 写入时间：2016-11-14 21:15:11
参数：中压缸排汽压力 id:176021 工况id：364464 设计值：0.2905 写入时间：2016-11-14 21:15:11
参数：中压缸排汽压力 id:176021 工况id：364463 设计值：0.2905 写入时间：2016-11-14 21:15:11
参数：中压缸排汽压力 id:176021 工况id：364456 设计值：0.2905 写入时间：2016-11-14 21:15:11
参数：中压缸排汽压力 id:176021 工况id：364455 设计值：0.2905 写入时间：2016-11-14 21:15:11
参数：中压缸排汽压力 id:176021 工况id：364457 设计值：0.2905 写入时间：2016-11-14 21:15:11
参数：中压缸排汽压力 id:176021 工况id：364459 设计值：0.2905 写入时间：2016-11-14 21:15:11
参数：中压缸排汽压力 id:176021 工况id：364458 设计值：0.2905 写入时间：2016-11-14 21:15:11
参数：中压缸排汽压力 id:176021 工况id：364471 设计值：0.2905 写入时间：2016-11-14 21:15:11
参数：中压缸排汽压力 id:176021 工况id：364470 设计值：0.2905 写入时间：2016-11-14 21:15:11
参数：中压缸排汽压力 id:176021 工况id：364472 设计值：0.2905 写入时间：2016-11-14 21:15:11
参数：中压缸排汽压力 id:176021 工况id：364474 设计值：0.2905 写入时间：2016-11-14 21:15:11
参数：中压缸排汽压力 id:176021 工况id：364473 设计值：0.2905 写入时间：2016-11-14 21:15:11
参数：中压缸排汽压力 id:176021 工况id：364466 设计值：0.2905 写入时间：2016-11-14 21:15:11
参数：中压缸排汽压力 id:176021 工况id：364465 设计值：0.2905 写入时间：2016-11-14 21:15:11
参数：中压缸排汽压力 id:176021 工况id：364467 设计值：0.2905 写入时间：2016-11-14 21:15:11
参数：中压缸排汽压力 id:176021 工况id：364469 设计值：0.2905 写入时间：2016-11-14 21:15:11
参数：中压缸排汽压力 id:176021 工况id：364468 设计值：0.2905 写入时间：2016-11-14 21:15:11
参数：中压缸排汽压力 id:176021 工况id：364481 设计值：0.337 写入时间：2016-11-14 21:15:11
参数：中压缸排汽压力 id:176021 工况id：364480 设计值：0.337 写入时间：2016-11-14 21:15:11
参数：中压缸排汽压力 id:176021 工况id：364482 设计值：0.337 写入时间：2016-11-14 21:15:11
参数：中压缸排汽压力 id:176021 工况id：364484 设计值：0.337 写入时间：2016-11-14 21:15:11
参数：中压缸排汽压力 id:176021 工况id：364483 设计值：0.337 写入时间：2016-11-14 21:15:11
参数：中压缸排汽压力 id:176021 工况id：364476 设计值：0.337 写入时间：2016-11-14 21:15:11
参数：中压缸排汽压力 id:176021 工况id：364475 设计值：0.337 写入时间：2016-11-14 21:15:12
参数：中压缸排汽压力 id:176021 工况id：364477 设计值：0.337 写入时间：2016-11-14 21:15:12
参数：中压缸排汽压力 id:176021 工况id：364479 设计值：0.337 写入时间：2016-11-14 21:15:12
参数：中压缸排汽压力 id:176021 工况id：364478 设计值：0.337 写入时间：2016-11-14 21:15:12
参数：中压缸排汽压力 id:176021 工况id：364491 设计值：0.337 写入时间：2016-11-14 21:15:12
参数：中压缸排汽压力 id:176021 工况id：364490 设计值：0.337 写入时间：2016-11-14 21:15:12
参数：中压缸排汽压力 id:176021 工况id：364492 设计值：0.337 写入时间：2016-11-14 21:15:12
参数：中压缸排汽压力 id:176021 工况id：364494 设计值：0.337 写入时间：2016-11-14 21:15:12
参数：中压缸排汽压力 id:176021 工况id：364493 设计值：0.337 写入时间：2016-11-14 21:15:12
参数：中压缸排汽压力 id:176021 工况id：364486 设计值：0.337 写入时间：2016-11-14 21:15:12
参数：中压缸排汽压力 id:176021 工况id：364485 设计值：0.337 写入时间：2016-11-14 21:15:12
参数：中压缸排汽压力 id:176021 工况id：364487 设计值：0.337 写入时间：2016-11-14 21:15:12
参数：中压缸排汽压力 id:176021 工况id：364489 设计值：0.337 写入时间：2016-11-14 21:15:12
参数：中压缸排汽压力 id:176021 工况id：364488 设计值：0.337 写入时间：2016-11-14 21:15:12
参数：中压缸排汽压力 id:176021 工况id：364501 设计值：0.337 写入时间：2016-11-14 21:15:12
参数：中压缸排汽压力 id:176021 工况id：364500 设计值：0.337 写入时间：2016-11-14 21:15:12
参数：中压缸排汽压力 id:176021 工况id：364502 设计值：0.337 写入时间：2016-11-14 21:15:12
参数：中压缸排汽压力 id:176021 工况id：364504 设计值：0.337 写入时间：2016-11-14 21:15:12
参数：中压缸排汽压力 id:176021 工况id：364503 设计值：0.337 写入时间：2016-11-14 21:15:12
参数：中压缸排汽压力 id:176021 工况id：364496 设计值：0.337 写入时间：2016-11-14 21:15:12
参数：中压缸排汽压力 id:176021 工况id：364495 设计值：0.337 写入时间：2016-11-14 21:15:12
参数：中压缸排汽压力 id:176021 工况id：364497 设计值：0.337 写入时间：2016-11-14 21:15:12
参数：中压缸排汽压力 id:176021 工况id：364499 设计值：0.337 写入时间：2016-11-14 21:15:12
参数：中压缸排汽压力 id:176021 工况id：364498 设计值：0.337 写入时间：2016-11-14 21:15:12
参数：中压缸排汽压力 id:176021 工况id：364511 设计值：0.337 写入时间：2016-11-14 21:15:12
参数：中压缸排汽压力 id:176021 工况id：364510 设计值：0.337 写入时间：2016-11-14 21:15:12
参数：中压缸排汽压力 id:176021 工况id：364512 设计值：0.337 写入时间：2016-11-14 21:15:13
参数：中压缸排汽压力 id:176021 工况id：364514 设计值：0.337 写入时间：2016-11-14 21:15:13
参数：中压缸排汽压力 id:176021 工况id：364513 设计值：0.337 写入时间：2016-11-14 21:15:13
参数：中压缸排汽压力 id:176021 工况id：364506 设计值：0.337 写入时间：2016-11-14 21:15:13
参数：中压缸排汽压力 id:176021 工况id：364505 设计值：0.337 写入时间：2016-11-14 21:15:13
参数：中压缸排汽压力 id:176021 工况id：364507 设计值：0.337 写入时间：2016-11-14 21:15:13
参数：中压缸排汽压力 id:176021 工况id：364509 设计值：0.337 写入时间：2016-11-14 21:15:13
参数：中压缸排汽压力 id:176021 工况id：364508 设计值：0.337 写入时间：2016-11-14 21:15:13
参数：中压缸排汽压力 id:176021 工况id：364521 设计值：0.337 写入时间：2016-11-14 21:15:13
参数：中压缸排汽压力 id:176021 工况id：364520 设计值：0.337 写入时间：2016-11-14 21:15:13
参数：中压缸排汽压力 id:176021 工况id：364522 设计值：0.337 写入时间：2016-11-14 21:15:13
参数：中压缸排汽压力 id:176021 工况id：364524 设计值：0.337 写入时间：2016-11-14 21:15:13
参数：中压缸排汽压力 id:176021 工况id：364523 设计值：0.337 写入时间：2016-11-14 21:15:13
参数：中压缸排汽压力 id:176021 工况id：364516 设计值：0.337 写入时间：2016-11-14 21:15:13
参数：中压缸排汽压力 id:176021 工况id：364515 设计值：0.337 写入时间：2016-11-14 21:15:13
参数：中压缸排汽压力 id:176021 工况id：364517 设计值：0.337 写入时间：2016-11-14 21:15:13
参数：中压缸排汽压力 id:176021 工况id：364519 设计值：0.337 写入时间：2016-11-14 21:15:13
参数：中压缸排汽压力 id:176021 工况id：364518 设计值：0.337 写入时间：2016-11-14 21:15:13
参数：中压缸排汽压力 id:176021 工况id：364531 设计值：0.337 写入时间：2016-11-14 21:15:14
参数：中压缸排汽压力 id:176021 工况id：364530 设计值：0.337 写入时间：2016-11-14 21:15:14
参数：中压缸排汽压力 id:176021 工况id：364532 设计值：0.337 写入时间：2016-11-14 21:15:14
参数：中压缸排汽压力 id:176021 工况id：364534 设计值：0.337 写入时间：2016-11-14 21:15:14
参数：中压缸排汽压力 id:176021 工况id：364533 设计值：0.337 写入时间：2016-11-14 21:15:14
参数：中压缸排汽压力 id:176021 工况id：364526 设计值：0.337 写入时间：2016-11-14 21:15:14
参数：中压缸排汽压力 id:176021 工况id：364525 设计值：0.337 写入时间：2016-11-14 21:15:14
参数：中压缸排汽压力 id:176021 工况id：364527 设计值：0.337 写入时间：2016-11-14 21:15:14
参数：中压缸排汽压力 id:176021 工况id：364529 设计值：0.337 写入时间：2016-11-14 21:15:14
参数：中压缸排汽压力 id:176021 工况id：364528 设计值：0.337 写入时间：2016-11-14 21:15:14
参数：中压缸排汽压力 id:176021 工况id：364541 设计值：0.337 写入时间：2016-11-14 21:15:14
参数：中压缸排汽压力 id:176021 工况id：364540 设计值：0.337 写入时间：2016-11-14 21:15:14
参数：中压缸排汽压力 id:176021 工况id：364542 设计值：0.337 写入时间：2016-11-14 21:15:14
参数：中压缸排汽压力 id:176021 工况id：364544 设计值：0.337 写入时间：2016-11-14 21:15:14
参数：中压缸排汽压力 id:176021 工况id：364543 设计值：0.337 写入时间：2016-11-14 21:15:14
参数：中压缸排汽压力 id:176021 工况id：364536 设计值：0.337 写入时间：2016-11-14 21:15:14
参数：中压缸排汽压力 id:176021 工况id：364535 设计值：0.337 写入时间：2016-11-14 21:15:14
参数：中压缸排汽压力 id:176021 工况id：364537 设计值：0.337 写入时间：2016-11-14 21:15:14
参数：中压缸排汽压力 id:176021 工况id：364539 设计值：0.337 写入时间：2016-11-14 21:15:14
参数：中压缸排汽压力 id:176021 工况id：364538 设计值：0.337 写入时间：2016-11-14 21:15:14
参数：中压缸排汽压力 id:176021 工况id：364551 设计值：0.337 写入时间：2016-11-14 21:15:14
参数：中压缸排汽压力 id:176021 工况id：364550 设计值：0.337 写入时间：2016-11-14 21:15:14
参数：中压缸排汽压力 id:176021 工况id：364552 设计值：0.337 写入时间：2016-11-14 21:15:15
参数：中压缸排汽压力 id:176021 工况id：364554 设计值：0.337 写入时间：2016-11-14 21:15:15
参数：中压缸排汽压力 id:176021 工况id：364553 设计值：0.337 写入时间：2016-11-14 21:15:15
参数：中压缸排汽压力 id:176021 工况id：364546 设计值：0.337 写入时间：2016-11-14 21:15:15
参数：中压缸排汽压力 id:176021 工况id：364545 设计值：0.337 写入时间：2016-11-14 21:15:15
参数：中压缸排汽压力 id:176021 工况id：364547 设计值：0.337 写入时间：2016-11-14 21:15:15
参数：中压缸排汽压力 id:176021 工况id：364549 设计值：0.337 写入时间：2016-11-14 21:15:15
参数：中压缸排汽压力 id:176021 工况id：364548 设计值：0.337 写入时间：2016-11-14 21:15:15
参数：中压缸排汽压力 id:176021 工况id：364561 设计值：0.337 写入时间：2016-11-14 21:15:15
参数：中压缸排汽压力 id:176021 工况id：364560 设计值：0.337 写入时间：2016-11-14 21:15:15
参数：中压缸排汽压力 id:176021 工况id：364562 设计值：0.337 写入时间：2016-11-14 21:15:15
参数：中压缸排汽压力 id:176021 工况id：364564 设计值：0.337 写入时间：2016-11-14 21:15:15
参数：中压缸排汽压力 id:176021 工况id：364563 设计值：0.337 写入时间：2016-11-14 21:15:15
参数：中压缸排汽压力 id:176021 工况id：364556 设计值：0.337 写入时间：2016-11-14 21:15:15
参数：中压缸排汽压力 id:176021 工况id：364555 设计值：0.337 写入时间：2016-11-14 21:15:15
参数：中压缸排汽压力 id:176021 工况id：364557 设计值：0.337 写入时间：2016-11-14 21:15:15
参数：中压缸排汽压力 id:176021 工况id：364559 设计值：0.337 写入时间：2016-11-14 21:15:15
参数：中压缸排汽压力 id:176021 工况id：364558 设计值：0.337 写入时间：2016-11-14 21:15:15
参数：中压缸排汽压力 id:176021 工况id：364571 设计值：0.337 写入时间：2016-11-14 21:15:15
参数：中压缸排汽压力 id:176021 工况id：364570 设计值：0.337 写入时间：2016-11-14 21:15:15
参数：中压缸排汽压力 id:176021 工况id：364572 设计值：0.337 写入时间：2016-11-14 21:15:15
参数：中压缸排汽压力 id:176021 工况id：364574 设计值：0.337 写入时间：2016-11-14 21:15:15
参数：中压缸排汽压力 id:176021 工况id：364573 设计值：0.337 写入时间：2016-11-14 21:15:15
参数：中压缸排汽压力 id:176021 工况id：364566 设计值：0.337 写入时间：2016-11-14 21:15:15
参数：中压缸排汽压力 id:176021 工况id：364565 设计值：0.337 写入时间：2016-11-14 21:15:16
参数：中压缸排汽压力 id:176021 工况id：364567 设计值：0.337 写入时间：2016-11-14 21:15:16
参数：中压缸排汽压力 id:176021 工况id：364569 设计值：0.337 写入时间：2016-11-14 21:15:16
参数：中压缸排汽压力 id:176021 工况id：364568 设计值：0.337 写入时间：2016-11-14 21:15:16
参数：中压缸排汽压力 id:176021 工况id：364581 设计值：0.476 写入时间：2016-11-14 21:15:16
参数：中压缸排汽压力 id:176021 工况id：364580 设计值：0.476 写入时间：2016-11-14 21:15:16
参数：中压缸排汽压力 id:176021 工况id：364582 设计值：0.476 写入时间：2016-11-14 21:15:16
参数：中压缸排汽压力 id:176021 工况id：364584 设计值：0.476 写入时间：2016-11-14 21:15:16
参数：中压缸排汽压力 id:176021 工况id：364583 设计值：0.476 写入时间：2016-11-14 21:15:16
参数：中压缸排汽压力 id:176021 工况id：364576 设计值：0.476 写入时间：2016-11-14 21:15:16
参数：中压缸排汽压力 id:176021 工况id：364575 设计值：0.476 写入时间：2016-11-14 21:15:16
参数：中压缸排汽压力 id:176021 工况id：364577 设计值：0.476 写入时间：2016-11-14 21:15:16
参数：中压缸排汽压力 id:176021 工况id：364579 设计值：0.476 写入时间：2016-11-14 21:15:16
参数：中压缸排汽压力 id:176021 工况id：364578 设计值：0.476 写入时间：2016-11-14 21:15:16
参数：中压缸排汽压力 id:176021 工况id：364591 设计值：0.476 写入时间：2016-11-14 21:15:16
参数：中压缸排汽压力 id:176021 工况id：364590 设计值：0.476 写入时间：2016-11-14 21:15:16
参数：中压缸排汽压力 id:176021 工况id：364592 设计值：0.476 写入时间：2016-11-14 21:15:16
参数：中压缸排汽压力 id:176021 工况id：364594 设计值：0.476 写入时间：2016-11-14 21:15:16
参数：中压缸排汽压力 id:176021 工况id：364593 设计值：0.476 写入时间：2016-11-14 21:15:16
参数：中压缸排汽压力 id:176021 工况id：364586 设计值：0.476 写入时间：2016-11-14 21:15:16
参数：中压缸排汽压力 id:176021 工况id：364585 设计值：0.476 写入时间：2016-11-14 21:15:16
参数：中压缸排汽压力 id:176021 工况id：364587 设计值：0.476 写入时间：2016-11-14 21:15:16
参数：中压缸排汽压力 id:176021 工况id：364589 设计值：0.476 写入时间：2016-11-14 21:15:16
参数：中压缸排汽压力 id:176021 工况id：364588 设计值：0.476 写入时间：2016-11-14 21:15:16
参数：中压缸排汽压力 id:176021 工况id：364601 设计值：0.476 写入时间：2016-11-14 21:15:16
参数：中压缸排汽压力 id:176021 工况id：364600 设计值：0.476 写入时间：2016-11-14 21:15:16
参数：中压缸排汽压力 id:176021 工况id：364602 设计值：0.476 写入时间：2016-11-14 21:15:17
参数：中压缸排汽压力 id:176021 工况id：364604 设计值：0.476 写入时间：2016-11-14 21:15:17
参数：中压缸排汽压力 id:176021 工况id：364603 设计值：0.476 写入时间：2016-11-14 21:15:17
参数：中压缸排汽压力 id:176021 工况id：364596 设计值：0.476 写入时间：2016-11-14 21:15:17
参数：中压缸排汽压力 id:176021 工况id：364595 设计值：0.476 写入时间：2016-11-14 21:15:17
参数：中压缸排汽压力 id:176021 工况id：364597 设计值：0.476 写入时间：2016-11-14 21:15:17
参数：中压缸排汽压力 id:176021 工况id：364599 设计值：0.476 写入时间：2016-11-14 21:15:17
参数：中压缸排汽压力 id:176021 工况id：364598 设计值：0.476 写入时间：2016-11-14 21:15:17
参数：中压缸排汽压力 id:176021 工况id：364611 设计值：0.476 写入时间：2016-11-14 21:15:17
参数：中压缸排汽压力 id:176021 工况id：364610 设计值：0.476 写入时间：2016-11-14 21:15:17
参数：中压缸排汽压力 id:176021 工况id：364612 设计值：0.476 写入时间：2016-11-14 21:15:17
参数：中压缸排汽压力 id:176021 工况id：364614 设计值：0.476 写入时间：2016-11-14 21:15:17
参数：中压缸排汽压力 id:176021 工况id：364613 设计值：0.476 写入时间：2016-11-14 21:15:17
参数：中压缸排汽压力 id:176021 工况id：364606 设计值：0.476 写入时间：2016-11-14 21:15:17
参数：中压缸排汽压力 id:176021 工况id：364605 设计值：0.476 写入时间：2016-11-14 21:15:17
参数：中压缸排汽压力 id:176021 工况id：364607 设计值：0.476 写入时间：2016-11-14 21:15:17
参数：中压缸排汽压力 id:176021 工况id：364609 设计值：0.476 写入时间：2016-11-14 21:15:17
参数：中压缸排汽压力 id:176021 工况id：364608 设计值：0.476 写入时间：2016-11-14 21:15:17
参数：中压缸排汽压力 id:176021 工况id：364621 设计值：0.476 写入时间：2016-11-14 21:15:17
参数：中压缸排汽压力 id:176021 工况id：364620 设计值：0.476 写入时间：2016-11-14 21:15:17
参数：中压缸排汽压力 id:176021 工况id：364622 设计值：0.476 写入时间：2016-11-14 21:15:17
参数：中压缸排汽压力 id:176021 工况id：364624 设计值：0.476 写入时间：2016-11-14 21:15:17
参数：中压缸排汽压力 id:176021 工况id：364623 设计值：0.476 写入时间：2016-11-14 21:15:17
参数：中压缸排汽压力 id:176021 工况id：364616 设计值：0.476 写入时间：2016-11-14 21:15:17
参数：中压缸排汽压力 id:176021 工况id：364615 设计值：0.476 写入时间：2016-11-14 21:15:17
参数：中压缸排汽压力 id:176021 工况id：364617 设计值：0.476 写入时间：2016-11-14 21:15:17
参数：中压缸排汽压力 id:176021 工况id：364619 设计值：0.476 写入时间：2016-11-14 21:15:18
参数：中压缸排汽压力 id:176021 工况id：364618 设计值：0.476 写入时间：2016-11-14 21:15:18
参数：中压缸排汽压力 id:176021 工况id：364631 设计值：0.476 写入时间：2016-11-14 21:15:18
参数：中压缸排汽压力 id:176021 工况id：364630 设计值：0.476 写入时间：2016-11-14 21:15:18
参数：中压缸排汽压力 id:176021 工况id：364632 设计值：0.476 写入时间：2016-11-14 21:15:18
参数：中压缸排汽压力 id:176021 工况id：364634 设计值：0.476 写入时间：2016-11-14 21:15:18
参数：中压缸排汽压力 id:176021 工况id：364633 设计值：0.476 写入时间：2016-11-14 21:15:18
参数：中压缸排汽压力 id:176021 工况id：364626 设计值：0.476 写入时间：2016-11-14 21:15:18
参数：中压缸排汽压力 id:176021 工况id：364625 设计值：0.476 写入时间：2016-11-14 21:15:18
参数：中压缸排汽压力 id:176021 工况id：364627 设计值：0.476 写入时间：2016-11-14 21:15:18
参数：中压缸排汽压力 id:176021 工况id：364629 设计值：0.476 写入时间：2016-11-14 21:15:18
参数：中压缸排汽压力 id:176021 工况id：364628 设计值：0.476 写入时间：2016-11-14 21:15:18
参数：中压缸排汽压力 id:176021 工况id：364641 设计值：0.476 写入时间：2016-11-14 21:15:18
参数：中压缸排汽压力 id:176021 工况id：364640 设计值：0.476 写入时间：2016-11-14 21:15:18
参数：中压缸排汽压力 id:176021 工况id：364642 设计值：0.476 写入时间：2016-11-14 21:15:18
参数：中压缸排汽压力 id:176021 工况id：364644 设计值：0.476 写入时间：2016-11-14 21:15:18
参数：中压缸排汽压力 id:176021 工况id：364643 设计值：0.476 写入时间：2016-11-14 21:15:18
参数：中压缸排汽压力 id:176021 工况id：364636 设计值：0.476 写入时间：2016-11-14 21:15:18
参数：中压缸排汽压力 id:176021 工况id：364635 设计值：0.476 写入时间：2016-11-14 21:15:18
参数：中压缸排汽压力 id:176021 工况id：364637 设计值：0.476 写入时间：2016-11-14 21:15:18
参数：中压缸排汽压力 id:176021 工况id：364639 设计值：0.476 写入时间：2016-11-14 21:15:18
参数：中压缸排汽压力 id:176021 工况id：364638 设计值：0.476 写入时间：2016-11-14 21:15:18
参数：中压缸排汽压力 id:176021 工况id：364651 设计值：0.476 写入时间：2016-11-14 21:15:18
参数：中压缸排汽压力 id:176021 工况id：364650 设计值：0.476 写入时间：2016-11-14 21:15:18
参数：中压缸排汽压力 id:176021 工况id：364652 设计值：0.476 写入时间：2016-11-14 21:15:19
参数：中压缸排汽压力 id:176021 工况id：364654 设计值：0.476 写入时间：2016-11-14 21:15:19
参数：中压缸排汽压力 id:176021 工况id：364653 设计值：0.476 写入时间：2016-11-14 21:15:19
参数：中压缸排汽压力 id:176021 工况id：364646 设计值：0.476 写入时间：2016-11-14 21:15:19
参数：中压缸排汽压力 id:176021 工况id：364645 设计值：0.476 写入时间：2016-11-14 21:15:19
参数：中压缸排汽压力 id:176021 工况id：364647 设计值：0.476 写入时间：2016-11-14 21:15:19
参数：中压缸排汽压力 id:176021 工况id：364649 设计值：0.476 写入时间：2016-11-14 21:15:19
参数：中压缸排汽压力 id:176021 工况id：364648 设计值：0.476 写入时间：2016-11-14 21:15:19
参数：中压缸排汽压力 id:176021 工况id：364661 设计值：0.476 写入时间：2016-11-14 21:15:19
参数：中压缸排汽压力 id:176021 工况id：364660 设计值：0.476 写入时间：2016-11-14 21:15:19
参数：中压缸排汽压力 id:176021 工况id：364662 设计值：0.476 写入时间：2016-11-14 21:15:19
参数：中压缸排汽压力 id:176021 工况id：364664 设计值：0.476 写入时间：2016-11-14 21:15:19
参数：中压缸排汽压力 id:176021 工况id：364663 设计值：0.476 写入时间：2016-11-14 21:15:19
参数：中压缸排汽压力 id:176021 工况id：364656 设计值：0.476 写入时间：2016-11-14 21:15:19
参数：中压缸排汽压力 id:176021 工况id：364655 设计值：0.476 写入时间：2016-11-14 21:15:19
参数：中压缸排汽压力 id:176021 工况id：364657 设计值：0.476 写入时间：2016-11-14 21:15:19
参数：中压缸排汽压力 id:176021 工况id：364659 设计值：0.476 写入时间：2016-11-14 21:15:19
参数：中压缸排汽压力 id:176021 工况id：364658 设计值：0.476 写入时间：2016-11-14 21:15:19
参数：中压缸排汽压力 id:176021 工况id：364671 设计值：0.619 写入时间：2016-11-14 21:15:19
参数：中压缸排汽压力 id:176021 工况id：364670 设计值：0.619 写入时间：2016-11-14 21:15:19
参数：中压缸排汽压力 id:176021 工况id：364672 设计值：0.619 写入时间：2016-11-14 21:15:19
参数：中压缸排汽压力 id:176021 工况id：364674 设计值：0.619 写入时间：2016-11-14 21:15:19
参数：中压缸排汽压力 id:176021 工况id：364673 设计值：0.619 写入时间：2016-11-14 21:15:19
参数：中压缸排汽压力 id:176021 工况id：364666 设计值：0.619 写入时间：2016-11-14 21:15:20
参数：中压缸排汽压力 id:176021 工况id：364665 设计值：0.619 写入时间：2016-11-14 21:15:20
参数：中压缸排汽压力 id:176021 工况id：364667 设计值：0.619 写入时间：2016-11-14 21:15:20
参数：中压缸排汽压力 id:176021 工况id：364669 设计值：0.619 写入时间：2016-11-14 21:15:20
参数：中压缸排汽压力 id:176021 工况id：364668 设计值：0.619 写入时间：2016-11-14 21:15:20
参数：中压缸排汽压力 id:176021 工况id：364681 设计值：0.619 写入时间：2016-11-14 21:15:20
参数：中压缸排汽压力 id:176021 工况id：364680 设计值：0.619 写入时间：2016-11-14 21:15:20
参数：中压缸排汽压力 id:176021 工况id：364682 设计值：0.619 写入时间：2016-11-14 21:15:20
参数：中压缸排汽压力 id:176021 工况id：364684 设计值：0.619 写入时间：2016-11-14 21:15:20
参数：中压缸排汽压力 id:176021 工况id：364683 设计值：0.619 写入时间：2016-11-14 21:15:20
参数：中压缸排汽压力 id:176021 工况id：364676 设计值：0.619 写入时间：2016-11-14 21:15:20
参数：中压缸排汽压力 id:176021 工况id：364675 设计值：0.619 写入时间：2016-11-14 21:15:20
参数：中压缸排汽压力 id:176021 工况id：364677 设计值：0.619 写入时间：2016-11-14 21:15:20
参数：中压缸排汽压力 id:176021 工况id：364679 设计值：0.619 写入时间：2016-11-14 21:15:20
参数：中压缸排汽压力 id:176021 工况id：364678 设计值：0.619 写入时间：2016-11-14 21:15:20
参数：低压缸进汽压力 id:176042 工况id：364441 设计值：0.2905 写入时间：2016-11-14 21:15:20
参数：低压缸进汽压力 id:176042 工况id：364440 设计值：0.2905 写入时间：2016-11-14 21:15:20
参数：低压缸进汽压力 id:176042 工况id：364442 设计值：0.2905 写入时间：2016-11-14 21:15:20
参数：低压缸进汽压力 id:176042 工况id：364444 设计值：0.2905 写入时间：2016-11-14 21:15:20
参数：低压缸进汽压力 id:176042 工况id：364443 设计值：0.2905 写入时间：2016-11-14 21:15:20
参数：低压缸进汽压力 id:176042 工况id：364438 设计值：0.2905 写入时间：2016-11-14 21:15:20
参数：低压缸进汽压力 id:176042 工况id：364437 设计值：0.2905 写入时间：2016-11-14 21:15:20
参数：低压缸进汽压力 id:176042 工况id：364439 设计值：0.2905 写入时间：2016-11-14 21:15:20
参数：低压缸进汽压力 id:176042 工况id：364436 设计值：0.2905 写入时间：2016-11-14 21:15:20
参数：低压缸进汽压力 id:176042 工况id：364435 设计值：0.2905 写入时间：2016-11-14 21:15:20
参数：低压缸进汽压力 id:176042 工况id：364451 设计值：0.2905 写入时间：2016-11-14 21:15:20
参数：低压缸进汽压力 id:176042 工况id：364450 设计值：0.2905 写入时间：2016-11-14 21:15:21
参数：低压缸进汽压力 id:176042 工况id：364452 设计值：0.2905 写入时间：2016-11-14 21:15:21
参数：低压缸进汽压力 id:176042 工况id：364454 设计值：0.2905 写入时间：2016-11-14 21:15:21
参数：低压缸进汽压力 id:176042 工况id：364453 设计值：0.2905 写入时间：2016-11-14 21:15:21
参数：低压缸进汽压力 id:176042 工况id：364446 设计值：0.2905 写入时间：2016-11-14 21:15:21
参数：低压缸进汽压力 id:176042 工况id：364445 设计值：0.2905 写入时间：2016-11-14 21:15:21
参数：低压缸进汽压力 id:176042 工况id：364447 设计值：0.2905 写入时间：2016-11-14 21:15:21
参数：低压缸进汽压力 id:176042 工况id：364449 设计值：0.2905 写入时间：2016-11-14 21:15:21
参数：低压缸进汽压力 id:176042 工况id：364448 设计值：0.2905 写入时间：2016-11-14 21:15:21
参数：低压缸进汽压力 id:176042 工况id：364461 设计值：0.2905 写入时间：2016-11-14 21:15:21
参数：低压缸进汽压力 id:176042 工况id：364460 设计值：0.2905 写入时间：2016-11-14 21:15:21
参数：低压缸进汽压力 id:176042 工况id：364462 设计值：0.2905 写入时间：2016-11-14 21:15:21
参数：低压缸进汽压力 id:176042 工况id：364464 设计值：0.2905 写入时间：2016-11-14 21:15:21
参数：低压缸进汽压力 id:176042 工况id：364463 设计值：0.2905 写入时间：2016-11-14 21:15:21
参数：低压缸进汽压力 id:176042 工况id：364456 设计值：0.2905 写入时间：2016-11-14 21:15:21
参数：低压缸进汽压力 id:176042 工况id：364455 设计值：0.2905 写入时间：2016-11-14 21:15:21
参数：低压缸进汽压力 id:176042 工况id：364457 设计值：0.2905 写入时间：2016-11-14 21:15:21
参数：低压缸进汽压力 id:176042 工况id：364459 设计值：0.2905 写入时间：2016-11-14 21:15:21
参数：低压缸进汽压力 id:176042 工况id：364458 设计值：0.2905 写入时间：2016-11-14 21:15:21
参数：低压缸进汽压力 id:176042 工况id：364471 设计值：0.337 写入时间：2016-11-14 21:15:21
参数：低压缸进汽压力 id:176042 工况id：364470 设计值：0.337 写入时间：2016-11-14 21:15:21
参数：低压缸进汽压力 id:176042 工况id：364472 设计值：0.337 写入时间：2016-11-14 21:15:21
参数：低压缸进汽压力 id:176042 工况id：364474 设计值：0.337 写入时间：2016-11-14 21:15:21
参数：低压缸进汽压力 id:176042 工况id：364473 设计值：0.337 写入时间：2016-11-14 21:15:21
参数：低压缸进汽压力 id:176042 工况id：364466 设计值：0.337 写入时间：2016-11-14 21:15:21
参数：低压缸进汽压力 id:176042 工况id：364465 设计值：0.337 写入时间：2016-11-14 21:15:21
参数：低压缸进汽压力 id:176042 工况id：364467 设计值：0.337 写入时间：2016-11-14 21:15:22
参数：低压缸进汽压力 id:176042 工况id：364469 设计值：0.337 写入时间：2016-11-14 21:15:22
参数：低压缸进汽压力 id:176042 工况id：364468 设计值：0.337 写入时间：2016-11-14 21:15:22
参数：低压缸进汽压力 id:176042 工况id：364481 设计值：0.337 写入时间：2016-11-14 21:15:22
参数：低压缸进汽压力 id:176042 工况id：364480 设计值：0.337 写入时间：2016-11-14 21:15:22
参数：低压缸进汽压力 id:176042 工况id：364482 设计值：0.337 写入时间：2016-11-14 21:15:22
参数：低压缸进汽压力 id:176042 工况id：364484 设计值：0.337 写入时间：2016-11-14 21:15:22
参数：低压缸进汽压力 id:176042 工况id：364483 设计值：0.337 写入时间：2016-11-14 21:15:22
参数：低压缸进汽压力 id:176042 工况id：364476 设计值：0.337 写入时间：2016-11-14 21:15:22
参数：低压缸进汽压力 id:176042 工况id：364475 设计值：0.337 写入时间：2016-11-14 21:15:22
参数：低压缸进汽压力 id:176042 工况id：364477 设计值：0.337 写入时间：2016-11-14 21:15:22
参数：低压缸进汽压力 id:176042 工况id：364479 设计值：0.337 写入时间：2016-11-14 21:15:22
参数：低压缸进汽压力 id:176042 工况id：364478 设计值：0.337 写入时间：2016-11-14 21:15:22
参数：低压缸进汽压力 id:176042 工况id：364491 设计值：0.337 写入时间：2016-11-14 21:15:22
参数：低压缸进汽压力 id:176042 工况id：364490 设计值：0.337 写入时间：2016-11-14 21:15:22
参数：低压缸进汽压力 id:176042 工况id：364492 设计值：0.337 写入时间：2016-11-14 21:15:22
参数：低压缸进汽压力 id:176042 工况id：364494 设计值：0.337 写入时间：2016-11-14 21:15:22
参数：低压缸进汽压力 id:176042 工况id：364493 设计值：0.337 写入时间：2016-11-14 21:15:22
参数：低压缸进汽压力 id:176042 工况id：364486 设计值：0.337 写入时间：2016-11-14 21:15:22
参数：低压缸进汽压力 id:176042 工况id：364485 设计值：0.337 写入时间：2016-11-14 21:15:22
参数：低压缸进汽压力 id:176042 工况id：364487 设计值：0.337 写入时间：2016-11-14 21:15:22
参数：低压缸进汽压力 id:176042 工况id：364489 设计值：0.337 写入时间：2016-11-14 21:15:22
参数：低压缸进汽压力 id:176042 工况id：364488 设计值：0.337 写入时间：2016-11-14 21:15:22
参数：低压缸进汽压力 id:176042 工况id：364501 设计值：0.337 写入时间：2016-11-14 21:15:23
参数：低压缸进汽压力 id:176042 工况id：364500 设计值：0.337 写入时间：2016-11-14 21:15:23
参数：低压缸进汽压力 id:176042 工况id：364502 设计值：0.337 写入时间：2016-11-14 21:15:23
参数：低压缸进汽压力 id:176042 工况id：364504 设计值：0.337 写入时间：2016-11-14 21:15:23
参数：低压缸进汽压力 id:176042 工况id：364503 设计值：0.337 写入时间：2016-11-14 21:15:23
参数：低压缸进汽压力 id:176042 工况id：364496 设计值：0.337 写入时间：2016-11-14 21:15:23
参数：低压缸进汽压力 id:176042 工况id：364495 设计值：0.337 写入时间：2016-11-14 21:15:23
参数：低压缸进汽压力 id:176042 工况id：364497 设计值：0.337 写入时间：2016-11-14 21:15:23
参数：低压缸进汽压力 id:176042 工况id：364499 设计值：0.337 写入时间：2016-11-14 21:15:23
参数：低压缸进汽压力 id:176042 工况id：364498 设计值：0.337 写入时间：2016-11-14 21:15:23
参数：低压缸进汽压力 id:176042 工况id：364511 设计值：0.337 写入时间：2016-11-14 21:15:23
参数：低压缸进汽压力 id:176042 工况id：364510 设计值：0.337 写入时间：2016-11-14 21:15:23
参数：低压缸进汽压力 id:176042 工况id：364512 设计值：0.337 写入时间：2016-11-14 21:15:23
参数：低压缸进汽压力 id:176042 工况id：364514 设计值：0.337 写入时间：2016-11-14 21:15:23
参数：低压缸进汽压力 id:176042 工况id：364513 设计值：0.337 写入时间：2016-11-14 21:15:23
参数：低压缸进汽压力 id:176042 工况id：364506 设计值：0.337 写入时间：2016-11-14 21:15:23
参数：低压缸进汽压力 id:176042 工况id：364505 设计值：0.337 写入时间：2016-11-14 21:15:23
参数：低压缸进汽压力 id:176042 工况id：364507 设计值：0.337 写入时间：2016-11-14 21:15:23
参数：低压缸进汽压力 id:176042 工况id：364509 设计值：0.337 写入时间：2016-11-14 21:15:23
参数：低压缸进汽压力 id:176042 工况id：364508 设计值：0.337 写入时间：2016-11-14 21:15:24
参数：低压缸进汽压力 id:176042 工况id：364521 设计值：0.337 写入时间：2016-11-14 21:15:24
参数：低压缸进汽压力 id:176042 工况id：364520 设计值：0.337 写入时间：2016-11-14 21:15:24
参数：低压缸进汽压力 id:176042 工况id：364522 设计值：0.337 写入时间：2016-11-14 21:15:24
参数：低压缸进汽压力 id:176042 工况id：364524 设计值：0.337 写入时间：2016-11-14 21:15:24
参数：低压缸进汽压力 id:176042 工况id：364523 设计值：0.337 写入时间：2016-11-14 21:15:24
参数：低压缸进汽压力 id:176042 工况id：364516 设计值：0.337 写入时间：2016-11-14 21:15:24
参数：低压缸进汽压力 id:176042 工况id：364515 设计值：0.337 写入时间：2016-11-14 21:15:24
参数：低压缸进汽压力 id:176042 工况id：364517 设计值：0.337 写入时间：2016-11-14 21:15:24
参数：低压缸进汽压力 id:176042 工况id：364519 设计值：0.337 写入时间：2016-11-14 21:15:24
参数：低压缸进汽压力 id:176042 工况id：364518 设计值：0.337 写入时间：2016-11-14 21:15:24
参数：低压缸进汽压力 id:176042 工况id：364531 设计值：0.337 写入时间：2016-11-14 21:15:24
参数：低压缸进汽压力 id:176042 工况id：364530 设计值：0.337 写入时间：2016-11-14 21:15:24
参数：低压缸进汽压力 id:176042 工况id：364532 设计值：0.337 写入时间：2016-11-14 21:15:24
参数：低压缸进汽压力 id:176042 工况id：364534 设计值：0.337 写入时间：2016-11-14 21:15:24
参数：低压缸进汽压力 id:176042 工况id：364533 设计值：0.337 写入时间：2016-11-14 21:15:24
参数：低压缸进汽压力 id:176042 工况id：364526 设计值：0.337 写入时间：2016-11-14 21:15:24
参数：低压缸进汽压力 id:176042 工况id：364525 设计值：0.337 写入时间：2016-11-14 21:15:24
参数：低压缸进汽压力 id:176042 工况id：364527 设计值：0.337 写入时间：2016-11-14 21:15:24
参数：低压缸进汽压力 id:176042 工况id：364529 设计值：0.337 写入时间：2016-11-14 21:15:24
参数：低压缸进汽压力 id:176042 工况id：364528 设计值：0.337 写入时间：2016-11-14 21:15:24
参数：低压缸进汽压力 id:176042 工况id：364541 设计值：0.337 写入时间：2016-11-14 21:15:24
参数：低压缸进汽压力 id:176042 工况id：364540 设计值：0.337 写入时间：2016-11-14 21:15:24
参数：低压缸进汽压力 id:176042 工况id：364542 设计值：0.337 写入时间：2016-11-14 21:15:24
参数：低压缸进汽压力 id:176042 工况id：364544 设计值：0.337 写入时间：2016-11-14 21:15:24
参数：低压缸进汽压力 id:176042 工况id：364543 设计值：0.337 写入时间：2016-11-14 21:15:25
参数：低压缸进汽压力 id:176042 工况id：364536 设计值：0.337 写入时间：2016-11-14 21:15:25
参数：低压缸进汽压力 id:176042 工况id：364535 设计值：0.337 写入时间：2016-11-14 21:15:25
参数：低压缸进汽压力 id:176042 工况id：364537 设计值：0.337 写入时间：2016-11-14 21:15:25
参数：低压缸进汽压力 id:176042 工况id：364539 设计值：0.337 写入时间：2016-11-14 21:15:25
参数：低压缸进汽压力 id:176042 工况id：364538 设计值：0.337 写入时间：2016-11-14 21:15:25
参数：低压缸进汽压力 id:176042 工况id：364551 设计值：0.337 写入时间：2016-11-14 21:15:25
参数：低压缸进汽压力 id:176042 工况id：364550 设计值：0.337 写入时间：2016-11-14 21:15:25
参数：低压缸进汽压力 id:176042 工况id：364552 设计值：0.337 写入时间：2016-11-14 21:15:25
参数：低压缸进汽压力 id:176042 工况id：364554 设计值：0.337 写入时间：2016-11-14 21:15:25
参数：低压缸进汽压力 id:176042 工况id：364553 设计值：0.337 写入时间：2016-11-14 21:15:25
参数：低压缸进汽压力 id:176042 工况id：364546 设计值：0.337 写入时间：2016-11-14 21:15:25
参数：低压缸进汽压力 id:176042 工况id：364545 设计值：0.337 写入时间：2016-11-14 21:15:25
参数：低压缸进汽压力 id:176042 工况id：364547 设计值：0.337 写入时间：2016-11-14 21:15:25
参数：低压缸进汽压力 id:176042 工况id：364549 设计值：0.337 写入时间：2016-11-14 21:15:25
参数：低压缸进汽压力 id:176042 工况id：364548 设计值：0.337 写入时间：2016-11-14 21:15:25
参数：低压缸进汽压力 id:176042 工况id：364561 设计值：0.337 写入时间：2016-11-14 21:15:25
参数：低压缸进汽压力 id:176042 工况id：364560 设计值：0.337 写入时间：2016-11-14 21:15:25
参数：低压缸进汽压力 id:176042 工况id：364562 设计值：0.337 写入时间：2016-11-14 21:15:25
参数：低压缸进汽压力 id:176042 工况id：364564 设计值：0.337 写入时间：2016-11-14 21:15:25
参数：低压缸进汽压力 id:176042 工况id：364563 设计值：0.337 写入时间：2016-11-14 21:15:25
参数：低压缸进汽压力 id:176042 工况id：364556 设计值：0.337 写入时间：2016-11-14 21:15:25
参数：低压缸进汽压力 id:176042 工况id：364555 设计值：0.337 写入时间：2016-11-14 21:15:25
参数：低压缸进汽压力 id:176042 工况id：364557 设计值：0.337 写入时间：2016-11-14 21:15:26
参数：低压缸进汽压力 id:176042 工况id：364559 设计值：0.337 写入时间：2016-11-14 21:15:26
参数：低压缸进汽压力 id:176042 工况id：364558 设计值：0.337 写入时间：2016-11-14 21:15:26
参数：低压缸进汽压力 id:176042 工况id：364571 设计值：0.337 写入时间：2016-11-14 21:15:26
参数：低压缸进汽压力 id:176042 工况id：364570 设计值：0.337 写入时间：2016-11-14 21:15:26
参数：低压缸进汽压力 id:176042 工况id：364572 设计值：0.337 写入时间：2016-11-14 21:15:26
参数：低压缸进汽压力 id:176042 工况id：364574 设计值：0.337 写入时间：2016-11-14 21:15:26
参数：低压缸进汽压力 id:176042 工况id：364573 设计值：0.337 写入时间：2016-11-14 21:15:26
参数：低压缸进汽压力 id:176042 工况id：364566 设计值：0.337 写入时间：2016-11-14 21:15:26
参数：低压缸进汽压力 id:176042 工况id：364565 设计值：0.337 写入时间：2016-11-14 21:15:26
参数：低压缸进汽压力 id:176042 工况id：364567 设计值：0.337 写入时间：2016-11-14 21:15:26
参数：低压缸进汽压力 id:176042 工况id：364569 设计值：0.337 写入时间：2016-11-14 21:15:26
参数：低压缸进汽压力 id:176042 工况id：364568 设计值：0.337 写入时间：2016-11-14 21:15:26
参数：低压缸进汽压力 id:176042 工况id：364581 设计值：0.476 写入时间：2016-11-14 21:15:26
参数：低压缸进汽压力 id:176042 工况id：364580 设计值：0.476 写入时间：2016-11-14 21:15:26
参数：低压缸进汽压力 id:176042 工况id：364582 设计值：0.476 写入时间：2016-11-14 21:15:26
参数：低压缸进汽压力 id:176042 工况id：364584 设计值：0.476 写入时间：2016-11-14 21:15:26
参数：低压缸进汽压力 id:176042 工况id：364583 设计值：0.476 写入时间：2016-11-14 21:15:26
参数：低压缸进汽压力 id:176042 工况id：364576 设计值：0.476 写入时间：2016-11-14 21:15:26
参数：低压缸进汽压力 id:176042 工况id：364575 设计值：0.476 写入时间：2016-11-14 21:15:26
参数：低压缸进汽压力 id:176042 工况id：364577 设计值：0.476 写入时间：2016-11-14 21:15:26
参数：低压缸进汽压力 id:176042 工况id：364579 设计值：0.476 写入时间：2016-11-14 21:15:26
参数：低压缸进汽压力 id:176042 工况id：364578 设计值：0.476 写入时间：2016-11-14 21:15:26
参数：低压缸进汽压力 id:176042 工况id：364591 设计值：0.476 写入时间：2016-11-14 21:15:27
参数：低压缸进汽压力 id:176042 工况id：364590 设计值：0.476 写入时间：2016-11-14 21:15:27
参数：低压缸进汽压力 id:176042 工况id：364592 设计值：0.476 写入时间：2016-11-14 21:15:27
参数：低压缸进汽压力 id:176042 工况id：364594 设计值：0.476 写入时间：2016-11-14 21:15:27
参数：低压缸进汽压力 id:176042 工况id：364593 设计值：0.476 写入时间：2016-11-14 21:15:27
参数：低压缸进汽压力 id:176042 工况id：364586 设计值：0.476 写入时间：2016-11-14 21:15:27
参数：低压缸进汽压力 id:176042 工况id：364585 设计值：0.476 写入时间：2016-11-14 21:15:27
参数：低压缸进汽压力 id:176042 工况id：364587 设计值：0.476 写入时间：2016-11-14 21:15:27
参数：低压缸进汽压力 id:176042 工况id：364589 设计值：0.476 写入时间：2016-11-14 21:15:27
参数：低压缸进汽压力 id:176042 工况id：364588 设计值：0.476 写入时间：2016-11-14 21:15:27
参数：低压缸进汽压力 id:176042 工况id：364601 设计值：0.476 写入时间：2016-11-14 21:15:27
参数：低压缸进汽压力 id:176042 工况id：364600 设计值：0.476 写入时间：2016-11-14 21:15:27
参数：低压缸进汽压力 id:176042 工况id：364602 设计值：0.476 写入时间：2016-11-14 21:15:27
参数：低压缸进汽压力 id:176042 工况id：364604 设计值：0.476 写入时间：2016-11-14 21:15:27
参数：低压缸进汽压力 id:176042 工况id：364603 设计值：0.476 写入时间：2016-11-14 21:15:27
参数：低压缸进汽压力 id:176042 工况id：364596 设计值：0.476 写入时间：2016-11-14 21:15:27
参数：低压缸进汽压力 id:176042 工况id：364595 设计值：0.476 写入时间：2016-11-14 21:15:27
参数：低压缸进汽压力 id:176042 工况id：364597 设计值：0.476 写入时间：2016-11-14 21:15:27
参数：低压缸进汽压力 id:176042 工况id：364599 设计值：0.476 写入时间：2016-11-14 21:15:27
参数：低压缸进汽压力 id:176042 工况id：364598 设计值：0.476 写入时间：2016-11-14 21:15:27
参数：低压缸进汽压力 id:176042 工况id：364611 设计值：0.476 写入时间：2016-11-14 21:15:27
参数：低压缸进汽压力 id:176042 工况id：364610 设计值：0.476 写入时间：2016-11-14 21:15:28
参数：低压缸进汽压力 id:176042 工况id：364612 设计值：0.476 写入时间：2016-11-14 21:15:28
参数：低压缸进汽压力 id:176042 工况id：364614 设计值：0.476 写入时间：2016-11-14 21:15:28
参数：低压缸进汽压力 id:176042 工况id：364613 设计值：0.476 写入时间：2016-11-14 21:15:28
参数：低压缸进汽压力 id:176042 工况id：364606 设计值：0.476 写入时间：2016-11-14 21:15:28
参数：低压缸进汽压力 id:176042 工况id：364605 设计值：0.476 写入时间：2016-11-14 21:15:28
参数：低压缸进汽压力 id:176042 工况id：364607 设计值：0.476 写入时间：2016-11-14 21:15:28
参数：低压缸进汽压力 id:176042 工况id：364609 设计值：0.476 写入时间：2016-11-14 21:15:28
参数：低压缸进汽压力 id:176042 工况id：364608 设计值：0.476 写入时间：2016-11-14 21:15:28
参数：低压缸进汽压力 id:176042 工况id：364621 设计值：0.476 写入时间：2016-11-14 21:15:28
参数：低压缸进汽压力 id:176042 工况id：364620 设计值：0.476 写入时间：2016-11-14 21:15:28
参数：低压缸进汽压力 id:176042 工况id：364622 设计值：0.476 写入时间：2016-11-14 21:15:28
参数：低压缸进汽压力 id:176042 工况id：364624 设计值：0.476 写入时间：2016-11-14 21:15:28
参数：低压缸进汽压力 id:176042 工况id：364623 设计值：0.476 写入时间：2016-11-14 21:15:28
参数：低压缸进汽压力 id:176042 工况id：364616 设计值：0.476 写入时间：2016-11-14 21:15:28
参数：低压缸进汽压力 id:176042 工况id：364615 设计值：0.476 写入时间：2016-11-14 21:15:28
参数：低压缸进汽压力 id:176042 工况id：364617 设计值：0.476 写入时间：2016-11-14 21:15:28
参数：低压缸进汽压力 id:176042 工况id：364619 设计值：0.476 写入时间：2016-11-14 21:15:28
参数：低压缸进汽压力 id:176042 工况id：364618 设计值：0.476 写入时间：2016-11-14 21:15:28
参数：低压缸进汽压力 id:176042 工况id：364631 设计值：0.476 写入时间：2016-11-14 21:15:28
参数：低压缸进汽压力 id:176042 工况id：364630 设计值：0.476 写入时间：2016-11-14 21:15:28
参数：低压缸进汽压力 id:176042 工况id：364632 设计值：0.476 写入时间：2016-11-14 21:15:28
参数：低压缸进汽压力 id:176042 工况id：364634 设计值：0.476 写入时间：2016-11-14 21:15:28
参数：低压缸进汽压力 id:176042 工况id：364633 设计值：0.476 写入时间：2016-11-14 21:15:29
参数：低压缸进汽压力 id:176042 工况id：364626 设计值：0.476 写入时间：2016-11-14 21:15:29
参数：低压缸进汽压力 id:176042 工况id：364625 设计值：0.476 写入时间：2016-11-14 21:15:29
参数：低压缸进汽压力 id:176042 工况id：364627 设计值：0.476 写入时间：2016-11-14 21:15:29
参数：低压缸进汽压力 id:176042 工况id：364629 设计值：0.476 写入时间：2016-11-14 21:15:29
参数：低压缸进汽压力 id:176042 工况id：364628 设计值：0.476 写入时间：2016-11-14 21:15:29
参数：低压缸进汽压力 id:176042 工况id：364641 设计值：0.476 写入时间：2016-11-14 21:15:29
参数：低压缸进汽压力 id:176042 工况id：364640 设计值：0.476 写入时间：2016-11-14 21:15:29
参数：低压缸进汽压力 id:176042 工况id：364642 设计值：0.476 写入时间：2016-11-14 21:15:29
参数：低压缸进汽压力 id:176042 工况id：364644 设计值：0.476 写入时间：2016-11-14 21:15:29
参数：低压缸进汽压力 id:176042 工况id：364643 设计值：0.476 写入时间：2016-11-14 21:15:29
参数：低压缸进汽压力 id:176042 工况id：364636 设计值：0.476 写入时间：2016-11-14 21:15:29
参数：低压缸进汽压力 id:176042 工况id：364635 设计值：0.476 写入时间：2016-11-14 21:15:29
参数：低压缸进汽压力 id:176042 工况id：364637 设计值：0.476 写入时间：2016-11-14 21:15:29
参数：低压缸进汽压力 id:176042 工况id：364639 设计值：0.476 写入时间：2016-11-14 21:15:29
参数：低压缸进汽压力 id:176042 工况id：364638 设计值：0.476 写入时间：2016-11-14 21:15:29
参数：低压缸进汽压力 id:176042 工况id：364651 设计值：0.476 写入时间：2016-11-14 21:15:29
参数：低压缸进汽压力 id:176042 工况id：364650 设计值：0.476 写入时间：2016-11-14 21:15:29
参数：低压缸进汽压力 id:176042 工况id：364652 设计值：0.476 写入时间：2016-11-14 21:15:29
参数：低压缸进汽压力 id:176042 工况id：364654 设计值：0.476 写入时间：2016-11-14 21:15:29
参数：低压缸进汽压力 id:176042 工况id：364653 设计值：0.476 写入时间：2016-11-14 21:15:29
参数：低压缸进汽压力 id:176042 工况id：364646 设计值：0.476 写入时间：2016-11-14 21:15:29
参数：低压缸进汽压力 id:176042 工况id：364645 设计值：0.476 写入时间：2016-11-14 21:15:29
参数：低压缸进汽压力 id:176042 工况id：364647 设计值：0.476 写入时间：2016-11-14 21:15:30
参数：低压缸进汽压力 id:176042 工况id：364649 设计值：0.476 写入时间：2016-11-14 21:15:30
参数：低压缸进汽压力 id:176042 工况id：364648 设计值：0.476 写入时间：2016-11-14 21:15:30
参数：低压缸进汽压力 id:176042 工况id：364661 设计值：0.476 写入时间：2016-11-14 21:15:30
参数：低压缸进汽压力 id:176042 工况id：364660 设计值：0.476 写入时间：2016-11-14 21:15:30
参数：低压缸进汽压力 id:176042 工况id：364662 设计值：0.476 写入时间：2016-11-14 21:15:30
参数：低压缸进汽压力 id:176042 工况id：364664 设计值：0.476 写入时间：2016-11-14 21:15:30
参数：低压缸进汽压力 id:176042 工况id：364663 设计值：0.476 写入时间：2016-11-14 21:15:30
参数：低压缸进汽压力 id:176042 工况id：364656 设计值：0.476 写入时间：2016-11-14 21:15:30
参数：低压缸进汽压力 id:176042 工况id：364655 设计值：0.476 写入时间：2016-11-14 21:15:30
参数：低压缸进汽压力 id:176042 工况id：364657 设计值：0.476 写入时间：2016-11-14 21:15:30
参数：低压缸进汽压力 id:176042 工况id：364659 设计值：0.476 写入时间：2016-11-14 21:15:30
参数：低压缸进汽压力 id:176042 工况id：364658 设计值：0.476 写入时间：2016-11-14 21:15:30
参数：低压缸进汽压力 id:176042 工况id：364671 设计值：0.619 写入时间：2016-11-14 21:15:30
参数：低压缸进汽压力 id:176042 工况id：364670 设计值：0.619 写入时间：2016-11-14 21:15:30
参数：低压缸进汽压力 id:176042 工况id：364672 设计值：0.619 写入时间：2016-11-14 21:15:30
参数：低压缸进汽压力 id:176042 工况id：364674 设计值：0.619 写入时间：2016-11-14 21:15:30
参数：低压缸进汽压力 id:176042 工况id：364673 设计值：0.619 写入时间：2016-11-14 21:15:30
参数：低压缸进汽压力 id:176042 工况id：364666 设计值：0.619 写入时间：2016-11-14 21:15:30
参数：低压缸进汽压力 id:176042 工况id：364665 设计值：0.619 写入时间：2016-11-14 21:15:30
参数：低压缸进汽压力 id:176042 工况id：364667 设计值：0.619 写入时间：2016-11-14 21:15:30
参数：低压缸进汽压力 id:176042 工况id：364669 设计值：0.619 写入时间：2016-11-14 21:15:30
参数：低压缸进汽压力 id:176042 工况id：364668 设计值：0.619 写入时间：2016-11-14 21:15:30
参数：低压缸进汽压力 id:176042 工况id：364681 设计值：0.619 写入时间：2016-11-14 21:15:31
参数：低压缸进汽压力 id:176042 工况id：364680 设计值：0.619 写入时间：2016-11-14 21:15:31
参数：低压缸进汽压力 id:176042 工况id：364682 设计值：0.619 写入时间：2016-11-14 21:15:31
参数：低压缸进汽压力 id:176042 工况id：364684 设计值：0.619 写入时间：2016-11-14 21:15:31
参数：低压缸进汽压力 id:176042 工况id：364683 设计值：0.619 写入时间：2016-11-14 21:15:31
参数：低压缸进汽压力 id:176042 工况id：364676 设计值：0.619 写入时间：2016-11-14 21:15:31
参数：低压缸进汽压力 id:176042 工况id：364675 设计值：0.619 写入时间：2016-11-14 21:15:31
参数：低压缸进汽压力 id:176042 工况id：364677 设计值：0.619 写入时间：2016-11-14 21:15:31
参数：低压缸进汽压力 id:176042 工况id：364679 设计值：0.619 写入时间：2016-11-14 21:15:31
参数：低压缸进汽压力 id:176042 工况id：364678 设计值：0.619 写入时间：2016-11-14 21:15:31
参数：再热器压损 id:176070 工况id：364441 设计值：0.235 写入时间：2016-11-14 21:15:31
参数：再热器压损 id:176070 工况id：364440 设计值：0.235 写入时间：2016-11-14 21:15:31
参数：再热器压损 id:176070 工况id：364442 设计值：0.235 写入时间：2016-11-14 21:15:31
参数：再热器压损 id:176070 工况id：364444 设计值：0.235 写入时间：2016-11-14 21:15:31
参数：再热器压损 id:176070 工况id：364443 设计值：0.235 写入时间：2016-11-14 21:15:31
参数：再热器压损 id:176070 工况id：364438 设计值：0.235 写入时间：2016-11-14 21:15:31
参数：再热器压损 id:176070 工况id：364437 设计值：0.235 写入时间：2016-11-14 21:15:31
参数：再热器压损 id:176070 工况id：364439 设计值：0.235 写入时间：2016-11-14 21:15:31
参数：再热器压损 id:176070 工况id：364436 设计值：0.235 写入时间：2016-11-14 21:15:31
参数：再热器压损 id:176070 工况id：364435 设计值：0.235 写入时间：2016-11-14 21:15:31
参数：再热器压损 id:176070 工况id：364451 设计值：0.235 写入时间：2016-11-14 21:15:31
参数：再热器压损 id:176070 工况id：364450 设计值：0.235 写入时间：2016-11-14 21:15:31
参数：再热器压损 id:176070 工况id：364452 设计值：0.235 写入时间：2016-11-14 21:15:31
参数：再热器压损 id:176070 工况id：364454 设计值：0.235 写入时间：2016-11-14 21:15:31
参数：再热器压损 id:176070 工况id：364453 设计值：0.235 写入时间：2016-11-14 21:15:31
参数：再热器压损 id:176070 工况id：364446 设计值：0.235 写入时间：2016-11-14 21:15:31
参数：再热器压损 id:176070 工况id：364445 设计值：0.235 写入时间：2016-11-14 21:15:31
参数：再热器压损 id:176070 工况id：364447 设计值：0.235 写入时间：2016-11-14 21:15:31
参数：再热器压损 id:176070 工况id：364449 设计值：0.235 写入时间：2016-11-14 21:15:31
参数：再热器压损 id:176070 工况id：364448 设计值：0.235 写入时间：2016-11-14 21:15:31
参数：再热器压损 id:176070 工况id：364461 设计值：0.235 写入时间：2016-11-14 21:15:31
参数：再热器压损 id:176070 工况id：364460 设计值：0.235 写入时间：2016-11-14 21:15:31
参数：再热器压损 id:176070 工况id：364462 设计值：0.235 写入时间：2016-11-14 21:15:31
参数：再热器压损 id:176070 工况id：364464 设计值：0.235 写入时间：2016-11-14 21:15:31
参数：再热器压损 id:176070 工况id：364463 设计值：0.235 写入时间：2016-11-14 21:15:31
参数：再热器压损 id:176070 工况id：364456 设计值：0.235 写入时间：2016-11-14 21:15:31
参数：再热器压损 id:176070 工况id：364455 设计值：0.235 写入时间：2016-11-14 21:15:31
参数：再热器压损 id:176070 工况id：364457 设计值：0.235 写入时间：2016-11-14 21:15:31
参数：再热器压损 id:176070 工况id：364459 设计值：0.235 写入时间：2016-11-14 21:15:31
参数：再热器压损 id:176070 工况id：364458 设计值：0.235 写入时间：2016-11-14 21:15:32
参数：再热器压损 id:176070 工况id：364471 设计值：0.235 写入时间：2016-11-14 21:15:32
参数：再热器压损 id:176070 工况id：364470 设计值：0.235 写入时间：2016-11-14 21:15:32
参数：再热器压损 id:176070 工况id：364472 设计值：0.235 写入时间：2016-11-14 21:15:32
参数：再热器压损 id:176070 工况id：364474 设计值：0.235 写入时间：2016-11-14 21:15:32
参数：再热器压损 id:176070 工况id：364473 设计值：0.235 写入时间：2016-11-14 21:15:32
参数：再热器压损 id:176070 工况id：364466 设计值：0.235 写入时间：2016-11-14 21:15:32
参数：再热器压损 id:176070 工况id：364465 设计值：0.235 写入时间：2016-11-14 21:15:32
参数：再热器压损 id:176070 工况id：364467 设计值：0.235 写入时间：2016-11-14 21:15:32
参数：再热器压损 id:176070 工况id：364469 设计值：0.235 写入时间：2016-11-14 21:15:32
参数：再热器压损 id:176070 工况id：364468 设计值：0.235 写入时间：2016-11-14 21:15:32
参数：再热器压损 id:176070 工况id：364481 设计值：0.287 写入时间：2016-11-14 21:15:32
参数：再热器压损 id:176070 工况id：364480 设计值：0.287 写入时间：2016-11-14 21:15:32
参数：再热器压损 id:176070 工况id：364482 设计值：0.287 写入时间：2016-11-14 21:15:32
参数：再热器压损 id:176070 工况id：364484 设计值：0.287 写入时间：2016-11-14 21:15:32
参数：再热器压损 id:176070 工况id：364483 设计值：0.287 写入时间：2016-11-14 21:15:32
参数：再热器压损 id:176070 工况id：364476 设计值：0.287 写入时间：2016-11-14 21:15:32
参数：再热器压损 id:176070 工况id：364475 设计值：0.287 写入时间：2016-11-14 21:15:32
参数：再热器压损 id:176070 工况id：364477 设计值：0.287 写入时间：2016-11-14 21:15:32
参数：再热器压损 id:176070 工况id：364479 设计值：0.287 写入时间：2016-11-14 21:15:32
参数：再热器压损 id:176070 工况id：364478 设计值：0.287 写入时间：2016-11-14 21:15:32
参数：再热器压损 id:176070 工况id：364491 设计值：0.287 写入时间：2016-11-14 21:15:32
参数：再热器压损 id:176070 工况id：364490 设计值：0.287 写入时间：2016-11-14 21:15:32
参数：再热器压损 id:176070 工况id：364492 设计值：0.287 写入时间：2016-11-14 21:15:32
参数：再热器压损 id:176070 工况id：364494 设计值：0.287 写入时间：2016-11-14 21:15:32
参数：再热器压损 id:176070 工况id：364493 设计值：0.287 写入时间：2016-11-14 21:15:32
参数：再热器压损 id:176070 工况id：364486 设计值：0.287 写入时间：2016-11-14 21:15:32
参数：再热器压损 id:176070 工况id：364485 设计值：0.287 写入时间：2016-11-14 21:15:32
参数：再热器压损 id:176070 工况id：364487 设计值：0.287 写入时间：2016-11-14 21:15:32
参数：再热器压损 id:176070 工况id：364489 设计值：0.287 写入时间：2016-11-14 21:15:32
参数：再热器压损 id:176070 工况id：364488 设计值：0.287 写入时间：2016-11-14 21:15:32
参数：再热器压损 id:176070 工况id：364501 设计值：0.287 写入时间：2016-11-14 21:15:32
参数：再热器压损 id:176070 工况id：364500 设计值：0.287 写入时间：2016-11-14 21:15:32
参数：再热器压损 id:176070 工况id：364502 设计值：0.287 写入时间：2016-11-14 21:15:32
参数：再热器压损 id:176070 工况id：364504 设计值：0.287 写入时间：2016-11-14 21:15:32
参数：再热器压损 id:176070 工况id：364503 设计值：0.287 写入时间：2016-11-14 21:15:32
参数：再热器压损 id:176070 工况id：364496 设计值：0.287 写入时间：2016-11-14 21:15:32
参数：再热器压损 id:176070 工况id：364495 设计值：0.287 写入时间：2016-11-14 21:15:32
参数：再热器压损 id:176070 工况id：364497 设计值：0.287 写入时间：2016-11-14 21:15:32
参数：再热器压损 id:176070 工况id：364499 设计值：0.287 写入时间：2016-11-14 21:15:32
参数：再热器压损 id:176070 工况id：364498 设计值：0.287 写入时间：2016-11-14 21:15:32
参数：再热器压损 id:176070 工况id：364511 设计值：0.287 写入时间：2016-11-14 21:15:33
参数：再热器压损 id:176070 工况id：364510 设计值：0.287 写入时间：2016-11-14 21:15:33
参数：再热器压损 id:176070 工况id：364512 设计值：0.287 写入时间：2016-11-14 21:15:33
参数：再热器压损 id:176070 工况id：364514 设计值：0.287 写入时间：2016-11-14 21:15:33
参数：再热器压损 id:176070 工况id：364513 设计值：0.287 写入时间：2016-11-14 21:15:33
参数：再热器压损 id:176070 工况id：364506 设计值：0.287 写入时间：2016-11-14 21:15:33
参数：再热器压损 id:176070 工况id：364505 设计值：0.287 写入时间：2016-11-14 21:15:33
参数：再热器压损 id:176070 工况id：364507 设计值：0.287 写入时间：2016-11-14 21:15:33
参数：再热器压损 id:176070 工况id：364509 设计值：0.287 写入时间：2016-11-14 21:15:33
参数：再热器压损 id:176070 工况id：364508 设计值：0.287 写入时间：2016-11-14 21:15:33
参数：再热器压损 id:176070 工况id：364521 设计值：0.287 写入时间：2016-11-14 21:15:33
参数：再热器压损 id:176070 工况id：364520 设计值：0.287 写入时间：2016-11-14 21:15:33
参数：再热器压损 id:176070 工况id：364522 设计值：0.287 写入时间：2016-11-14 21:15:33
参数：再热器压损 id:176070 工况id：364524 设计值：0.287 写入时间：2016-11-14 21:15:33
参数：再热器压损 id:176070 工况id：364523 设计值：0.287 写入时间：2016-11-14 21:15:33
参数：再热器压损 id:176070 工况id：364516 设计值：0.287 写入时间：2016-11-14 21:15:33
参数：再热器压损 id:176070 工况id：364515 设计值：0.287 写入时间：2016-11-14 21:15:33
参数：再热器压损 id:176070 工况id：364517 设计值：0.287 写入时间：2016-11-14 21:15:33
参数：再热器压损 id:176070 工况id：364519 设计值：0.287 写入时间：2016-11-14 21:15:33
参数：再热器压损 id:176070 工况id：364518 设计值：0.287 写入时间：2016-11-14 21:15:33
参数：再热器压损 id:176070 工况id：364531 设计值：0.287 写入时间：2016-11-14 21:15:33
参数：再热器压损 id:176070 工况id：364530 设计值：0.287 写入时间：2016-11-14 21:15:33
参数：再热器压损 id:176070 工况id：364532 设计值：0.287 写入时间：2016-11-14 21:15:33
参数：再热器压损 id:176070 工况id：364534 设计值：0.287 写入时间：2016-11-14 21:15:33
参数：再热器压损 id:176070 工况id：364533 设计值：0.287 写入时间：2016-11-14 21:15:33
参数：再热器压损 id:176070 工况id：364526 设计值：0.287 写入时间：2016-11-14 21:15:33
参数：再热器压损 id:176070 工况id：364525 设计值：0.287 写入时间：2016-11-14 21:15:33
参数：再热器压损 id:176070 工况id：364527 设计值：0.287 写入时间：2016-11-14 21:15:33
参数：再热器压损 id:176070 工况id：364529 设计值：0.287 写入时间：2016-11-14 21:15:33
参数：再热器压损 id:176070 工况id：364528 设计值：0.287 写入时间：2016-11-14 21:15:33
参数：再热器压损 id:176070 工况id：364541 设计值：0.287 写入时间：2016-11-14 21:15:33
参数：再热器压损 id:176070 工况id：364540 设计值：0.287 写入时间：2016-11-14 21:15:33
参数：再热器压损 id:176070 工况id：364542 设计值：0.287 写入时间：2016-11-14 21:15:33
参数：再热器压损 id:176070 工况id：364544 设计值：0.287 写入时间：2016-11-14 21:15:34
参数：再热器压损 id:176070 工况id：364543 设计值：0.287 写入时间：2016-11-14 21:15:34
参数：再热器压损 id:176070 工况id：364536 设计值：0.287 写入时间：2016-11-14 21:15:34
参数：再热器压损 id:176070 工况id：364535 设计值：0.287 写入时间：2016-11-14 21:15:34
参数：再热器压损 id:176070 工况id：364537 设计值：0.287 写入时间：2016-11-14 21:15:34
参数：再热器压损 id:176070 工况id：364539 设计值：0.287 写入时间：2016-11-14 21:15:34
参数：再热器压损 id:176070 工况id：364538 设计值：0.287 写入时间：2016-11-14 21:15:34
参数：再热器压损 id:176070 工况id：364551 设计值：0.287 写入时间：2016-11-14 21:15:34
参数：再热器压损 id:176070 工况id：364550 设计值：0.287 写入时间：2016-11-14 21:15:34
参数：再热器压损 id:176070 工况id：364552 设计值：0.287 写入时间：2016-11-14 21:15:34
参数：再热器压损 id:176070 工况id：364554 设计值：0.287 写入时间：2016-11-14 21:15:34
参数：再热器压损 id:176070 工况id：364553 设计值：0.287 写入时间：2016-11-14 21:15:34
参数：再热器压损 id:176070 工况id：364546 设计值：0.287 写入时间：2016-11-14 21:15:34
参数：再热器压损 id:176070 工况id：364545 设计值：0.287 写入时间：2016-11-14 21:15:34
参数：再热器压损 id:176070 工况id：364547 设计值：0.287 写入时间：2016-11-14 21:15:34
参数：再热器压损 id:176070 工况id：364549 设计值：0.287 写入时间：2016-11-14 21:15:34
参数：再热器压损 id:176070 工况id：364548 设计值：0.287 写入时间：2016-11-14 21:15:34
参数：再热器压损 id:176070 工况id：364561 设计值：0.287 写入时间：2016-11-14 21:15:34
参数：再热器压损 id:176070 工况id：364560 设计值：0.287 写入时间：2016-11-14 21:15:34
参数：再热器压损 id:176070 工况id：364562 设计值：0.287 写入时间：2016-11-14 21:15:34
参数：再热器压损 id:176070 工况id：364564 设计值：0.287 写入时间：2016-11-14 21:15:34
参数：再热器压损 id:176070 工况id：364563 设计值：0.287 写入时间：2016-11-14 21:15:34
参数：再热器压损 id:176070 工况id：364556 设计值：0.287 写入时间：2016-11-14 21:15:34
参数：再热器压损 id:176070 工况id：364555 设计值：0.287 写入时间：2016-11-14 21:15:34
参数：再热器压损 id:176070 工况id：364557 设计值：0.287 写入时间：2016-11-14 21:15:34
参数：再热器压损 id:176070 工况id：364559 设计值：0.287 写入时间：2016-11-14 21:15:34
参数：再热器压损 id:176070 工况id：364558 设计值：0.287 写入时间：2016-11-14 21:15:34
参数：再热器压损 id:176070 工况id：364571 设计值：0.287 写入时间：2016-11-14 21:15:34
参数：再热器压损 id:176070 工况id：364570 设计值：0.287 写入时间：2016-11-14 21:15:34
参数：再热器压损 id:176070 工况id：364572 设计值：0.287 写入时间：2016-11-14 21:15:34
参数：再热器压损 id:176070 工况id：364574 设计值：0.287 写入时间：2016-11-14 21:15:34
参数：再热器压损 id:176070 工况id：364573 设计值：0.287 写入时间：2016-11-14 21:15:34
参数：再热器压损 id:176070 工况id：364566 设计值：0.287 写入时间：2016-11-14 21:15:34
参数：再热器压损 id:176070 工况id：364565 设计值：0.287 写入时间：2016-11-14 21:15:34
参数：再热器压损 id:176070 工况id：364567 设计值：0.287 写入时间：2016-11-14 21:15:34
参数：再热器压损 id:176070 工况id：364569 设计值：0.287 写入时间：2016-11-14 21:15:34
参数：再热器压损 id:176070 工况id：364568 设计值：0.287 写入时间：2016-11-14 21:15:34
参数：再热器压损 id:176070 工况id：364581 设计值：0.419 写入时间：2016-11-14 21:15:34
参数：再热器压损 id:176070 工况id：364580 设计值：0.419 写入时间：2016-11-14 21:15:34
参数：再热器压损 id:176070 工况id：364582 设计值：0.419 写入时间：2016-11-14 21:15:34
参数：再热器压损 id:176070 工况id：364584 设计值：0.419 写入时间：2016-11-14 21:15:34
参数：再热器压损 id:176070 工况id：364583 设计值：0.419 写入时间：2016-11-14 21:15:34
参数：再热器压损 id:176070 工况id：364576 设计值：0.419 写入时间：2016-11-14 21:15:34
参数：再热器压损 id:176070 工况id：364575 设计值：0.419 写入时间：2016-11-14 21:15:34
参数：再热器压损 id:176070 工况id：364577 设计值：0.419 写入时间：2016-11-14 21:15:34
参数：再热器压损 id:176070 工况id：364579 设计值：0.419 写入时间：2016-11-14 21:15:34
参数：再热器压损 id:176070 工况id：364578 设计值：0.419 写入时间：2016-11-14 21:15:35
参数：再热器压损 id:176070 工况id：364591 设计值：0.419 写入时间：2016-11-14 21:15:35
参数：再热器压损 id:176070 工况id：364590 设计值：0.419 写入时间：2016-11-14 21:15:35
参数：再热器压损 id:176070 工况id：364592 设计值：0.419 写入时间：2016-11-14 21:15:35
参数：再热器压损 id:176070 工况id：364594 设计值：0.419 写入时间：2016-11-14 21:15:35
参数：再热器压损 id:176070 工况id：364593 设计值：0.419 写入时间：2016-11-14 21:15:35
参数：再热器压损 id:176070 工况id：364586 设计值：0.419 写入时间：2016-11-14 21:15:35
参数：再热器压损 id:176070 工况id：364585 设计值：0.419 写入时间：2016-11-14 21:15:35
参数：再热器压损 id:176070 工况id：364587 设计值：0.419 写入时间：2016-11-14 21:15:35
参数：再热器压损 id:176070 工况id：364589 设计值：0.419 写入时间：2016-11-14 21:15:35
参数：再热器压损 id:176070 工况id：364588 设计值：0.419 写入时间：2016-11-14 21:15:35
参数：再热器压损 id:176070 工况id：364601 设计值：0.419 写入时间：2016-11-14 21:15:35
参数：再热器压损 id:176070 工况id：364600 设计值：0.419 写入时间：2016-11-14 21:15:35
参数：再热器压损 id:176070 工况id：364602 设计值：0.419 写入时间：2016-11-14 21:15:35
参数：再热器压损 id:176070 工况id：364604 设计值：0.419 写入时间：2016-11-14 21:15:35
参数：再热器压损 id:176070 工况id：364603 设计值：0.419 写入时间：2016-11-14 21:15:35
参数：再热器压损 id:176070 工况id：364596 设计值：0.419 写入时间：2016-11-14 21:15:35
参数：再热器压损 id:176070 工况id：364595 设计值：0.419 写入时间：2016-11-14 21:15:35
参数：再热器压损 id:176070 工况id：364597 设计值：0.419 写入时间：2016-11-14 21:15:35
参数：再热器压损 id:176070 工况id：364599 设计值：0.419 写入时间：2016-11-14 21:15:35
参数：再热器压损 id:176070 工况id：364598 设计值：0.419 写入时间：2016-11-14 21:15:35
参数：再热器压损 id:176070 工况id：364611 设计值：0.419 写入时间：2016-11-14 21:15:35
参数：再热器压损 id:176070 工况id：364610 设计值：0.419 写入时间：2016-11-14 21:15:35
参数：再热器压损 id:176070 工况id：364612 设计值：0.419 写入时间：2016-11-14 21:15:35
参数：再热器压损 id:176070 工况id：364614 设计值：0.419 写入时间：2016-11-14 21:15:35
参数：再热器压损 id:176070 工况id：364613 设计值：0.419 写入时间：2016-11-14 21:15:35
参数：再热器压损 id:176070 工况id：364606 设计值：0.419 写入时间：2016-11-14 21:15:35
参数：再热器压损 id:176070 工况id：364605 设计值：0.419 写入时间：2016-11-14 21:15:35
参数：再热器压损 id:176070 工况id：364607 设计值：0.419 写入时间：2016-11-14 21:15:35
参数：再热器压损 id:176070 工况id：364609 设计值：0.419 写入时间：2016-11-14 21:15:35
参数：再热器压损 id:176070 工况id：364608 设计值：0.419 写入时间：2016-11-14 21:15:35
参数：再热器压损 id:176070 工况id：364621 设计值：0.419 写入时间：2016-11-14 21:15:35
参数：再热器压损 id:176070 工况id：364620 设计值：0.419 写入时间：2016-11-14 21:15:35
参数：再热器压损 id:176070 工况id：364622 设计值：0.419 写入时间：2016-11-14 21:15:35
参数：再热器压损 id:176070 工况id：364624 设计值：0.419 写入时间：2016-11-14 21:15:35
参数：再热器压损 id:176070 工况id：364623 设计值：0.419 写入时间：2016-11-14 21:15:35
参数：再热器压损 id:176070 工况id：364616 设计值：0.419 写入时间：2016-11-14 21:15:35
参数：再热器压损 id:176070 工况id：364615 设计值：0.419 写入时间：2016-11-14 21:15:35
参数：再热器压损 id:176070 工况id：364617 设计值：0.419 写入时间：2016-11-14 21:15:35
参数：再热器压损 id:176070 工况id：364619 设计值：0.419 写入时间：2016-11-14 21:15:35
参数：再热器压损 id:176070 工况id：364618 设计值：0.419 写入时间：2016-11-14 21:15:35
参数：再热器压损 id:176070 工况id：364631 设计值：0.419 写入时间：2016-11-14 21:15:35
参数：再热器压损 id:176070 工况id：364630 设计值：0.419 写入时间：2016-11-14 21:15:35
参数：再热器压损 id:176070 工况id：364632 设计值：0.419 写入时间：2016-11-14 21:15:35
参数：再热器压损 id:176070 工况id：364634 设计值：0.419 写入时间：2016-11-14 21:15:35
参数：再热器压损 id:176070 工况id：364633 设计值：0.419 写入时间：2016-11-14 21:15:35
参数：再热器压损 id:176070 工况id：364626 设计值：0.419 写入时间：2016-11-14 21:15:36
参数：再热器压损 id:176070 工况id：364625 设计值：0.419 写入时间：2016-11-14 21:15:36
参数：再热器压损 id:176070 工况id：364627 设计值：0.419 写入时间：2016-11-14 21:15:36
参数：再热器压损 id:176070 工况id：364629 设计值：0.419 写入时间：2016-11-14 21:15:36
参数：再热器压损 id:176070 工况id：364628 设计值：0.419 写入时间：2016-11-14 21:15:36
参数：再热器压损 id:176070 工况id：364641 设计值：0.419 写入时间：2016-11-14 21:15:36
参数：再热器压损 id:176070 工况id：364640 设计值：0.419 写入时间：2016-11-14 21:15:36
参数：再热器压损 id:176070 工况id：364642 设计值：0.419 写入时间：2016-11-14 21:15:36
参数：再热器压损 id:176070 工况id：364644 设计值：0.419 写入时间：2016-11-14 21:15:36
参数：再热器压损 id:176070 工况id：364643 设计值：0.419 写入时间：2016-11-14 21:15:36
参数：再热器压损 id:176070 工况id：364636 设计值：0.419 写入时间：2016-11-14 21:15:36
参数：再热器压损 id:176070 工况id：364635 设计值：0.419 写入时间：2016-11-14 21:15:36
参数：再热器压损 id:176070 工况id：364637 设计值：0.419 写入时间：2016-11-14 21:15:36
参数：再热器压损 id:176070 工况id：364639 设计值：0.419 写入时间：2016-11-14 21:15:36
参数：再热器压损 id:176070 工况id：364638 设计值：0.419 写入时间：2016-11-14 21:15:36
参数：再热器压损 id:176070 工况id：364651 设计值：0.419 写入时间：2016-11-14 21:15:36
参数：再热器压损 id:176070 工况id：364650 设计值：0.419 写入时间：2016-11-14 21:15:36
参数：再热器压损 id:176070 工况id：364652 设计值：0.419 写入时间：2016-11-14 21:15:36
参数：再热器压损 id:176070 工况id：364654 设计值：0.419 写入时间：2016-11-14 21:15:36
参数：再热器压损 id:176070 工况id：364653 设计值：0.419 写入时间：2016-11-14 21:15:36
参数：再热器压损 id:176070 工况id：364646 设计值：0.419 写入时间：2016-11-14 21:15:36
参数：再热器压损 id:176070 工况id：364645 设计值：0.419 写入时间：2016-11-14 21:15:36
参数：再热器压损 id:176070 工况id：364647 设计值：0.419 写入时间：2016-11-14 21:15:36
参数：再热器压损 id:176070 工况id：364649 设计值：0.419 写入时间：2016-11-14 21:15:36
参数：再热器压损 id:176070 工况id：364648 设计值：0.419 写入时间：2016-11-14 21:15:36
参数：再热器压损 id:176070 工况id：364661 设计值：0.419 写入时间：2016-11-14 21:15:36
参数：再热器压损 id:176070 工况id：364660 设计值：0.419 写入时间：2016-11-14 21:15:36
参数：再热器压损 id:176070 工况id：364662 设计值：0.419 写入时间：2016-11-14 21:15:36
参数：再热器压损 id:176070 工况id：364664 设计值：0.419 写入时间：2016-11-14 21:15:36
参数：再热器压损 id:176070 工况id：364663 设计值：0.419 写入时间：2016-11-14 21:15:36
参数：再热器压损 id:176070 工况id：364656 设计值：0.419 写入时间：2016-11-14 21:15:36
参数：再热器压损 id:176070 工况id：364655 设计值：0.419 写入时间：2016-11-14 21:15:36
参数：再热器压损 id:176070 工况id：364657 设计值：0.419 写入时间：2016-11-14 21:15:36
参数：再热器压损 id:176070 工况id：364659 设计值：0.419 写入时间：2016-11-14 21:15:36
参数：再热器压损 id:176070 工况id：364658 设计值：0.419 写入时间：2016-11-14 21:15:36
参数：再热器压损 id:176070 工况id：364671 设计值：0.419 写入时间：2016-11-14 21:15:36
参数：再热器压损 id:176070 工况id：364670 设计值：0.419 写入时间：2016-11-14 21:15:36
参数：再热器压损 id:176070 工况id：364672 设计值：0.419 写入时间：2016-11-14 21:15:36
参数：再热器压损 id:176070 工况id：364674 设计值：0.419 写入时间：2016-11-14 21:15:36
参数：再热器压损 id:176070 工况id：364673 设计值：0.419 写入时间：2016-11-14 21:15:36
参数：再热器压损 id:176070 工况id：364666 设计值：0.419 写入时间：2016-11-14 21:15:36
参数：再热器压损 id:176070 工况id：364665 设计值：0.419 写入时间：2016-11-14 21:15:36
参数：再热器压损 id:176070 工况id：364667 设计值：0.419 写入时间：2016-11-14 21:15:36
参数：再热器压损 id:176070 工况id：364669 设计值：0.419 写入时间：2016-11-14 21:15:36
参数：再热器压损 id:176070 工况id：364668 设计值：0.419 写入时间：2016-11-14 21:15:36
参数：再热器压损 id:176070 工况id：364681 设计值：0.555 写入时间：2016-11-14 21:15:36
参数：再热器压损 id:176070 工况id：364680 设计值：0.555 写入时间：2016-11-14 21:15:36
参数：再热器压损 id:176070 工况id：364682 设计值：0.555 写入时间：2016-11-14 21:15:37
参数：再热器压损 id:176070 工况id：364684 设计值：0.555 写入时间：2016-11-14 21:15:37
参数：再热器压损 id:176070 工况id：364683 设计值：0.555 写入时间：2016-11-14 21:15:37
参数：再热器压损 id:176070 工况id：364676 设计值：0.555 写入时间：2016-11-14 21:15:37
参数：再热器压损 id:176070 工况id：364675 设计值：0.555 写入时间：2016-11-14 21:15:37
参数：再热器压损 id:176070 工况id：364677 设计值：0.555 写入时间：2016-11-14 21:15:37
参数：再热器压损 id:176070 工况id：364679 设计值：0.555 写入时间：2016-11-14 21:15:37
参数：再热器压损 id:176070 工况id：364678 设计值：0.555 写入时间：2016-11-14 21:15:37
